INFO: [VRFC 10-2263] Analyzing Verilog file "E:/Project/xk265/hevc_encoder_system/hevc_encoder_system.ip_user_files/bd/fdma_mig_ddr/ipshared/4624/uiFDMA.v" into library xil_defaultlib
INFO: [VRFC 10-311] analyzing module uiFDMA
INFO: [VRFC 10-2263] Analyzing Verilog file "E:/Project/xk265/hevc_encoder_system/hevc_encoder_system.ip_user_files/bd/fdma_mig_ddr/ip/fdma_mig_ddr_uiFDMA_0_0/sim/fdma_mig_ddr_uiFDMA_0_0.v" into library xil_defaultlib
INFO: [VRFC 10-311] analyzing module fdma_mig_ddr_uiFDMA_0_0
INFO: [VRFC 10-2263] Analyzing Verilog file "E:/Project/xk265/hevc_encoder_system/hevc_encoder_system.ip_user_files/bd/fdma_mig_ddr/ip/fdma_mig_ddr_mig_7series_0_1/fdma_mig_ddr_mig_7series_0_1/user_design/rtl/axi/mig_7series_v4_2_axi_ctrl_addr_decode.v" into library xil_defaultlib
INFO: [VRFC 10-311] analyzing module mig_7series_v4_2_axi_ctrl_addr_decode
INFO: [VRFC 10-2263] Analyzing Verilog file "E:/Project/xk265/hevc_encoder_system/hevc_encoder_system.ip_user_files/bd/fdma_mig_ddr/ip/fdma_mig_ddr_mig_7series_0_1/fdma_mig_ddr_mig_7series_0_1/user_design/rtl/axi/mig_7series_v4_2_axi_ctrl_read.v" into library xil_defaultlib
INFO: [VRFC 10-311] analyzing module mig_7series_v4_2_axi_ctrl_read
INFO: [VRFC 10-2263] Analyzing Verilog file "E:/Project/xk265/hevc_encoder_system/hevc_encoder_system.ip_user_files/bd/fdma_mig_ddr/ip/fdma_mig_ddr_mig_7series_0_1/fdma_mig_ddr_mig_7series_0_1/user_design/rtl/axi/mig_7series_v4_2_axi_ctrl_reg.v" into library xil_defaultlib
INFO: [VRFC 10-311] analyzing module mig_7series_v4_2_axi_ctrl_reg
INFO: [VRFC 10-2263] Analyzing Verilog file "E:/Project/xk265/hevc_encoder_system/hevc_encoder_system.ip_user_files/bd/fdma_mig_ddr/ip/fdma_mig_ddr_mig_7series_0_1/fdma_mig_ddr_mig_7series_0_1/user_design/rtl/axi/mig_7series_v4_2_axi_ctrl_reg_bank.v" into library xil_defaultlib
INFO: [VRFC 10-311] analyzing module mig_7series_v4_2_axi_ctrl_reg_bank
INFO: [VRFC 10-2263] Analyzing Verilog file "E:/Project/xk265/hevc_encoder_system/hevc_encoder_system.ip_user_files/bd/fdma_mig_ddr/ip/fdma_mig_ddr_mig_7series_0_1/fdma_mig_ddr_mig_7series_0_1/user_design/rtl/axi/mig_7series_v4_2_axi_ctrl_top.v" into library xil_defaultlib
INFO: [VRFC 10-311] analyzing module mig_7series_v4_2_axi_ctrl_top
INFO: [VRFC 10-2263] Analyzing Verilog file "E:/Project/xk265/hevc_encoder_system/hevc_encoder_system.ip_user_files/bd/fdma_mig_ddr/ip/fdma_mig_ddr_mig_7series_0_1/fdma_mig_ddr_mig_7series_0_1/user_design/rtl/axi/mig_7series_v4_2_axi_ctrl_write.v" into library xil_defaultlib
INFO: [VRFC 10-311] analyzing module mig_7series_v4_2_axi_ctrl_write
INFO: [VRFC 10-2263] Analyzing Verilog file "E:/Project/xk265/hevc_encoder_system/hevc_encoder_system.ip_user_files/bd/fdma_mig_ddr/ip/fdma_mig_ddr_mig_7series_0_1/fdma_mig_ddr_mig_7series_0_1/user_design/rtl/axi/mig_7series_v4_2_axi_mc.v" into library xil_defaultlib
INFO: [VRFC 10-311] analyzing module mig_7series_v4_2_axi_mc
INFO: [VRFC 10-2263] Analyzing Verilog file "E:/Project/xk265/hevc_encoder_system/hevc_encoder_system.ip_user_files/bd/fdma_mig_ddr/ip/fdma_mig_ddr_mig_7series_0_1/fdma_mig_ddr_mig_7series_0_1/user_design/rtl/axi/mig_7series_v4_2_axi_mc_ar_channel.v" into library xil_defaultlib
INFO: [VRFC 10-311] analyzing module mig_7series_v4_2_axi_mc_ar_channel
INFO: [VRFC 10-2263] Analyzing Verilog file "E:/Project/xk265/hevc_encoder_system/hevc_encoder_system.ip_user_files/bd/fdma_mig_ddr/ip/fdma_mig_ddr_mig_7series_0_1/fdma_mig_ddr_mig_7series_0_1/user_design/rtl/axi/mig_7series_v4_2_axi_mc_aw_channel.v" into library xil_defaultlib
INFO: [VRFC 10-311] analyzing module mig_7series_v4_2_axi_mc_aw_channel
INFO: [VRFC 10-2263] Analyzing Verilog file "E:/Project/xk265/hevc_encoder_system/hevc_encoder_system.ip_user_files/bd/fdma_mig_ddr/ip/fdma_mig_ddr_mig_7series_0_1/fdma_mig_ddr_mig_7series_0_1/user_design/rtl/axi/mig_7series_v4_2_axi_mc_b_channel.v" into library xil_defaultlib
INFO: [VRFC 10-311] analyzing module mig_7series_v4_2_axi_mc_b_channel
INFO: [VRFC 10-2263] Analyzing Verilog file "E:/Project/xk265/hevc_encoder_system/hevc_encoder_system.ip_user_files/bd/fdma_mig_ddr/ip/fdma_mig_ddr_mig_7series_0_1/fdma_mig_ddr_mig_7series_0_1/user_design/rtl/axi/mig_7series_v4_2_axi_mc_cmd_arbiter.v" into library xil_defaultlib
INFO: [VRFC 10-311] analyzing module mig_7series_v4_2_axi_mc_cmd_arbiter
INFO: [VRFC 10-2263] Analyzing Verilog file "E:/Project/xk265/hevc_encoder_system/hevc_encoder_system.ip_user_files/bd/fdma_mig_ddr/ip/fdma_mig_ddr_mig_7series_0_1/fdma_mig_ddr_mig_7series_0_1/user_design/rtl/axi/mig_7series_v4_2_axi_mc_cmd_fsm.v" into library xil_defaultlib
INFO: [VRFC 10-311] analyzing module mig_7series_v4_2_axi_mc_cmd_fsm
INFO: [VRFC 10-2263] Analyzing Verilog file "E:/Project/xk265/hevc_encoder_system/hevc_encoder_system.ip_user_files/bd/fdma_mig_ddr/ip/fdma_mig_ddr_mig_7series_0_1/fdma_mig_ddr_mig_7series_0_1/user_design/rtl/axi/mig_7series_v4_2_axi_mc_cmd_translator.v" into library xil_defaultlib
INFO: [VRFC 10-311] analyzing module mig_7series_v4_2_axi_mc_cmd_translator
INFO: [VRFC 10-2263] Analyzing Verilog file "E:/Project/xk265/hevc_encoder_system/hevc_encoder_system.ip_user_files/bd/fdma_mig_ddr/ip/fdma_mig_ddr_mig_7series_0_1/fdma_mig_ddr_mig_7series_0_1/user_design/rtl/axi/mig_7series_v4_2_axi_mc_fifo.v" into library xil_defaultlib
INFO: [VRFC 10-311] analyzing module mig_7series_v4_2_axi_mc_fifo
INFO: [VRFC 10-2263] Analyzing Verilog file "E:/Project/xk265/hevc_encoder_system/hevc_encoder_system.ip_user_files/bd/fdma_mig_ddr/ip/fdma_mig_ddr_mig_7series_0_1/fdma_mig_ddr_mig_7series_0_1/user_design/rtl/axi/mig_7series_v4_2_axi_mc_incr_cmd.v" into library xil_defaultlib
INFO: [VRFC 10-311] analyzing module mig_7series_v4_2_axi_mc_incr_cmd
INFO: [VRFC 10-2263] Analyzing Verilog file "E:/Project/xk265/hevc_encoder_system/hevc_encoder_system.ip_user_files/bd/fdma_mig_ddr/ip/fdma_mig_ddr_mig_7series_0_1/fdma_mig_ddr_mig_7series_0_1/user_design/rtl/axi/mig_7series_v4_2_axi_mc_r_channel.v" into library xil_defaultlib
INFO: [VRFC 10-311] analyzing module mig_7series_v4_2_axi_mc_r_channel
INFO: [VRFC 10-2263] Analyzing Verilog file "E:/Project/xk265/hevc_encoder_system/hevc_encoder_system.ip_user_files/bd/fdma_mig_ddr/ip/fdma_mig_ddr_mig_7series_0_1/fdma_mig_ddr_mig_7series_0_1/user_design/rtl/axi/mig_7series_v4_2_axi_mc_simple_fifo.v" into library xil_defaultlib
INFO: [VRFC 10-311] analyzing module mig_7series_v4_2_axi_mc_simple_fifo
INFO: [VRFC 10-2263] Analyzing Verilog file "E:/Project/xk265/hevc_encoder_system/hevc_encoder_system.ip_user_files/bd/fdma_mig_ddr/ip/fdma_mig_ddr_mig_7series_0_1/fdma_mig_ddr_mig_7series_0_1/user_design/rtl/axi/mig_7series_v4_2_axi_mc_wrap_cmd.v" into library xil_defaultlib
INFO: [VRFC 10-311] analyzing module mig_7series_v4_2_axi_mc_wrap_cmd
INFO: [VRFC 10-2263] Analyzing Verilog file "E:/Project/xk265/hevc_encoder_system/hevc_encoder_system.ip_user_files/bd/fdma_mig_ddr/ip/fdma_mig_ddr_mig_7series_0_1/fdma_mig_ddr_mig_7series_0_1/user_design/rtl/axi/mig_7series_v4_2_axi_mc_wr_cmd_fsm.v" into library xil_defaultlib
INFO: [VRFC 10-311] analyzing module mig_7series_v4_2_axi_mc_wr_cmd_fsm
INFO: [VRFC 10-2263] Analyzing Verilog file "E:/Project/xk265/hevc_encoder_system/hevc_encoder_system.ip_user_files/bd/fdma_mig_ddr/ip/fdma_mig_ddr_mig_7series_0_1/fdma_mig_ddr_mig_7series_0_1/user_design/rtl/axi/mig_7series_v4_2_axi_mc_w_channel.v" into library xil_defaultlib
INFO: [VRFC 10-311] analyzing module mig_7series_v4_2_axi_mc_w_channel
INFO: [VRFC 10-2263] Analyzing Verilog file "E:/Project/xk265/hevc_encoder_system/hevc_encoder_system.ip_user_files/bd/fdma_mig_ddr/ip/fdma_mig_ddr_mig_7series_0_1/fdma_mig_ddr_mig_7series_0_1/user_design/rtl/axi/mig_7series_v4_2_ddr_axic_register_slice.v" into library xil_defaultlib
INFO: [VRFC 10-311] analyzing module mig_7series_v4_2_ddr_axic_register_slice
INFO: [VRFC 10-2263] Analyzing Verilog file "E:/Project/xk265/hevc_encoder_system/hevc_encoder_system.ip_user_files/bd/fdma_mig_ddr/ip/fdma_mig_ddr_mig_7series_0_1/fdma_mig_ddr_mig_7series_0_1/user_design/rtl/axi/mig_7series_v4_2_ddr_axi_register_slice.v" into library xil_defaultlib
INFO: [VRFC 10-311] analyzing module mig_7series_v4_2_ddr_axi_register_slice
INFO: [VRFC 10-2263] Analyzing Verilog file "E:/Project/xk265/hevc_encoder_system/hevc_encoder_system.ip_user_files/bd/fdma_mig_ddr/ip/fdma_mig_ddr_mig_7series_0_1/fdma_mig_ddr_mig_7series_0_1/user_design/rtl/axi/mig_7series_v4_2_ddr_axi_upsizer.v" into library xil_defaultlib
INFO: [VRFC 10-311] analyzing module mig_7series_v4_2_ddr_axi_upsizer
INFO: [VRFC 10-2263] Analyzing Verilog file "E:/Project/xk265/hevc_encoder_system/hevc_encoder_system.ip_user_files/bd/fdma_mig_ddr/ip/fdma_mig_ddr_mig_7series_0_1/fdma_mig_ddr_mig_7series_0_1/user_design/rtl/axi/mig_7series_v4_2_ddr_a_upsizer.v" into library xil_defaultlib
INFO: [VRFC 10-311] analyzing module mig_7series_v4_2_ddr_a_upsizer
INFO: [VRFC 10-2263] Analyzing Verilog file "E:/Project/xk265/hevc_encoder_system/hevc_encoder_system.ip_user_files/bd/fdma_mig_ddr/ip/fdma_mig_ddr_mig_7series_0_1/fdma_mig_ddr_mig_7series_0_1/user_design/rtl/axi/mig_7series_v4_2_ddr_carry_and.v" into library xil_defaultlib
INFO: [VRFC 10-311] analyzing module mig_7series_v4_2_ddr_carry_and
INFO: [VRFC 10-2263] Analyzing Verilog file "E:/Project/xk265/hevc_encoder_system/hevc_encoder_system.ip_user_files/bd/fdma_mig_ddr/ip/fdma_mig_ddr_mig_7series_0_1/fdma_mig_ddr_mig_7series_0_1/user_design/rtl/axi/mig_7series_v4_2_ddr_carry_latch_and.v" into library xil_defaultlib
INFO: [VRFC 10-311] analyzing module mig_7series_v4_2_ddr_carry_latch_and
INFO: [VRFC 10-2263] Analyzing Verilog file "E:/Project/xk265/hevc_encoder_system/hevc_encoder_system.ip_user_files/bd/fdma_mig_ddr/ip/fdma_mig_ddr_mig_7series_0_1/fdma_mig_ddr_mig_7series_0_1/user_design/rtl/axi/mig_7series_v4_2_ddr_carry_latch_or.v" into library xil_defaultlib
INFO: [VRFC 10-311] analyzing module mig_7series_v4_2_ddr_carry_latch_or
INFO: [VRFC 10-2263] Analyzing Verilog file "E:/Project/xk265/hevc_encoder_system/hevc_encoder_system.ip_user_files/bd/fdma_mig_ddr/ip/fdma_mig_ddr_mig_7series_0_1/fdma_mig_ddr_mig_7series_0_1/user_design/rtl/axi/mig_7series_v4_2_ddr_carry_or.v" into library xil_defaultlib
INFO: [VRFC 10-311] analyzing module mig_7series_v4_2_ddr_carry_or
INFO: [VRFC 10-2263] Analyzing Verilog file "E:/Project/xk265/hevc_encoder_system/hevc_encoder_system.ip_user_files/bd/fdma_mig_ddr/ip/fdma_mig_ddr_mig_7series_0_1/fdma_mig_ddr_mig_7series_0_1/user_design/rtl/axi/mig_7series_v4_2_ddr_command_fifo.v" into library xil_defaultlib
INFO: [VRFC 10-311] analyzing module mig_7series_v4_2_ddr_command_fifo
INFO: [VRFC 10-2263] Analyzing Verilog file "E:/Project/xk265/hevc_encoder_system/hevc_encoder_system.ip_user_files/bd/fdma_mig_ddr/ip/fdma_mig_ddr_mig_7series_0_1/fdma_mig_ddr_mig_7series_0_1/user_design/rtl/axi/mig_7series_v4_2_ddr_comparator.v" into library xil_defaultlib
INFO: [VRFC 10-311] analyzing module mig_7series_v4_2_ddr_comparator
INFO: [VRFC 10-2263] Analyzing Verilog file "E:/Project/xk265/hevc_encoder_system/hevc_encoder_system.ip_user_files/bd/fdma_mig_ddr/ip/fdma_mig_ddr_mig_7series_0_1/fdma_mig_ddr_mig_7series_0_1/user_design/rtl/axi/mig_7series_v4_2_ddr_comparator_sel.v" into library xil_defaultlib
INFO: [VRFC 10-311] analyzing module mig_7series_v4_2_ddr_comparator_sel
INFO: [VRFC 10-2263] Analyzing Verilog file "E:/Project/xk265/hevc_encoder_system/hevc_encoder_system.ip_user_files/bd/fdma_mig_ddr/ip/fdma_mig_ddr_mig_7series_0_1/fdma_mig_ddr_mig_7series_0_1/user_design/rtl/axi/mig_7series_v4_2_ddr_comparator_sel_static.v" into library xil_defaultlib
INFO: [VRFC 10-311] analyzing module mig_7series_v4_2_ddr_comparator_sel_static
INFO: [VRFC 10-2263] Analyzing Verilog file "E:/Project/xk265/hevc_encoder_system/hevc_encoder_system.ip_user_files/bd/fdma_mig_ddr/ip/fdma_mig_ddr_mig_7series_0_1/fdma_mig_ddr_mig_7series_0_1/user_design/rtl/axi/mig_7series_v4_2_ddr_r_upsizer.v" into library xil_defaultlib
INFO: [VRFC 10-311] analyzing module mig_7series_v4_2_ddr_r_upsizer
INFO: [VRFC 10-2263] Analyzing Verilog file "E:/Project/xk265/hevc_encoder_system/hevc_encoder_system.ip_user_files/bd/fdma_mig_ddr/ip/fdma_mig_ddr_mig_7series_0_1/fdma_mig_ddr_mig_7series_0_1/user_design/rtl/axi/mig_7series_v4_2_ddr_w_upsizer.v" into library xil_defaultlib
INFO: [VRFC 10-311] analyzing module mig_7series_v4_2_ddr_w_upsizer
INFO: [VRFC 10-2263] Analyzing Verilog file "E:/Project/xk265/hevc_encoder_system/hevc_encoder_system.ip_user_files/bd/fdma_mig_ddr/ip/fdma_mig_ddr_mig_7series_0_1/fdma_mig_ddr_mig_7series_0_1/user_design/rtl/clocking/mig_7series_v4_2_clk_ibuf.v" into library xil_defaultlib
INFO: [VRFC 10-311] analyzing module mig_7series_v4_2_clk_ibuf
INFO: [VRFC 10-2263] Analyzing Verilog file "E:/Project/xk265/hevc_encoder_system/hevc_encoder_system.ip_user_files/bd/fdma_mig_ddr/ip/fdma_mig_ddr_mig_7series_0_1/fdma_mig_ddr_mig_7series_0_1/user_design/rtl/clocking/mig_7series_v4_2_infrastructure.v" into library xil_defaultlib
INFO: [VRFC 10-311] analyzing module mig_7series_v4_2_infrastructure
INFO: [VRFC 10-2263] Analyzing Verilog file "E:/Project/xk265/hevc_encoder_system/hevc_encoder_system.ip_user_files/bd/fdma_mig_ddr/ip/fdma_mig_ddr_mig_7series_0_1/fdma_mig_ddr_mig_7series_0_1/user_design/rtl/clocking/mig_7series_v4_2_iodelay_ctrl.v" into library xil_defaultlib
INFO: [VRFC 10-311] analyzing module mig_7series_v4_2_iodelay_ctrl
INFO: [VRFC 10-2263] Analyzing Verilog file "E:/Project/xk265/hevc_encoder_system/hevc_encoder_system.ip_user_files/bd/fdma_mig_ddr/ip/fdma_mig_ddr_mig_7series_0_1/fdma_mig_ddr_mig_7series_0_1/user_design/rtl/clocking/mig_7series_v4_2_tempmon.v" into library xil_defaultlib
INFO: [VRFC 10-311] analyzing module mig_7series_v4_2_tempmon
INFO: [VRFC 10-2263] Analyzing Verilog file "E:/Project/xk265/hevc_encoder_system/hevc_encoder_system.ip_user_files/bd/fdma_mig_ddr/ip/fdma_mig_ddr_mig_7series_0_1/fdma_mig_ddr_mig_7series_0_1/user_design/rtl/controller/mig_7series_v4_2_arb_mux.v" into library xil_defaultlib
INFO: [VRFC 10-311] analyzing module mig_7series_v4_2_arb_mux
INFO: [VRFC 10-2263] Analyzing Verilog file "E:/Project/xk265/hevc_encoder_system/hevc_encoder_system.ip_user_files/bd/fdma_mig_ddr/ip/fdma_mig_ddr_mig_7series_0_1/fdma_mig_ddr_mig_7series_0_1/user_design/rtl/controller/mig_7series_v4_2_arb_row_col.v" into library xil_defaultlib
INFO: [VRFC 10-311] analyzing module mig_7series_v4_2_arb_row_col
WARNING: [VRFC 10-8332] begin/end is required for generate-for in this mode of Verilog [E:/Project/xk265/hevc_encoder_system/hevc_encoder_system.ip_user_files/bd/fdma_mig_ddr/ip/fdma_mig_ddr_mig_7series_0_1/fdma_mig_ddr_mig_7series_0_1/user_design/rtl/controller/mig_7series_v4_2_arb_row_col.v:252]
INFO: [VRFC 10-2263] Analyzing Verilog file "E:/Project/xk265/hevc_encoder_system/hevc_encoder_system.ip_user_files/bd/fdma_mig_ddr/ip/fdma_mig_ddr_mig_7series_0_1/fdma_mig_ddr_mig_7series_0_1/user_design/rtl/controller/mig_7series_v4_2_arb_select.v" into library xil_defaultlib
INFO: [VRFC 10-311] analyzing module mig_7series_v4_2_arb_select
INFO: [VRFC 10-2263] Analyzing Verilog file "E:/Project/xk265/hevc_encoder_system/hevc_encoder_system.ip_user_files/bd/fdma_mig_ddr/ip/fdma_mig_ddr_mig_7series_0_1/fdma_mig_ddr_mig_7series_0_1/user_design/rtl/controller/mig_7series_v4_2_bank_cntrl.v" into library xil_defaultlib
INFO: [VRFC 10-311] analyzing module mig_7series_v4_2_bank_cntrl
INFO: [VRFC 10-2263] Analyzing Verilog file "E:/Project/xk265/hevc_encoder_system/hevc_encoder_system.ip_user_files/bd/fdma_mig_ddr/ip/fdma_mig_ddr_mig_7series_0_1/fdma_mig_ddr_mig_7series_0_1/user_design/rtl/controller/mig_7series_v4_2_bank_common.v" into library xil_defaultlib
INFO: [VRFC 10-311] analyzing module mig_7series_v4_2_bank_common
INFO: [VRFC 10-2263] Analyzing Verilog file "E:/Project/xk265/hevc_encoder_system/hevc_encoder_system.ip_user_files/bd/fdma_mig_ddr/ip/fdma_mig_ddr_mig_7series_0_1/fdma_mig_ddr_mig_7series_0_1/user_design/rtl/controller/mig_7series_v4_2_bank_compare.v" into library xil_defaultlib
INFO: [VRFC 10-311] analyzing module mig_7series_v4_2_bank_compare
INFO: [VRFC 10-2263] Analyzing Verilog file "E:/Project/xk265/hevc_encoder_system/hevc_encoder_system.ip_user_files/bd/fdma_mig_ddr/ip/fdma_mig_ddr_mig_7series_0_1/fdma_mig_ddr_mig_7series_0_1/user_design/rtl/controller/mig_7series_v4_2_bank_mach.v" into library xil_defaultlib
INFO: [VRFC 10-311] analyzing module mig_7series_v4_2_bank_mach
INFO: [VRFC 10-2263] Analyzing Verilog file "E:/Project/xk265/hevc_encoder_system/hevc_encoder_system.ip_user_files/bd/fdma_mig_ddr/ip/fdma_mig_ddr_mig_7series_0_1/fdma_mig_ddr_mig_7series_0_1/user_design/rtl/controller/mig_7series_v4_2_bank_queue.v" into library xil_defaultlib
INFO: [VRFC 10-311] analyzing module mig_7series_v4_2_bank_queue
INFO: [VRFC 10-2263] Analyzing Verilog file "E:/Project/xk265/hevc_encoder_system/hevc_encoder_system.ip_user_files/bd/fdma_mig_ddr/ip/fdma_mig_ddr_mig_7series_0_1/fdma_mig_ddr_mig_7series_0_1/user_design/rtl/controller/mig_7series_v4_2_bank_state.v" into library xil_defaultlib
INFO: [VRFC 10-311] analyzing module mig_7series_v4_2_bank_state
INFO: [VRFC 10-2263] Analyzing Verilog file "E:/Project/xk265/hevc_encoder_system/hevc_encoder_system.ip_user_files/bd/fdma_mig_ddr/ip/fdma_mig_ddr_mig_7series_0_1/fdma_mig_ddr_mig_7series_0_1/user_design/rtl/controller/mig_7series_v4_2_col_mach.v" into library xil_defaultlib
INFO: [VRFC 10-311] analyzing module mig_7series_v4_2_col_mach
INFO: [VRFC 10-2263] Analyzing Verilog file "E:/Project/xk265/hevc_encoder_system/hevc_encoder_system.ip_user_files/bd/fdma_mig_ddr/ip/fdma_mig_ddr_mig_7series_0_1/fdma_mig_ddr_mig_7series_0_1/user_design/rtl/controller/mig_7series_v4_2_mc.v" into library xil_defaultlib
INFO: [VRFC 10-311] analyzing module mig_7series_v4_2_mc
INFO: [VRFC 10-2263] Analyzing Verilog file "E:/Project/xk265/hevc_encoder_system/hevc_encoder_system.ip_user_files/bd/fdma_mig_ddr/ip/fdma_mig_ddr_mig_7series_0_1/fdma_mig_ddr_mig_7series_0_1/user_design/rtl/controller/mig_7series_v4_2_rank_cntrl.v" into library xil_defaultlib
INFO: [VRFC 10-311] analyzing module mig_7series_v4_2_rank_cntrl
INFO: [VRFC 10-2263] Analyzing Verilog file "E:/Project/xk265/hevc_encoder_system/hevc_encoder_system.ip_user_files/bd/fdma_mig_ddr/ip/fdma_mig_ddr_mig_7series_0_1/fdma_mig_ddr_mig_7series_0_1/user_design/rtl/controller/mig_7series_v4_2_rank_common.v" into library xil_defaultlib
INFO: [VRFC 10-311] analyzing module mig_7series_v4_2_rank_common
INFO: [VRFC 10-2263] Analyzing Verilog file "E:/Project/xk265/hevc_encoder_system/hevc_encoder_system.ip_user_files/bd/fdma_mig_ddr/ip/fdma_mig_ddr_mig_7series_0_1/fdma_mig_ddr_mig_7series_0_1/user_design/rtl/controller/mig_7series_v4_2_rank_mach.v" into library xil_defaultlib
INFO: [VRFC 10-311] analyzing module mig_7series_v4_2_rank_mach
INFO: [VRFC 10-2263] Analyzing Verilog file "E:/Project/xk265/hevc_encoder_system/hevc_encoder_system.ip_user_files/bd/fdma_mig_ddr/ip/fdma_mig_ddr_mig_7series_0_1/fdma_mig_ddr_mig_7series_0_1/user_design/rtl/controller/mig_7series_v4_2_round_robin_arb.v" into library xil_defaultlib
INFO: [VRFC 10-311] analyzing module mig_7series_v4_2_round_robin_arb
INFO: [VRFC 10-2263] Analyzing Verilog file "E:/Project/xk265/hevc_encoder_system/hevc_encoder_system.ip_user_files/bd/fdma_mig_ddr/ip/fdma_mig_ddr_mig_7series_0_1/fdma_mig_ddr_mig_7series_0_1/user_design/rtl/ecc/mig_7series_v4_2_ecc_buf.v" into library xil_defaultlib
INFO: [VRFC 10-311] analyzing module mig_7series_v4_2_ecc_buf
INFO: [VRFC 10-2263] Analyzing Verilog file "E:/Project/xk265/hevc_encoder_system/hevc_encoder_system.ip_user_files/bd/fdma_mig_ddr/ip/fdma_mig_ddr_mig_7series_0_1/fdma_mig_ddr_mig_7series_0_1/user_design/rtl/ecc/mig_7series_v4_2_ecc_dec_fix.v" into library xil_defaultlib
INFO: [VRFC 10-311] analyzing module mig_7series_v4_2_ecc_dec_fix
INFO: [VRFC 10-2263] Analyzing Verilog file "E:/Project/xk265/hevc_encoder_system/hevc_encoder_system.ip_user_files/bd/fdma_mig_ddr/ip/fdma_mig_ddr_mig_7series_0_1/fdma_mig_ddr_mig_7series_0_1/user_design/rtl/ecc/mig_7series_v4_2_ecc_gen.v" into library xil_defaultlib
INFO: [VRFC 10-311] analyzing module mig_7series_v4_2_ecc_gen
INFO: [VRFC 10-2263] Analyzing Verilog file "E:/Project/xk265/hevc_encoder_system/hevc_encoder_system.ip_user_files/bd/fdma_mig_ddr/ip/fdma_mig_ddr_mig_7series_0_1/fdma_mig_ddr_mig_7series_0_1/user_design/rtl/ecc/mig_7series_v4_2_ecc_merge_enc.v" into library xil_defaultlib
INFO: [VRFC 10-311] analyzing module mig_7series_v4_2_ecc_merge_enc
INFO: [VRFC 10-2263] Analyzing Verilog file "E:/Project/xk265/hevc_encoder_system/hevc_encoder_system.ip_user_files/bd/fdma_mig_ddr/ip/fdma_mig_ddr_mig_7series_0_1/fdma_mig_ddr_mig_7series_0_1/user_design/rtl/ecc/mig_7series_v4_2_fi_xor.v" into library xil_defaultlib
INFO: [VRFC 10-311] analyzing module mig_7series_v4_2_fi_xor
INFO: [VRFC 10-2263] Analyzing Verilog file "E:/Project/xk265/hevc_encoder_system/hevc_encoder_system.ip_user_files/bd/fdma_mig_ddr/ip/fdma_mig_ddr_mig_7series_0_1/fdma_mig_ddr_mig_7series_0_1/user_design/rtl/ip_top/mig_7series_v4_2_memc_ui_top_axi.v" into library xil_defaultlib
INFO: [VRFC 10-311] analyzing module mig_7series_v4_2_memc_ui_top_axi
INFO: [VRFC 10-2263] Analyzing Verilog file "E:/Project/xk265/hevc_encoder_system/hevc_encoder_system.ip_user_files/bd/fdma_mig_ddr/ip/fdma_mig_ddr_mig_7series_0_1/fdma_mig_ddr_mig_7series_0_1/user_design/rtl/ip_top/mig_7series_v4_2_mem_intfc.v" into library xil_defaultlib
INFO: [VRFC 10-311] analyzing module mig_7series_v4_2_mem_intfc
INFO: [VRFC 10-2263] Analyzing Verilog file "E:/Project/xk265/hevc_encoder_system/hevc_encoder_system.ip_user_files/bd/fdma_mig_ddr/ip/fdma_mig_ddr_mig_7series_0_1/fdma_mig_ddr_mig_7series_0_1/user_design/rtl/phy/mig_7series_v4_2_ddr_byte_group_io.v" into library xil_defaultlib
INFO: [VRFC 10-311] analyzing module mig_7series_v4_2_ddr_byte_group_io
INFO: [VRFC 10-2263] Analyzing Verilog file "E:/Project/xk265/hevc_encoder_system/hevc_encoder_system.ip_user_files/bd/fdma_mig_ddr/ip/fdma_mig_ddr_mig_7series_0_1/fdma_mig_ddr_mig_7series_0_1/user_design/rtl/phy/mig_7series_v4_2_ddr_byte_lane.v" into library xil_defaultlib
INFO: [VRFC 10-311] analyzing module mig_7series_v4_2_ddr_byte_lane
INFO: [VRFC 10-2263] Analyzing Verilog file "E:/Project/xk265/hevc_encoder_system/hevc_encoder_system.ip_user_files/bd/fdma_mig_ddr/ip/fdma_mig_ddr_mig_7series_0_1/fdma_mig_ddr_mig_7series_0_1/user_design/rtl/phy/mig_7series_v4_2_ddr_calib_top.v" into library xil_defaultlib
INFO: [VRFC 10-311] analyzing module mig_7series_v4_2_ddr_calib_top
INFO: [VRFC 10-2263] Analyzing Verilog file "E:/Project/xk265/hevc_encoder_system/hevc_encoder_system.ip_user_files/bd/fdma_mig_ddr/ip/fdma_mig_ddr_mig_7series_0_1/fdma_mig_ddr_mig_7series_0_1/user_design/rtl/phy/mig_7series_v4_2_ddr_if_post_fifo.v" into library xil_defaultlib
INFO: [VRFC 10-311] analyzing module mig_7series_v4_2_ddr_if_post_fifo
INFO: [VRFC 10-2263] Analyzing Verilog file "E:/Project/xk265/hevc_encoder_system/hevc_encoder_system.ip_user_files/bd/fdma_mig_ddr/ip/fdma_mig_ddr_mig_7series_0_1/fdma_mig_ddr_mig_7series_0_1/user_design/rtl/phy/mig_7series_v4_2_ddr_mc_phy.v" into library xil_defaultlib
INFO: [VRFC 10-311] analyzing module mig_7series_v4_2_ddr_mc_phy
INFO: [VRFC 10-2263] Analyzing Verilog file "E:/Project/xk265/hevc_encoder_system/hevc_encoder_system.ip_user_files/bd/fdma_mig_ddr/ip/fdma_mig_ddr_mig_7series_0_1/fdma_mig_ddr_mig_7series_0_1/user_design/rtl/phy/mig_7series_v4_2_ddr_mc_phy_wrapper.v" into library xil_defaultlib
INFO: [VRFC 10-311] analyzing module mig_7series_v4_2_ddr_mc_phy_wrapper
INFO: [VRFC 10-2263] Analyzing Verilog file "E:/Project/xk265/hevc_encoder_system/hevc_encoder_system.ip_user_files/bd/fdma_mig_ddr/ip/fdma_mig_ddr_mig_7series_0_1/fdma_mig_ddr_mig_7series_0_1/user_design/rtl/phy/mig_7series_v4_2_ddr_of_pre_fifo.v" into library xil_defaultlib
INFO: [VRFC 10-311] analyzing module mig_7series_v4_2_ddr_of_pre_fifo
INFO: [VRFC 10-2263] Analyzing Verilog file "E:/Project/xk265/hevc_encoder_system/hevc_encoder_system.ip_user_files/bd/fdma_mig_ddr/ip/fdma_mig_ddr_mig_7series_0_1/fdma_mig_ddr_mig_7series_0_1/user_design/rtl/phy/mig_7series_v4_2_ddr_phy_4lanes.v" into library xil_defaultlib
INFO: [VRFC 10-311] analyzing module mig_7series_v4_2_ddr_phy_4lanes
INFO: [VRFC 10-2263] Analyzing Verilog file "E:/Project/xk265/hevc_encoder_system/hevc_encoder_system.ip_user_files/bd/fdma_mig_ddr/ip/fdma_mig_ddr_mig_7series_0_1/fdma_mig_ddr_mig_7series_0_1/user_design/rtl/phy/mig_7series_v4_2_ddr_phy_ck_addr_cmd_delay.v" into library xil_defaultlib
INFO: [VRFC 10-311] analyzing module mig_7series_v4_2_ddr_phy_ck_addr_cmd_delay
INFO: [VRFC 10-2263] Analyzing Verilog file "E:/Project/xk265/hevc_encoder_system/hevc_encoder_system.ip_user_files/bd/fdma_mig_ddr/ip/fdma_mig_ddr_mig_7series_0_1/fdma_mig_ddr_mig_7series_0_1/user_design/rtl/phy/mig_7series_v4_2_ddr_phy_dqs_found_cal.v" into library xil_defaultlib
INFO: [VRFC 10-311] analyzing module mig_7series_v4_2_ddr_phy_dqs_found_cal
INFO: [VRFC 10-2263] Analyzing Verilog file "E:/Project/xk265/hevc_encoder_system/hevc_encoder_system.ip_user_files/bd/fdma_mig_ddr/ip/fdma_mig_ddr_mig_7series_0_1/fdma_mig_ddr_mig_7series_0_1/user_design/rtl/phy/mig_7series_v4_2_ddr_phy_dqs_found_cal_hr.v" into library xil_defaultlib
INFO: [VRFC 10-311] analyzing module mig_7series_v4_2_ddr_phy_dqs_found_cal_hr
INFO: [VRFC 10-2263] Analyzing Verilog file "E:/Project/xk265/hevc_encoder_system/hevc_encoder_system.ip_user_files/bd/fdma_mig_ddr/ip/fdma_mig_ddr_mig_7series_0_1/fdma_mig_ddr_mig_7series_0_1/user_design/rtl/phy/mig_7series_v4_2_ddr_phy_init.v" into library xil_defaultlib
INFO: [VRFC 10-311] analyzing module mig_7series_v4_2_ddr_phy_init
INFO: [VRFC 10-2263] Analyzing Verilog file "E:/Project/xk265/hevc_encoder_system/hevc_encoder_system.ip_user_files/bd/fdma_mig_ddr/ip/fdma_mig_ddr_mig_7series_0_1/fdma_mig_ddr_mig_7series_0_1/user_design/rtl/phy/mig_7series_v4_2_ddr_phy_ocd_cntlr.v" into library xil_defaultlib
INFO: [VRFC 10-311] analyzing module mig_7series_v4_2_ddr_phy_ocd_cntlr
INFO: [VRFC 10-2263] Analyzing Verilog file "E:/Project/xk265/hevc_encoder_system/hevc_encoder_system.ip_user_files/bd/fdma_mig_ddr/ip/fdma_mig_ddr_mig_7series_0_1/fdma_mig_ddr_mig_7series_0_1/user_design/rtl/phy/mig_7series_v4_2_ddr_phy_ocd_data.v" into library xil_defaultlib
INFO: [VRFC 10-311] analyzing module mig_7series_v4_2_ddr_phy_ocd_data
INFO: [VRFC 10-2263] Analyzing Verilog file "E:/Project/xk265/hevc_encoder_system/hevc_encoder_system.ip_user_files/bd/fdma_mig_ddr/ip/fdma_mig_ddr_mig_7series_0_1/fdma_mig_ddr_mig_7series_0_1/user_design/rtl/phy/mig_7series_v4_2_ddr_phy_ocd_edge.v" into library xil_defaultlib
INFO: [VRFC 10-311] analyzing module mig_7series_v4_2_ddr_phy_ocd_edge
INFO: [VRFC 10-2263] Analyzing Verilog file "E:/Project/xk265/hevc_encoder_system/hevc_encoder_system.ip_user_files/bd/fdma_mig_ddr/ip/fdma_mig_ddr_mig_7series_0_1/fdma_mig_ddr_mig_7series_0_1/user_design/rtl/phy/mig_7series_v4_2_ddr_phy_ocd_lim.v" into library xil_defaultlib
INFO: [VRFC 10-311] analyzing module mig_7series_v4_2_ddr_phy_ocd_lim
INFO: [VRFC 10-2263] Analyzing Verilog file "E:/Project/xk265/hevc_encoder_system/hevc_encoder_system.ip_user_files/bd/fdma_mig_ddr/ip/fdma_mig_ddr_mig_7series_0_1/fdma_mig_ddr_mig_7series_0_1/user_design/rtl/phy/mig_7series_v4_2_ddr_phy_ocd_mux.v" into library xil_defaultlib
INFO: [VRFC 10-311] analyzing module mig_7series_v4_2_ddr_phy_ocd_mux
INFO: [VRFC 10-2263] Analyzing Verilog file "E:/Project/xk265/hevc_encoder_system/hevc_encoder_system.ip_user_files/bd/fdma_mig_ddr/ip/fdma_mig_ddr_mig_7series_0_1/fdma_mig_ddr_mig_7series_0_1/user_design/rtl/phy/mig_7series_v4_2_ddr_phy_ocd_po_cntlr.v" into library xil_defaultlib
INFO: [VRFC 10-311] analyzing module mig_7series_v4_2_ddr_phy_ocd_po_cntlr
INFO: [VRFC 10-2263] Analyzing Verilog file "E:/Project/xk265/hevc_encoder_system/hevc_encoder_system.ip_user_files/bd/fdma_mig_ddr/ip/fdma_mig_ddr_mig_7series_0_1/fdma_mig_ddr_mig_7series_0_1/user_design/rtl/phy/mig_7series_v4_2_ddr_phy_ocd_samp.v" into library xil_defaultlib
INFO: [VRFC 10-311] analyzing module mig_7series_v4_2_ddr_phy_ocd_samp
INFO: [VRFC 10-2263] Analyzing Verilog file "E:/Project/xk265/hevc_encoder_system/hevc_encoder_system.ip_user_files/bd/fdma_mig_ddr/ip/fdma_mig_ddr_mig_7series_0_1/fdma_mig_ddr_mig_7series_0_1/user_design/rtl/phy/mig_7series_v4_2_ddr_phy_oclkdelay_cal.v" into library xil_defaultlib
INFO: [VRFC 10-311] analyzing module mig_7series_v4_2_ddr_phy_oclkdelay_cal
INFO: [VRFC 10-2263] Analyzing Verilog file "E:/Project/xk265/hevc_encoder_system/hevc_encoder_system.ip_user_files/bd/fdma_mig_ddr/ip/fdma_mig_ddr_mig_7series_0_1/fdma_mig_ddr_mig_7series_0_1/user_design/rtl/phy/mig_7series_v4_2_ddr_phy_prbs_rdlvl.v" into library xil_defaultlib
INFO: [VRFC 10-311] analyzing module mig_7series_v4_2_ddr_phy_prbs_rdlvl
INFO: [VRFC 10-2263] Analyzing Verilog file "E:/Project/xk265/hevc_encoder_system/hevc_encoder_system.ip_user_files/bd/fdma_mig_ddr/ip/fdma_mig_ddr_mig_7series_0_1/fdma_mig_ddr_mig_7series_0_1/user_design/rtl/phy/mig_7series_v4_2_ddr_phy_rdlvl.v" into library xil_defaultlib
INFO: [VRFC 10-311] analyzing module mig_7series_v4_2_ddr_phy_rdlvl
INFO: [VRFC 10-2263] Analyzing Verilog file "E:/Project/xk265/hevc_encoder_system/hevc_encoder_system.ip_user_files/bd/fdma_mig_ddr/ip/fdma_mig_ddr_mig_7series_0_1/fdma_mig_ddr_mig_7series_0_1/user_design/rtl/phy/mig_7series_v4_2_ddr_phy_tempmon.v" into library xil_defaultlib
INFO: [VRFC 10-311] analyzing module mig_7series_v4_2_ddr_phy_tempmon
INFO: [VRFC 10-2263] Analyzing Verilog file "E:/Project/xk265/hevc_encoder_system/hevc_encoder_system.ip_user_files/bd/fdma_mig_ddr/ip/fdma_mig_ddr_mig_7series_0_1/fdma_mig_ddr_mig_7series_0_1/user_design/rtl/phy/mig_7series_v4_2_ddr_phy_top.v" into library xil_defaultlib
INFO: [VRFC 10-311] analyzing module mig_7series_v4_2_ddr_phy_top
INFO: [VRFC 10-2263] Analyzing Verilog file "E:/Project/xk265/hevc_encoder_system/hevc_encoder_system.ip_user_files/bd/fdma_mig_ddr/ip/fdma_mig_ddr_mig_7series_0_1/fdma_mig_ddr_mig_7series_0_1/user_design/rtl/phy/mig_7series_v4_2_ddr_phy_wrcal.v" into library xil_defaultlib
INFO: [VRFC 10-311] analyzing module mig_7series_v4_2_ddr_phy_wrcal
INFO: [VRFC 10-2263] Analyzing Verilog file "E:/Project/xk265/hevc_encoder_system/hevc_encoder_system.ip_user_files/bd/fdma_mig_ddr/ip/fdma_mig_ddr_mig_7series_0_1/fdma_mig_ddr_mig_7series_0_1/user_design/rtl/phy/mig_7series_v4_2_ddr_phy_wrlvl.v" into library xil_defaultlib
INFO: [VRFC 10-311] analyzing module mig_7series_v4_2_ddr_phy_wrlvl
INFO: [VRFC 10-2263] Analyzing Verilog file "E:/Project/xk265/hevc_encoder_system/hevc_encoder_system.ip_user_files/bd/fdma_mig_ddr/ip/fdma_mig_ddr_mig_7series_0_1/fdma_mig_ddr_mig_7series_0_1/user_design/rtl/phy/mig_7series_v4_2_ddr_phy_wrlvl_off_delay.v" into library xil_defaultlib
INFO: [VRFC 10-311] analyzing module mig_7series_v4_2_ddr_phy_wrlvl_off_delay
INFO: [VRFC 10-2263] Analyzing Verilog file "E:/Project/xk265/hevc_encoder_system/hevc_encoder_system.ip_user_files/bd/fdma_mig_ddr/ip/fdma_mig_ddr_mig_7series_0_1/fdma_mig_ddr_mig_7series_0_1/user_design/rtl/phy/mig_7series_v4_2_ddr_prbs_gen.v" into library xil_defaultlib
INFO: [VRFC 10-311] analyzing module mig_7series_v4_2_ddr_prbs_gen
INFO: [VRFC 10-2263] Analyzing Verilog file "E:/Project/xk265/hevc_encoder_system/hevc_encoder_system.ip_user_files/bd/fdma_mig_ddr/ip/fdma_mig_ddr_mig_7series_0_1/fdma_mig_ddr_mig_7series_0_1/user_design/rtl/phy/mig_7series_v4_2_ddr_skip_calib_tap.v" into library xil_defaultlib
INFO: [VRFC 10-311] analyzing module mig_7series_v4_2_ddr_skip_calib_tap
INFO: [VRFC 10-2263] Analyzing Verilog file "E:/Project/xk265/hevc_encoder_system/hevc_encoder_system.ip_user_files/bd/fdma_mig_ddr/ip/fdma_mig_ddr_mig_7series_0_1/fdma_mig_ddr_mig_7series_0_1/user_design/rtl/phy/mig_7series_v4_2_poc_cc.v" into library xil_defaultlib
INFO: [VRFC 10-311] analyzing module mig_7series_v4_2_poc_cc
INFO: [VRFC 10-2263] Analyzing Verilog file "E:/Project/xk265/hevc_encoder_system/hevc_encoder_system.ip_user_files/bd/fdma_mig_ddr/ip/fdma_mig_ddr_mig_7series_0_1/fdma_mig_ddr_mig_7series_0_1/user_design/rtl/phy/mig_7series_v4_2_poc_edge_store.v" into library xil_defaultlib
INFO: [VRFC 10-311] analyzing module mig_7series_v4_2_poc_edge_store
INFO: [VRFC 10-2263] Analyzing Verilog file "E:/Project/xk265/hevc_encoder_system/hevc_encoder_system.ip_user_files/bd/fdma_mig_ddr/ip/fdma_mig_ddr_mig_7series_0_1/fdma_mig_ddr_mig_7series_0_1/user_design/rtl/phy/mig_7series_v4_2_poc_meta.v" into library xil_defaultlib
INFO: [VRFC 10-311] analyzing module mig_7series_v4_2_poc_meta
INFO: [VRFC 10-2263] Analyzing Verilog file "E:/Project/xk265/hevc_encoder_system/hevc_encoder_system.ip_user_files/bd/fdma_mig_ddr/ip/fdma_mig_ddr_mig_7series_0_1/fdma_mig_ddr_mig_7series_0_1/user_design/rtl/phy/mig_7series_v4_2_poc_pd.v" into library xil_defaultlib
INFO: [VRFC 10-311] analyzing module mig_7series_v4_2_poc_pd
INFO: [VRFC 10-2263] Analyzing Verilog file "E:/Project/xk265/hevc_encoder_system/hevc_encoder_system.ip_user_files/bd/fdma_mig_ddr/ip/fdma_mig_ddr_mig_7series_0_1/fdma_mig_ddr_mig_7series_0_1/user_design/rtl/phy/mig_7series_v4_2_poc_tap_base.v" into library xil_defaultlib
INFO: [VRFC 10-311] analyzing module mig_7series_v4_2_poc_tap_base
INFO: [VRFC 10-2263] Analyzing Verilog file "E:/Project/xk265/hevc_encoder_system/hevc_encoder_system.ip_user_files/bd/fdma_mig_ddr/ip/fdma_mig_ddr_mig_7series_0_1/fdma_mig_ddr_mig_7series_0_1/user_design/rtl/phy/mig_7series_v4_2_poc_top.v" into library xil_defaultlib
INFO: [VRFC 10-311] analyzing module mig_7series_v4_2_poc_top
INFO: [VRFC 10-2263] Analyzing Verilog file "E:/Project/xk265/hevc_encoder_system/hevc_encoder_system.ip_user_files/bd/fdma_mig_ddr/ip/fdma_mig_ddr_mig_7series_0_1/fdma_mig_ddr_mig_7series_0_1/user_design/rtl/ui/mig_7series_v4_2_ui_cmd.v" into library xil_defaultlib
INFO: [VRFC 10-311] analyzing module mig_7series_v4_2_ui_cmd
INFO: [VRFC 10-2263] Analyzing Verilog file "E:/Project/xk265/hevc_encoder_system/hevc_encoder_system.ip_user_files/bd/fdma_mig_ddr/ip/fdma_mig_ddr_mig_7series_0_1/fdma_mig_ddr_mig_7series_0_1/user_design/rtl/ui/mig_7series_v4_2_ui_rd_data.v" into library xil_defaultlib
INFO: [VRFC 10-311] analyzing module mig_7series_v4_2_ui_rd_data
INFO: [VRFC 10-2263] Analyzing Verilog file "E:/Project/xk265/hevc_encoder_system/hevc_encoder_system.ip_user_files/bd/fdma_mig_ddr/ip/fdma_mig_ddr_mig_7series_0_1/fdma_mig_ddr_mig_7series_0_1/user_design/rtl/ui/mig_7series_v4_2_ui_top.v" into library xil_defaultlib
INFO: [VRFC 10-311] analyzing module mig_7series_v4_2_ui_top
INFO: [VRFC 10-2263] Analyzing Verilog file "E:/Project/xk265/hevc_encoder_system/hevc_encoder_system.ip_user_files/bd/fdma_mig_ddr/ip/fdma_mig_ddr_mig_7series_0_1/fdma_mig_ddr_mig_7series_0_1/user_design/rtl/ui/mig_7series_v4_2_ui_wr_data.v" into library xil_defaultlib
INFO: [VRFC 10-311] analyzing module mig_7series_v4_2_ui_wr_data
INFO: [VRFC 10-2263] Analyzing Verilog file "E:/Project/xk265/hevc_encoder_system/hevc_encoder_system.ip_user_files/bd/fdma_mig_ddr/ip/fdma_mig_ddr_mig_7series_0_1/fdma_mig_ddr_mig_7series_0_1/user_design/rtl/fdma_mig_ddr_mig_7series_0_1_mig_sim.v" into library xil_defaultlib
INFO: [VRFC 10-311] analyzing module fdma_mig_ddr_mig_7series_0_1_mig
INFO: [VRFC 10-2263] Analyzing Verilog file "E:/Project/xk265/hevc_encoder_system/hevc_encoder_system.ip_user_files/bd/fdma_mig_ddr/ip/fdma_mig_ddr_mig_7series_0_1/fdma_mig_ddr_mig_7series_0_1/user_design/rtl/fdma_mig_ddr_mig_7series_0_1.v" into library xil_defaultlib
INFO: [VRFC 10-311] analyzing module fdma_mig_ddr_mig_7series_0_1
INFO: [VRFC 10-2263] Analyzing Verilog file "E:/Project/xk265/hevc_encoder_system/hevc_encoder_system.ip_user_files/bd/fdma_mig_ddr/ip/fdma_mig_ddr_clk_wiz_0_0/fdma_mig_ddr_clk_wiz_0_0_clk_wiz.v" into library xil_defaultlib
INFO: [VRFC 10-311] analyzing module fdma_mig_ddr_clk_wiz_0_0_clk_wiz
INFO: [VRFC 10-2263] Analyzing Verilog file "E:/Project/xk265/hevc_encoder_system/hevc_encoder_system.ip_user_files/bd/fdma_mig_ddr/ip/fdma_mig_ddr_clk_wiz_0_0/fdma_mig_ddr_clk_wiz_0_0.v" into library xil_defaultlib
INFO: [VRFC 10-311] analyzing module fdma_mig_ddr_clk_wiz_0_0
INFO: [VRFC 10-2263] Analyzing Verilog file "E:/Project/xk265/hevc_encoder_system/hevc_encoder_system.ip_user_files/bd/fdma_mig_ddr/sim/fdma_mig_ddr.v" into library xil_defaultlib
INFO: [VRFC 10-311] analyzing module fdma_mig_ddr
INFO: [VRFC 10-311] analyzing module fdma_mig_ddr_axi_interconnect_0_0
INFO: [VRFC 10-311] analyzing module s00_couplers_imp_N3ZCL2
INFO: [VRFC 10-2263] Analyzing Verilog file "E:/Project/xk265/hevc_encoder_system/hevc_encoder_system.ip_user_files/bd/fdma_mig_ddr/ip/fdma_mig_ddr_s00_regslice_0/sim/fdma_mig_ddr_s00_regslice_0.v" into library xil_defaultlib
INFO: [VRFC 10-311] analyzing module fdma_mig_ddr_s00_regslice_0
INFO: [VRFC 10-2263] Analyzing Verilog file "E:/Project/xk265/hevc_encoder_system/hevc_encoder_system.ip_user_files/bd/fdma_mig_ddr/ip/fdma_mig_ddr_auto_us_df_0/sim/fdma_mig_ddr_auto_us_df_0.v" into library xil_defaultlib
INFO: [VRFC 10-311] analyzing module fdma_mig_ddr_auto_us_df_0
INFO: [VRFC 10-2263] Analyzing Verilog file "E:/Project/xk265/hevc_encoder_system/hevc_encoder_system.gen/sources_1/ip/pixel_fifo/sim/pixel_fifo.v" into library xil_defaultlib
INFO: [VRFC 10-311] analyzing module pixel_fifo
INFO: [VRFC 10-2263] Analyzing Verilog file "E:/Project/xk265/hevc_encoder_system/hevc_encoder_system.srcs/sources_1/new/enc_core/rtl/prei/DC_Plannar.v" into library xil_defaultlib
INFO: [VRFC 10-311] analyzing module dc_planar
INFO: [VRFC 10-2263] Analyzing Verilog file "E:/Project/xk265/hevc_encoder_system/hevc_encoder_system.srcs/sources_1/new/enc_core/rtl/rec/IinP_flag_gen.v" into library xil_defaultlib
INFO: [VRFC 10-311] analyzing module IinP_flag_gen
INFO: [VRFC 10-2263] Analyzing Verilog file "E:/Project/xk265/hevc_encoder_system/hevc_encoder_system.srcs/sources_1/new/enc_core/rtl/rec/rec_tq/addr_ctl.v" into library xil_defaultlib
INFO: [VRFC 10-311] analyzing module addr_ctl
INFO: [VRFC 10-2263] Analyzing Verilog file "E:/Project/xk265/hevc_encoder_system/hevc_encoder_system.srcs/sources_1/new/enc_core/rtl/rec/rec_tq/be.v" into library xil_defaultlib
INFO: [VRFC 10-311] analyzing module be
INFO: [VRFC 10-2263] Analyzing Verilog file "E:/Project/xk265/hevc_encoder_system/hevc_encoder_system.srcs/sources_1/new/enc_core/rtl/rec/rec_tq/be_delay.v" into library xil_defaultlib
INFO: [VRFC 10-311] analyzing module be_delay
INFO: [VRFC 10-2263] Analyzing Verilog file "E:/Project/xk265/hevc_encoder_system/hevc_encoder_system.srcs/sources_1/new/enc_core/rtl/rec/rec_tq/be_level0.v" into library xil_defaultlib
INFO: [VRFC 10-311] analyzing module be_level0
INFO: [VRFC 10-2263] Analyzing Verilog file "E:/Project/xk265/hevc_encoder_system/hevc_encoder_system.srcs/sources_1/new/enc_core/rtl/rec/rec_tq/be_level1.v" into library xil_defaultlib
INFO: [VRFC 10-311] analyzing module be_level1
INFO: [VRFC 10-2263] Analyzing Verilog file "E:/Project/xk265/hevc_encoder_system/hevc_encoder_system.srcs/sources_1/new/enc_core/rtl/mem/buf_ram_1p_128x64.v" into library xil_defaultlib
INFO: [VRFC 10-311] analyzing module buf_ram_1p_128x64
INFO: [VRFC 10-2263] Analyzing Verilog file "E:/Project/xk265/hevc_encoder_system/hevc_encoder_system.srcs/sources_1/new/enc_core/rtl/mem/buf_ram_1p_64x64.v" into library xil_defaultlib
INFO: [VRFC 10-311] analyzing module buf_ram_1p_64x64
INFO: [VRFC 10-2263] Analyzing Verilog file "E:/Project/xk265/hevc_encoder_system/hevc_encoder_system.srcs/sources_1/new/enc_core/rtl/cabac/cabac_bina.v" into library xil_defaultlib
INFO: [VRFC 10-311] analyzing module cabac_bina
INFO: [VRFC 10-2263] Analyzing Verilog file "E:/Project/xk265/hevc_encoder_system/hevc_encoder_system.srcs/sources_1/new/enc_core/rtl/cabac/cabac_bina_lut.v" into library xil_defaultlib
INFO: [VRFC 10-311] analyzing module cabac_bina_lut
INFO: [VRFC 10-2263] Analyzing Verilog file "E:/Project/xk265/hevc_encoder_system/hevc_encoder_system.srcs/sources_1/new/enc_core/rtl/cabac/cabac_bina_tools.v" into library xil_defaultlib
INFO: [VRFC 10-311] analyzing module cabac_bina_FC
INFO: [VRFC 10-311] analyzing module cabac_bina_BSleft
INFO: [VRFC 10-311] analyzing module cabac_bina_BSright
INFO: [VRFC 10-311] analyzing module cabac_bina_BS1sleft
INFO: [VRFC 10-311] analyzing module cabac_bina_BS1sright
INFO: [VRFC 10-2263] Analyzing Verilog file "E:/Project/xk265/hevc_encoder_system/hevc_encoder_system.srcs/sources_1/new/enc_core/rtl/cabac/cabac_binmix.v" into library xil_defaultlib
INFO: [VRFC 10-311] analyzing module cabac_binmix
INFO: [VRFC 10-2263] Analyzing Verilog file "E:/Project/xk265/hevc_encoder_system/hevc_encoder_system.srcs/sources_1/new/enc_core/rtl/cabac/cabac_binsort.v" into library xil_defaultlib
INFO: [VRFC 10-311] analyzing module cabac_binsort
INFO: [VRFC 10-2263] Analyzing Verilog file "E:/Project/xk265/hevc_encoder_system/hevc_encoder_system.srcs/sources_1/new/enc_core/rtl/cabac/cabac_bitpack.v" into library xil_defaultlib
INFO: [VRFC 10-311] analyzing module cabac_bitpack
INFO: [VRFC 10-2263] Analyzing Verilog file "E:/Project/xk265/hevc_encoder_system/hevc_encoder_system.srcs/sources_1/new/enc_core/rtl/mem/cabac_ram_sp_64x16.v" into library xil_defaultlib
INFO: [VRFC 10-311] analyzing module cabac_ram_sp_64x16
INFO: [VRFC 10-2263] Analyzing Verilog file "E:/Project/xk265/hevc_encoder_system/hevc_encoder_system.srcs/sources_1/new/enc_core/rtl/cabac/cabac_rlps4.v" into library xil_defaultlib
INFO: [VRFC 10-311] analyzing module cabac_rlps4
INFO: [VRFC 10-2263] Analyzing Verilog file "E:/Project/xk265/hevc_encoder_system/hevc_encoder_system.srcs/sources_1/new/enc_core/rtl/cabac/cabac_rlps4_1bin.v" into library xil_defaultlib
INFO: [VRFC 10-311] analyzing module cabac_rlps4_1bin
INFO: [VRFC 10-2263] Analyzing Verilog file "E:/Project/xk265/hevc_encoder_system/hevc_encoder_system.srcs/sources_1/new/enc_core/rtl/cabac/cabac_se_prepare.v" into library xil_defaultlib
INFO: [VRFC 10-311] analyzing module cabac_se_prepare
INFO: [VRFC 10-2263] Analyzing Verilog file "E:/Project/xk265/hevc_encoder_system/hevc_encoder_system.srcs/sources_1/new/enc_core/rtl/cabac/cabac_se_prepare_amplitude_of_coeff.v" into library xil_defaultlib
INFO: [VRFC 10-311] analyzing module cabac_se_prepare_amplitude_of_coeff
INFO: [VRFC 10-2263] Analyzing Verilog file "E:/Project/xk265/hevc_encoder_system/hevc_encoder_system.srcs/sources_1/new/enc_core/rtl/cabac/cabac_se_prepare_coeff.v" into library xil_defaultlib
INFO: [VRFC 10-311] analyzing module cabac_se_prepare_coeff
INFO: [VRFC 10-2263] Analyzing Verilog file "E:/Project/xk265/hevc_encoder_system/hevc_encoder_system.srcs/sources_1/new/enc_core/rtl/cabac/cabac_se_prepare_coeff_last_sig_xy.v" into library xil_defaultlib
INFO: [VRFC 10-311] analyzing module cabac_se_prepare_coeff_last_sig_xy
INFO: [VRFC 10-2263] Analyzing Verilog file "E:/Project/xk265/hevc_encoder_system/hevc_encoder_system.srcs/sources_1/new/enc_core/rtl/cabac/cabac_se_prepare_cu.v" into library xil_defaultlib
INFO: [VRFC 10-311] analyzing module cabac_se_prepare_cu
INFO: [VRFC 10-2263] Analyzing Verilog file "E:/Project/xk265/hevc_encoder_system/hevc_encoder_system.srcs/sources_1/new/enc_core/rtl/cabac/cabac_se_prepare_intra.v" into library xil_defaultlib
INFO: [VRFC 10-311] analyzing module cabac_se_prepare_intra
INFO: [VRFC 10-2263] Analyzing Verilog file "E:/Project/xk265/hevc_encoder_system/hevc_encoder_system.srcs/sources_1/new/enc_core/rtl/cabac/cabac_se_prepare_intra_luma.v" into library xil_defaultlib
INFO: [VRFC 10-311] analyzing module cabac_se_prepare_intra_luma
INFO: [VRFC 10-2263] Analyzing Verilog file "E:/Project/xk265/hevc_encoder_system/hevc_encoder_system.srcs/sources_1/new/enc_core/rtl/cabac/cabac_se_prepare_mv.v" into library xil_defaultlib
INFO: [VRFC 10-311] analyzing module cabac_se_prepare_mv
INFO: [VRFC 10-2263] Analyzing Verilog file "E:/Project/xk265/hevc_encoder_system/hevc_encoder_system.srcs/sources_1/new/enc_core/rtl/cabac/cabac_se_prepare_mvd.v" into library xil_defaultlib
INFO: [VRFC 10-311] analyzing module cabac_se_prepare_mvd
INFO: [VRFC 10-2263] Analyzing Verilog file "E:/Project/xk265/hevc_encoder_system/hevc_encoder_system.srcs/sources_1/new/enc_core/rtl/cabac/cabac_se_prepare_sao_offset.v" into library xil_defaultlib
INFO: [VRFC 10-311] analyzing module cabac_se_prepare_sao_offset
INFO: [VRFC 10-2263] Analyzing Verilog file "E:/Project/xk265/hevc_encoder_system/hevc_encoder_system.srcs/sources_1/new/enc_core/rtl/cabac/cabac_se_prepare_sig_coeff_ctx.v" into library xil_defaultlib
INFO: [VRFC 10-311] analyzing module cabac_se_prepare_sig_coeff_ctx
INFO: [VRFC 10-2263] Analyzing Verilog file "E:/Project/xk265/hevc_encoder_system/hevc_encoder_system.srcs/sources_1/new/enc_core/rtl/cabac/cabac_se_prepare_tu.v" into library xil_defaultlib
INFO: [VRFC 10-311] analyzing module cabac_se_prepare_tu
INFO: [VRFC 10-2263] Analyzing Verilog file "E:/Project/xk265/hevc_encoder_system/hevc_encoder_system.srcs/sources_1/new/enc_core/rtl/cabac/cabac_top.v" into library xil_defaultlib
INFO: [VRFC 10-311] analyzing module cabac_top
INFO: [VRFC 10-2263] Analyzing Verilog file "E:/Project/xk265/hevc_encoder_system/hevc_encoder_system.srcs/sources_1/new/enc_core/rtl/cabac/cabac_ucontext.v" into library xil_defaultlib
INFO: [VRFC 10-311] analyzing module cabac_ucontext
INFO: [VRFC 10-2263] Analyzing Verilog file "E:/Project/xk265/hevc_encoder_system/hevc_encoder_system.srcs/sources_1/new/enc_core/rtl/cabac/cabac_ucontext_t.v" into library xil_defaultlib
INFO: [VRFC 10-311] analyzing module cabac_ucontext_t
INFO: [VRFC 10-2263] Analyzing Verilog file "E:/Project/xk265/hevc_encoder_system/hevc_encoder_system.srcs/sources_1/new/enc_core/rtl/cabac/cabac_ucontext_tt.v" into library xil_defaultlib
INFO: [VRFC 10-311] analyzing module cabac_ucontext_tt
INFO: [VRFC 10-2263] Analyzing Verilog file "E:/Project/xk265/hevc_encoder_system/hevc_encoder_system.srcs/sources_1/new/enc_core/rtl/cabac/cabac_ulow.v" into library xil_defaultlib
INFO: [VRFC 10-311] analyzing module cabac_ulow
INFO: [VRFC 10-2263] Analyzing Verilog file "E:/Project/xk265/hevc_encoder_system/hevc_encoder_system.srcs/sources_1/new/enc_core/rtl/cabac/cabac_ulow_1bin.v" into library xil_defaultlib
INFO: [VRFC 10-311] analyzing module cabac_ulow_1bin
INFO: [VRFC 10-2263] Analyzing Verilog file "E:/Project/xk265/hevc_encoder_system/hevc_encoder_system.srcs/sources_1/new/enc_core/rtl/cabac/cabac_ulow_refine.v" into library xil_defaultlib
INFO: [VRFC 10-311] analyzing module cabac_ulow_refine
INFO: [VRFC 10-2263] Analyzing Verilog file "E:/Project/xk265/hevc_encoder_system/hevc_encoder_system.srcs/sources_1/new/enc_core/rtl/cabac/cabac_urange4.v" into library xil_defaultlib
INFO: [VRFC 10-311] analyzing module cabac_urange4
INFO: [VRFC 10-2263] Analyzing Verilog file "E:/Project/xk265/hevc_encoder_system/hevc_encoder_system.srcs/sources_1/new/enc_core/rtl/cabac/cabac_urange4_full.v" into library xil_defaultlib
INFO: [VRFC 10-311] analyzing module cabac_urange4_full
INFO: [VRFC 10-2263] Analyzing Verilog file "E:/Project/xk265/hevc_encoder_system/hevc_encoder_system.srcs/sources_1/new/enc_core/rtl/rec/rec_tq/chroma_qp.v" into library xil_defaultlib
INFO: [VRFC 10-311] analyzing module chroma_qp
INFO: [VRFC 10-2263] Analyzing Verilog file "E:/Project/xk265/hevc_encoder_system/hevc_encoder_system.srcs/sources_1/new/enc_core/rtl/cabac/coe_addr_trans.v" into library xil_defaultlib
INFO: [VRFC 10-311] analyzing module coe_addr_trans
INFO: [VRFC 10-2263] Analyzing Verilog file "E:/Project/xk265/hevc_encoder_system/hevc_encoder_system.srcs/sources_1/new/enc_core/rtl/prei/compare.v" into library xil_defaultlib
INFO: [VRFC 10-311] analyzing module compare
INFO: [VRFC 10-2263] Analyzing Verilog file "E:/Project/xk265/hevc_encoder_system/hevc_encoder_system.srcs/sources_1/new/enc_core/rtl/prei/control.v" into library xil_defaultlib
INFO: [VRFC 10-311] analyzing module control
INFO: [VRFC 10-2263] Analyzing Verilog file "E:/Project/xk265/hevc_encoder_system/hevc_encoder_system.srcs/sources_1/new/enc_core/rtl/prei/counter.v" into library xil_defaultlib
INFO: [VRFC 10-311] analyzing module counter
INFO: [VRFC 10-2263] Analyzing Verilog file "E:/Project/xk265/hevc_encoder_system/hevc_encoder_system.srcs/sources_1/new/enc_core/rtl/rec/rec_tq/ctl0.v" into library xil_defaultlib
INFO: [VRFC 10-311] analyzing module ctl0
INFO: [VRFC 10-2263] Analyzing Verilog file "E:/Project/xk265/hevc_encoder_system/hevc_encoder_system.srcs/sources_1/new/enc_core/rtl/rec/rec_tq/ctl1.v" into library xil_defaultlib
INFO: [VRFC 10-311] analyzing module ctl1
INFO: [VRFC 10-2263] Analyzing Verilog file "E:/Project/xk265/hevc_encoder_system/hevc_encoder_system.srcs/sources_1/new/enc_core/rtl/rec/rec_tq/ctl2.v" into library xil_defaultlib
INFO: [VRFC 10-311] analyzing module ctl2
INFO: [VRFC 10-2263] Analyzing Verilog file "E:/Project/xk265/hevc_encoder_system/hevc_encoder_system.srcs/sources_1/new/enc_core/rtl/rec/rec_tq/ctl3.v" into library xil_defaultlib
INFO: [VRFC 10-311] analyzing module ctl3
INFO: [VRFC 10-2263] Analyzing Verilog file "E:/Project/xk265/hevc_encoder_system/hevc_encoder_system.srcs/sources_1/new/hdmi2yuv/data_merge.v" into library xil_defaultlib
INFO: [VRFC 10-311] analyzing module data_merge
INFO: [VRFC 10-2263] Analyzing Verilog file "E:/Project/xk265/hevc_encoder_system/hevc_encoder_system.srcs/sources_1/new/enc_core/rtl/db/db_bs.v" into library xil_defaultlib
INFO: [VRFC 10-311] analyzing module db_bs
INFO: [VRFC 10-2263] Analyzing Verilog file "E:/Project/xk265/hevc_encoder_system/hevc_encoder_system.srcs/sources_1/new/enc_core/rtl/mem/db_cbf_ram_sp_64x16.v" into library xil_defaultlib
INFO: [VRFC 10-311] analyzing module db_cbf_ram_sp_64x16
INFO: [VRFC 10-2263] Analyzing Verilog file "E:/Project/xk265/hevc_encoder_system/hevc_encoder_system.srcs/sources_1/new/enc_core/rtl/db/db_chroma_filter.v" into library xil_defaultlib
INFO: [VRFC 10-311] analyzing module db_chroma_filter
INFO: [VRFC 10-2263] Analyzing Verilog file "E:/Project/xk265/hevc_encoder_system/hevc_encoder_system.srcs/sources_1/new/enc_core/rtl/db/db_clip3_str.v" into library xil_defaultlib
INFO: [VRFC 10-311] analyzing module db_clip3_str
INFO: [VRFC 10-2263] Analyzing Verilog file "E:/Project/xk265/hevc_encoder_system/hevc_encoder_system.srcs/sources_1/new/enc_core/rtl/db/db_filter.v" into library xil_defaultlib
INFO: [VRFC 10-311] analyzing module db_filter
INFO: [VRFC 10-2263] Analyzing Verilog file "E:/Project/xk265/hevc_encoder_system/hevc_encoder_system.srcs/sources_1/new/enc_core/rtl/db/db_lut_beta.v" into library xil_defaultlib
INFO: [VRFC 10-311] analyzing module db_lut_beta
INFO: [VRFC 10-2263] Analyzing Verilog file "E:/Project/xk265/hevc_encoder_system/hevc_encoder_system.srcs/sources_1/new/enc_core/rtl/db/db_lut_tc.v" into library xil_defaultlib
INFO: [VRFC 10-311] analyzing module db_lut_tc
INFO: [VRFC 10-2263] Analyzing Verilog file "E:/Project/xk265/hevc_encoder_system/hevc_encoder_system.srcs/sources_1/new/enc_core/rtl/db/db_mv.v" into library xil_defaultlib
INFO: [VRFC 10-311] analyzing module db_mv
INFO: [VRFC 10-2263] Analyzing Verilog file "E:/Project/xk265/hevc_encoder_system/hevc_encoder_system.srcs/sources_1/new/enc_core/rtl/mem/db_mv_ram_sp_512x20.v" into library xil_defaultlib
INFO: [VRFC 10-311] analyzing module db_mv_ram_sp_512x20
INFO: [VRFC 10-2263] Analyzing Verilog file "E:/Project/xk265/hevc_encoder_system/hevc_encoder_system.srcs/sources_1/new/enc_core/rtl/mem/db_mv_ram_sp_64x20.v" into library xil_defaultlib
INFO: [VRFC 10-311] analyzing module db_mv_ram_sp_64x20
INFO: [VRFC 10-2263] Analyzing Verilog file "E:/Project/xk265/hevc_encoder_system/hevc_encoder_system.srcs/sources_1/new/enc_core/rtl/db/db_normal_filter.v" into library xil_defaultlib
INFO: [VRFC 10-311] analyzing module db_normal_filter
INFO: [VRFC 10-2263] Analyzing Verilog file "E:/Project/xk265/hevc_encoder_system/hevc_encoder_system.srcs/sources_1/new/enc_core/rtl/db/db_pu_edge.v" into library xil_defaultlib
INFO: [VRFC 10-311] analyzing module db_pu_edge
INFO: [VRFC 10-2263] Analyzing Verilog file "E:/Project/xk265/hevc_encoder_system/hevc_encoder_system.srcs/sources_1/new/enc_core/rtl/db/db_qp.v" into library xil_defaultlib
INFO: [VRFC 10-311] analyzing module db_qp
INFO: [VRFC 10-2263] Analyzing Verilog file "E:/Project/xk265/hevc_encoder_system/hevc_encoder_system.srcs/sources_1/new/enc_core/rtl/mem/db_qp_ram_sp_64x20.v" into library xil_defaultlib
INFO: [VRFC 10-311] analyzing module db_qp_ram_sp_64x20
INFO: [VRFC 10-2263] Analyzing Verilog file "E:/Project/xk265/hevc_encoder_system/hevc_encoder_system.srcs/sources_1/new/enc_core/rtl/db/db_strong_filter.v" into library xil_defaultlib
INFO: [VRFC 10-311] analyzing module db_strong_filter
INFO: [VRFC 10-2263] Analyzing Verilog file "E:/Project/xk265/hevc_encoder_system/hevc_encoder_system.srcs/sources_1/new/enc_core/rtl/db/db_tu_edge.v" into library xil_defaultlib
INFO: [VRFC 10-311] analyzing module db_tu_edge
INFO: [VRFC 10-2263] Analyzing Verilog file "E:/Project/xk265/hevc_encoder_system/hevc_encoder_system.srcs/sources_1/new/enc_core/rtl/mem/db_tupu_ram_sp_64x32.v" into library xil_defaultlib
INFO: [VRFC 10-311] analyzing module db_tupu_ram_sp_64x32
INFO: [VRFC 10-2263] Analyzing Verilog file "E:/Project/xk265/hevc_encoder_system/hevc_encoder_system.srcs/sources_1/new/enc_core/rtl/db/dbsao_controller.v" into library xil_defaultlib
INFO: [VRFC 10-311] analyzing module dbsao_controller
INFO: [VRFC 10-2263] Analyzing Verilog file "E:/Project/xk265/hevc_encoder_system/hevc_encoder_system.srcs/sources_1/new/enc_core/rtl/db/dbsao_datapath.v" into library xil_defaultlib
INFO: [VRFC 10-311] analyzing module dbsao_datapath
INFO: [VRFC 10-2263] Analyzing Verilog file "E:/Project/xk265/hevc_encoder_system/hevc_encoder_system.srcs/sources_1/new/enc_core/rtl/db/dbsao_top.v" into library xil_defaultlib
INFO: [VRFC 10-311] analyzing module dbsao_top
INFO: [VRFC 10-2263] Analyzing Verilog file "E:/Project/xk265/hevc_encoder_system/hevc_encoder_system.srcs/sources_1/new/enc_core/rtl/rec/rec_tq/dct_top_2d.v" into library xil_defaultlib
INFO: [VRFC 10-311] analyzing module dct_top_2d
INFO: [VRFC 10-2263] Analyzing Verilog file "E:/Project/xk265/hevc_encoder_system/hevc_encoder_system.srcs/sources_1/new/enc_core/rtl/top/enc_core.v" into library xil_defaultlib
INFO: [VRFC 10-311] analyzing module enc_core
INFO: [VRFC 10-2263] Analyzing Verilog file "E:/Project/xk265/hevc_encoder_system/hevc_encoder_system.srcs/sources_1/new/enc_core/rtl/top/enc_ctrl.v" into library xil_defaultlib
INFO: [VRFC 10-311] analyzing module enc_ctrl
INFO: [VRFC 10-2263] Analyzing Verilog file "E:/Project/xk265/hevc_encoder_system/hevc_encoder_system.srcs/sources_1/new/enc_core/rtl/top/enc_data_pipeline.v" into library xil_defaultlib
INFO: [VRFC 10-311] analyzing module enc_data_pipeline
INFO: [VRFC 10-2263] Analyzing Verilog file "E:/Project/xk265/hevc_encoder_system/hevc_encoder_system.srcs/sources_1/new/enc_core/rtl/top/enc_top.v" into library xil_defaultlib
INFO: [VRFC 10-311] analyzing module h265enc_top
INFO: [VRFC 10-2263] Analyzing Verilog file "E:/Project/xk265/hevc_encoder_system/hevc_encoder_system.srcs/sources_1/new/exif/exif_top.v" into library xil_defaultlib
INFO: [VRFC 10-311] analyzing module exif_top
INFO: [VRFC 10-2263] Analyzing Verilog file "E:/Project/xk265/hevc_encoder_system/hevc_encoder_system.gen/sources_1/bd/fdma_mig_ddr/hdl/fdma_mig_ddr_wrapper.v" into library xil_defaultlib
INFO: [VRFC 10-311] analyzing module fdma_mig_ddr_wrapper
INFO: [VRFC 10-2263] Analyzing Verilog file "E:/Project/xk265/hevc_encoder_system/hevc_encoder_system.srcs/sources_1/new/enc_core/rtl/prei/fetch8x8.v" into library xil_defaultlib
INFO: [VRFC 10-311] analyzing module fetch8x8
INFO: [VRFC 10-2263] Analyzing Verilog file "E:/Project/xk265/hevc_encoder_system/hevc_encoder_system.srcs/sources_1/new/enc_core/rtl/fetch/fetch_cur_chroma.v" into library xil_defaultlib
INFO: [VRFC 10-311] analyzing module fetch_cur_chroma
INFO: [VRFC 10-2263] Analyzing Verilog file "E:/Project/xk265/hevc_encoder_system/hevc_encoder_system.srcs/sources_1/new/enc_core/rtl/fetch/fetch_cur_luma.v" into library xil_defaultlib
INFO: [VRFC 10-311] analyzing module fetch_cur_luma
INFO: [VRFC 10-2263] Analyzing Verilog file "E:/Project/xk265/hevc_encoder_system/hevc_encoder_system.srcs/sources_1/new/enc_core/rtl/fetch/fetch_db.v" into library xil_defaultlib
INFO: [VRFC 10-311] analyzing module fetch_db
INFO: [VRFC 10-2263] Analyzing Verilog file "E:/Project/xk265/hevc_encoder_system/hevc_encoder_system.srcs/sources_1/new/enc_core/rtl/mem/fetch_ram_1p_128x32.v" into library xil_defaultlib
INFO: [VRFC 10-311] analyzing module fetch_ram_1p_128x32
INFO: [VRFC 10-2263] Analyzing Verilog file "E:/Project/xk265/hevc_encoder_system/hevc_encoder_system.srcs/sources_1/new/enc_core/rtl/mem/fetch_ram_2p_64x208.v" into library xil_defaultlib
INFO: [VRFC 10-311] analyzing module fetch_ram_2p_64x208
INFO: [VRFC 10-2263] Analyzing Verilog file "E:/Project/xk265/hevc_encoder_system/hevc_encoder_system.srcs/sources_1/new/enc_core/rtl/fetch/fetch_ref_chroma.v" into library xil_defaultlib
INFO: [VRFC 10-311] analyzing module fetch_ref_chroma
INFO: [VRFC 10-2263] Analyzing Verilog file "E:/Project/xk265/hevc_encoder_system/hevc_encoder_system.srcs/sources_1/new/enc_core/rtl/fetch/fetch_ref_luma.v" into library xil_defaultlib
INFO: [VRFC 10-311] analyzing module fetch_ref_luma
INFO: [VRFC 10-2263] Analyzing Verilog file "E:/Project/xk265/hevc_encoder_system/hevc_encoder_system.srcs/sources_1/new/enc_core/rtl/mem/fetch_rf_1p_128x512.v" into library xil_defaultlib
INFO: [VRFC 10-311] analyzing module fetch_rf_1p_128x512
INFO: [VRFC 10-2263] Analyzing Verilog file "E:/Project/xk265/hevc_encoder_system/hevc_encoder_system.srcs/sources_1/new/enc_core/rtl/mem/fetch_rf_1p_64x256.v" into library xil_defaultlib
INFO: [VRFC 10-311] analyzing module fetch_rf_1p_64x256
INFO: [VRFC 10-2263] Analyzing Verilog file "E:/Project/xk265/hevc_encoder_system/hevc_encoder_system.srcs/sources_1/new/enc_core/rtl/fetch/fetch_top.v" into library xil_defaultlib
INFO: [VRFC 10-311] analyzing module fetch_top
INFO: [VRFC 10-2263] Analyzing Verilog file "E:/Project/xk265/hevc_encoder_system/hevc_encoder_system.srcs/sources_1/new/enc_core/rtl/fetch/fetch_wrapper.v" into library xil_defaultlib
INFO: [VRFC 10-311] analyzing module fetch_wrapper
INFO: [VRFC 10-2263] Analyzing Verilog file "E:/Project/xk265/hevc_encoder_system/hevc_encoder_system.srcs/sources_1/new/enc_core/rtl/fme/fme_buf_wrapper.v" into library xil_defaultlib
INFO: [VRFC 10-311] analyzing module fme_buf_wrapper
INFO: [VRFC 10-2263] Analyzing Verilog file "E:/Project/xk265/hevc_encoder_system/hevc_encoder_system.srcs/sources_1/new/enc_core/rtl/fme/fme_cost.v" into library xil_defaultlib
INFO: [VRFC 10-311] analyzing module fme_cost
INFO: [VRFC 10-311] analyzing module bits_num
INFO: [VRFC 10-2263] Analyzing Verilog file "E:/Project/xk265/hevc_encoder_system/hevc_encoder_system.srcs/sources_1/new/enc_core/rtl/fme/fme_ctrl.v" into library xil_defaultlib
INFO: [VRFC 10-311] analyzing module fme_ctrl
INFO: [VRFC 10-2263] Analyzing Verilog file "E:/Project/xk265/hevc_encoder_system/hevc_encoder_system.srcs/sources_1/new/enc_core/rtl/fme/fme_interpolator.v" into library xil_defaultlib
INFO: [VRFC 10-311] analyzing module clip
INFO: [VRFC 10-311] analyzing module clip2
INFO: [VRFC 10-311] analyzing module fme_interpolator
INFO: [VRFC 10-2263] Analyzing Verilog file "E:/Project/xk265/hevc_encoder_system/hevc_encoder_system.srcs/sources_1/new/enc_core/rtl/fme/fme_interpolator_8pel.v" into library xil_defaultlib
INFO: [VRFC 10-311] analyzing module fme_interpolator_8pel
INFO: [VRFC 10-2263] Analyzing Verilog file "E:/Project/xk265/hevc_encoder_system/hevc_encoder_system.srcs/sources_1/new/enc_core/rtl/fme/fme_interpolator_8x8.v" into library xil_defaultlib
INFO: [VRFC 10-311] analyzing module fme_interpolator_8x8
INFO: [VRFC 10-2263] Analyzing Verilog file "E:/Project/xk265/hevc_encoder_system/hevc_encoder_system.srcs/sources_1/new/enc_core/rtl/fme/fme_ip_half_ver.v" into library xil_defaultlib
INFO: [VRFC 10-311] analyzing module fme_ip_half_ver
INFO: [VRFC 10-2263] Analyzing Verilog file "E:/Project/xk265/hevc_encoder_system/hevc_encoder_system.srcs/sources_1/new/enc_core/rtl/fme/fme_ip_quarter_ver.v" into library xil_defaultlib
INFO: [VRFC 10-311] analyzing module fme_ip_quarter_ver
INFO: [VRFC 10-2263] Analyzing Verilog file "E:/Project/xk265/hevc_encoder_system/hevc_encoder_system.srcs/sources_1/new/enc_core/rtl/fme/fme_mv_buffer.v" into library xil_defaultlib
INFO: [VRFC 10-311] analyzing module fme_mv_buffer
INFO: [VRFC 10-2263] Analyzing Verilog file "E:/Project/xk265/hevc_encoder_system/hevc_encoder_system.srcs/sources_1/new/enc_core/rtl/fme/fme_mv_candidate_prepare.v" into library xil_defaultlib
INFO: [VRFC 10-311] analyzing module fme_mv_candidate_prepare
INFO: [VRFC 10-2263] Analyzing Verilog file "E:/Project/xk265/hevc_encoder_system/hevc_encoder_system.srcs/sources_1/new/enc_core/rtl/mem/fme_mv_ram_dp_64x20.v" into library xil_defaultlib
INFO: [VRFC 10-311] analyzing module fme_mv_ram_dp_64x20
INFO: [VRFC 10-2263] Analyzing Verilog file "E:/Project/xk265/hevc_encoder_system/hevc_encoder_system.srcs/sources_1/new/enc_core/rtl/fme/fme_pred.v" into library xil_defaultlib
INFO: [VRFC 10-311] analyzing module fme_pred
INFO: [VRFC 10-2263] Analyzing Verilog file "E:/Project/xk265/hevc_encoder_system/hevc_encoder_system.srcs/sources_1/new/enc_core/rtl/fme/fme_satd_8x8.v" into library xil_defaultlib
INFO: [VRFC 10-311] analyzing module fme_abs
INFO: [VRFC 10-311] analyzing module hadamard_trans_1d
INFO: [VRFC 10-311] analyzing module hadamard_trans_2d
INFO: [VRFC 10-311] analyzing module fme_satd_8x8
INFO: [VRFC 10-2263] Analyzing Verilog file "E:/Project/xk265/hevc_encoder_system/hevc_encoder_system.srcs/sources_1/new/enc_core/rtl/fme/fme_satd_gen.v" into library xil_defaultlib
INFO: [VRFC 10-311] analyzing module fme_satd_gen
INFO: [VRFC 10-2263] Analyzing Verilog file "E:/Project/xk265/hevc_encoder_system/hevc_encoder_system.srcs/sources_1/new/enc_core/rtl/fme/fme_skip.v" into library xil_defaultlib
INFO: [VRFC 10-311] analyzing module fme_skip
INFO: [VRFC 10-2263] Analyzing Verilog file "E:/Project/xk265/hevc_encoder_system/hevc_encoder_system.srcs/sources_1/new/enc_core/rtl/fme/fme_top.v" into library xil_defaultlib
INFO: [VRFC 10-311] analyzing module fme_top
INFO: [VRFC 10-2263] Analyzing Verilog file "E:/Project/xk265/hevc_encoder_system/hevc_encoder_system.srcs/sources_1/new/enc_core/rtl/top/fme_top_buf.v" into library xil_defaultlib
INFO: [VRFC 10-311] analyzing module fme_top_buf
INFO: [VRFC 10-2263] Analyzing Verilog file "E:/Project/xk265/hevc_encoder_system/hevc_encoder_system.srcs/sources_1/new/enc_core/rtl/prei/gxgy.v" into library xil_defaultlib
INFO: [VRFC 10-311] analyzing module gxgy
INFO: [VRFC 10-2263] Analyzing Verilog file "E:/Project/xk265/hevc_encoder_system/hevc_encoder_system.srcs/sources_1/new/hdmi2yuv/hdmi2rgb.v" into library xil_defaultlib
INFO: [VRFC 10-311] analyzing module hdmi2rgb
INFO: [VRFC 10-2263] Analyzing Verilog file "E:/Project/xk265/hevc_encoder_system/hevc_encoder_system.srcs/sources_1/new/hdmi2yuv/hdmi2yuv_top.v" into library xil_defaultlib
INFO: [VRFC 10-311] analyzing module hdmi2yuv_top
INFO: [VRFC 10-2263] Analyzing Verilog file "E:/Project/xk265/hevc_encoder_system/hevc_encoder_system.srcs/sources_1/new/hevc_encoder_system_ctrl.v" into library xil_defaultlib
INFO: [VRFC 10-311] analyzing module hevc_encoder_system_ctrl
INFO: [VRFC 10-2263] Analyzing Verilog file "E:/Project/xk265/hevc_encoder_system/hevc_encoder_system.srcs/sources_1/new/hevc_encoder_system_top.v" into library xil_defaultlib
INFO: [VRFC 10-311] analyzing module hevc_encoder_system_top
INFO: [VRFC 10-2263] Analyzing Verilog file "E:/Project/xk265/hevc_encoder_system/hevc_encoder_system.srcs/sources_1/new/enc_core/rtl/prei/hevc_md_top.v" into library xil_defaultlib
INFO: [VRFC 10-311] analyzing module hevc_md_top
INFO: [VRFC 10-2263] Analyzing Verilog file "E:/Project/xk265/hevc_encoder_system/hevc_encoder_system.srcs/sources_1/new/enc_core/rtl/ime/ime_addressing.v" into library xil_defaultlib
INFO: [VRFC 10-311] analyzing module ime_addressing
INFO: [VRFC 10-2263] Analyzing Verilog file "E:/Project/xk265/hevc_encoder_system/hevc_encoder_system.srcs/sources_1/new/enc_core/rtl/ime/ime_cost_store.v" into library xil_defaultlib
INFO: [VRFC 10-311] analyzing module ime_cost_store
INFO: [VRFC 10-2263] Analyzing Verilog file "E:/Project/xk265/hevc_encoder_system/hevc_encoder_system.srcs/sources_1/new/enc_core/rtl/ime/ime_ctrl.v" into library xil_defaultlib
INFO: [VRFC 10-311] analyzing module ime_ctrl
INFO: [VRFC 10-2263] Analyzing Verilog file "E:/Project/xk265/hevc_encoder_system/hevc_encoder_system.srcs/sources_1/new/enc_core/rtl/ime/ime_dat_array.v" into library xil_defaultlib
INFO: [VRFC 10-311] analyzing module ime_dat_array
INFO: [VRFC 10-2263] Analyzing Verilog file "E:/Project/xk265/hevc_encoder_system/hevc_encoder_system.srcs/sources_1/new/enc_core/rtl/ime/ime_mv_dump.v" into library xil_defaultlib
INFO: [VRFC 10-311] analyzing module ime_mv_dump
INFO: [VRFC 10-2263] Analyzing Verilog file "E:/Project/xk265/hevc_encoder_system/hevc_encoder_system.srcs/sources_1/new/enc_core/rtl/mem/ime_mv_ram_sp_64x13.v" into library xil_defaultlib
INFO: [VRFC 10-311] analyzing module ime_mv_ram_sp_64x13
INFO: [VRFC 10-2263] Analyzing Verilog file "E:/Project/xk265/hevc_encoder_system/hevc_encoder_system.srcs/sources_1/new/enc_core/rtl/ime/ime_partition_decision.v" into library xil_defaultlib
INFO: [VRFC 10-311] analyzing module ime_partition_decision
INFO: [VRFC 10-2263] Analyzing Verilog file "E:/Project/xk265/hevc_encoder_system/hevc_encoder_system.srcs/sources_1/new/enc_core/rtl/ime/ime_partition_decision_engine.v" into library xil_defaultlib
INFO: [VRFC 10-311] analyzing module ime_partition_decision_engine
INFO: [VRFC 10-2263] Analyzing Verilog file "E:/Project/xk265/hevc_encoder_system/hevc_encoder_system.srcs/sources_1/new/enc_core/rtl/ime/ime_sad_array.v" into library xil_defaultlib
INFO: [VRFC 10-311] analyzing module ime_sad_array
INFO: [VRFC 10-2263] Analyzing Verilog file "E:/Project/xk265/hevc_encoder_system/hevc_encoder_system.srcs/sources_1/new/enc_core/rtl/ime/ime_top.v" into library xil_defaultlib
INFO: [VRFC 10-311] analyzing module ime_top
INFO: [VRFC 10-311] analyzing module ime_glue_logic
INFO: [VRFC 10-2263] Analyzing Verilog file "E:/Project/xk265/hevc_encoder_system/hevc_encoder_system.srcs/sources_1/new/enc_core/rtl/top/ime_top_buf.v" into library xil_defaultlib
INFO: [VRFC 10-311] analyzing module ime_top_buf
INFO: [VRFC 10-2263] Analyzing Verilog file "E:/Project/xk265/hevc_encoder_system/hevc_encoder_system.srcs/sources_1/new/enc_core/rtl/ime/ime_transfer.v" into library xil_defaultlib
INFO: [VRFC 10-311] analyzing module ime_transfer
INFO: [VRFC 10-2263] Analyzing Verilog file "E:/Project/xk265/hevc_encoder_system/hevc_encoder_system.srcs/sources_1/new/enc_core/rtl/ime/ime_ver_mem.v" into library xil_defaultlib
INFO: [VRFC 10-311] analyzing module ime_ver_mem
INFO: [VRFC 10-2263] Analyzing Verilog file "E:/Project/xk265/hevc_encoder_system/hevc_encoder_system.srcs/sources_1/new/enc_core/rtl/rec/rec_intra/intra_buf_wrapper.v" into library xil_defaultlib
INFO: [VRFC 10-311] analyzing module intra_buf_wrapper
INFO: [VRFC 10-2263] Analyzing Verilog file "E:/Project/xk265/hevc_encoder_system/hevc_encoder_system.srcs/sources_1/new/enc_core/rtl/rec/rec_intra/intra_ctrl.v" into library xil_defaultlib
INFO: [VRFC 10-311] analyzing module intra_ctrl
INFO: [VRFC 10-2263] Analyzing Verilog file "E:/Project/xk265/hevc_encoder_system/hevc_encoder_system.srcs/sources_1/new/enc_core/rtl/rec/rec_intra/intra_pred.v" into library xil_defaultlib
INFO: [VRFC 10-311] analyzing module intra_pred
INFO: [VRFC 10-2263] Analyzing Verilog file "E:/Project/xk265/hevc_encoder_system/hevc_encoder_system.srcs/sources_1/new/enc_core/rtl/rec/rec_intra/intra_ref.v" into library xil_defaultlib
INFO: [VRFC 10-311] analyzing module intra_ref
INFO: [VRFC 10-2263] Analyzing Verilog file "E:/Project/xk265/hevc_encoder_system/hevc_encoder_system.srcs/sources_1/new/enc_core/rtl/rec/rec_intra/intra_top.v" into library xil_defaultlib
INFO: [VRFC 10-311] analyzing module intra_top
INFO: [VRFC 10-2263] Analyzing Verilog file "E:/Project/xk265/hevc_encoder_system/hevc_encoder_system.srcs/sources_1/new/enc_core/rtl/rec/rec_mc/mc_chroma_filter.v" into library xil_defaultlib
INFO: [VRFC 10-311] analyzing module mc_chroma_filter_hor
INFO: [VRFC 10-311] analyzing module mc_chroma_filter_ver
INFO: [VRFC 10-2263] Analyzing Verilog file "E:/Project/xk265/hevc_encoder_system/hevc_encoder_system.srcs/sources_1/new/enc_core/rtl/rec/rec_mc/mc_chroma_ip4x4.v" into library xil_defaultlib
INFO: [VRFC 10-311] analyzing module mc_chroma_ip4x4
INFO: [VRFC 10-2263] Analyzing Verilog file "E:/Project/xk265/hevc_encoder_system/hevc_encoder_system.srcs/sources_1/new/enc_core/rtl/rec/rec_mc/mc_chroma_ip_1p.v" into library xil_defaultlib
INFO: [VRFC 10-311] analyzing module mc_chroma_ip_1p
INFO: [VRFC 10-2263] Analyzing Verilog file "E:/Project/xk265/hevc_encoder_system/hevc_encoder_system.srcs/sources_1/new/enc_core/rtl/rec/rec_mc/mc_chroma_top.v" into library xil_defaultlib
INFO: [VRFC 10-311] analyzing module mc_chroma_top
INFO: [VRFC 10-2263] Analyzing Verilog file "E:/Project/xk265/hevc_encoder_system/hevc_encoder_system.srcs/sources_1/new/enc_core/rtl/rec/rec_mc/mc_ctrl.v" into library xil_defaultlib
INFO: [VRFC 10-311] analyzing module mc_ctrl
INFO: [VRFC 10-2263] Analyzing Verilog file "E:/Project/xk265/hevc_encoder_system/hevc_encoder_system.srcs/sources_1/new/enc_core/rtl/mem/mc_mv_ram_sp_512x20.v" into library xil_defaultlib
INFO: [VRFC 10-311] analyzing module mc_mv_ram_sp_512x20
INFO: [VRFC 10-2263] Analyzing Verilog file "E:/Project/xk265/hevc_encoder_system/hevc_encoder_system.srcs/sources_1/new/enc_core/rtl/rec/rec_mc/mc_top.v" into library xil_defaultlib
INFO: [VRFC 10-311] analyzing module mc_top
INFO: [VRFC 10-2263] Analyzing Verilog file "E:/Project/xk265/hevc_encoder_system/hevc_encoder_system.srcs/sources_1/new/enc_core/rtl/rec/rec_mc/mc_tq.v" into library xil_defaultlib
INFO: [VRFC 10-311] analyzing module mc_tq
INFO: [VRFC 10-2263] Analyzing Verilog file "E:/Project/xk265/hevc_encoder_system/hevc_encoder_system.srcs/sources_1/new/enc_core/rtl/prei/md_fetch.v" into library xil_defaultlib
INFO: [VRFC 10-311] analyzing module md_fetch
INFO: [VRFC 10-2263] Analyzing Verilog file "E:/Project/xk265/hevc_encoder_system/hevc_encoder_system.srcs/sources_1/new/enc_core/rtl/prei/md_top.v" into library xil_defaultlib
INFO: [VRFC 10-311] analyzing module md_top
INFO: [VRFC 10-2263] Analyzing Verilog file "E:/Project/xk265/hevc_encoder_system/hevc_encoder_system.srcs/sources_1/new/enc_core/rtl/fetch/mem_bilo_db.v" into library xil_defaultlib
INFO: [VRFC 10-311] analyzing module mem_bilo_db
INFO: [VRFC 10-2263] Analyzing Verilog file "E:/Project/xk265/hevc_encoder_system/hevc_encoder_system.srcs/sources_1/new/enc_core/rtl/mem/mem_lipo_1p_128x64x4.v" into library xil_defaultlib
INFO: [VRFC 10-311] analyzing module mem_lipo_1p_128x64x4
INFO: [VRFC 10-2263] Analyzing Verilog file "E:/Project/xk265/hevc_encoder_system/hevc_encoder_system.srcs/sources_1/new/enc_core/rtl/mem/mem_lipo_1p_64x64x4.v" into library xil_defaultlib
INFO: [VRFC 10-311] analyzing module mem_lipo_1p_64x64x4
INFO: [VRFC 10-2263] Analyzing Verilog file "E:/Project/xk265/hevc_encoder_system/hevc_encoder_system.srcs/sources_1/new/enc_core/rtl/rec/rec_tq/mod.v" into library xil_defaultlib
INFO: [VRFC 10-311] analyzing module mod
INFO: [VRFC 10-2263] Analyzing Verilog file "E:/Project/xk265/hevc_encoder_system/hevc_encoder_system.srcs/sources_1/new/enc_core/rtl/prei/mode_write.v" into library xil_defaultlib
INFO: [VRFC 10-311] analyzing module mode_write
INFO: [VRFC 10-2263] Analyzing Verilog file "E:/Project/xk265/hevc_encoder_system/hevc_encoder_system.srcs/sources_1/new/enc_core/rtl/rec/rec_tq/mux0.v" into library xil_defaultlib
INFO: [VRFC 10-311] analyzing module mux_0
INFO: [VRFC 10-2263] Analyzing Verilog file "E:/Project/xk265/hevc_encoder_system/hevc_encoder_system.srcs/sources_1/new/enc_core/rtl/rec/rec_tq/mux1.v" into library xil_defaultlib
INFO: [VRFC 10-311] analyzing module mux_1
INFO: [VRFC 10-2263] Analyzing Verilog file "E:/Project/xk265/hevc_encoder_system/hevc_encoder_system.srcs/sources_1/new/enc_core/rtl/rec/rec_tq/mux2.v" into library xil_defaultlib
INFO: [VRFC 10-311] analyzing module mux_2
INFO: [VRFC 10-2263] Analyzing Verilog file "E:/Project/xk265/hevc_encoder_system/hevc_encoder_system.srcs/sources_1/new/enc_core/rtl/rec/rec_tq/mux3.v" into library xil_defaultlib
INFO: [VRFC 10-311] analyzing module mux_3
INFO: [VRFC 10-2263] Analyzing Verilog file "E:/Project/xk265/hevc_encoder_system/hevc_encoder_system.srcs/sources_1/new/enc_core/rtl/rec/rec_tq/mux32_1.v" into library xil_defaultlib
INFO: [VRFC 10-311] analyzing module mux32_1
INFO: [VRFC 10-2263] Analyzing Verilog file "E:/Project/xk265/hevc_encoder_system/hevc_encoder_system.srcs/sources_1/new/enc_core/rtl/rec/rec_mc/mvd_can_mv_addr.v" into library xil_defaultlib
INFO: [VRFC 10-311] analyzing module mvd_can_mv_addr
INFO: [VRFC 10-2263] Analyzing Verilog file "E:/Project/xk265/hevc_encoder_system/hevc_encoder_system.srcs/sources_1/new/enc_core/rtl/rec/rec_mc/mvd_getBits.v" into library xil_defaultlib
INFO: [VRFC 10-311] analyzing module mvd_getBits
INFO: [VRFC 10-2263] Analyzing Verilog file "E:/Project/xk265/hevc_encoder_system/hevc_encoder_system.srcs/sources_1/new/enc_core/rtl/rec/rec_mc/mvd_top.v" into library xil_defaultlib
INFO: [VRFC 10-311] analyzing module mvd_top
INFO: [VRFC 10-2263] Analyzing Verilog file "E:/Project/xk265/hevc_encoder_system/hevc_encoder_system.srcs/sources_1/new/enc_core/rtl/rec/rec_tq/offset_shift.v" into library xil_defaultlib
INFO: [VRFC 10-311] analyzing module offset_shift
INFO: [VRFC 10-2263] Analyzing Verilog file "E:/Project/xk265/hevc_encoder_system/hevc_encoder_system.srcs/sources_1/new/enc_core/rtl/rec/rec_tq/pe.v" into library xil_defaultlib
INFO: [VRFC 10-311] analyzing module pe
INFO: [VRFC 10-2263] Analyzing Verilog file "E:/Project/xk265/hevc_encoder_system/hevc_encoder_system.srcs/sources_1/new/enc_core/rtl/rec/rec_tq/pe_i.v" into library xil_defaultlib
INFO: [VRFC 10-311] analyzing module pe_i
INFO: [VRFC 10-2263] Analyzing Verilog file "E:/Project/xk265/hevc_encoder_system/hevc_encoder_system.srcs/sources_1/new/enc_core/rtl/cabac/pipo.v" into library xil_defaultlib
INFO: [VRFC 10-311] analyzing module cabac_pipo
INFO: [VRFC 10-2263] Analyzing Verilog file "E:/Project/xk265/hevc_encoder_system/hevc_encoder_system.srcs/sources_1/new/enc_core/rtl/posi/posi_buffer.v" into library xil_defaultlib
INFO: [VRFC 10-311] analyzing module posi_buffer
INFO: [VRFC 10-2263] Analyzing Verilog file "E:/Project/xk265/hevc_encoder_system/hevc_encoder_system.srcs/sources_1/new/enc_core/rtl/posi/posi_ctrl.v" into library xil_defaultlib
INFO: [VRFC 10-311] analyzing module posi_ctrl
INFO: [VRFC 10-2263] Analyzing Verilog file "E:/Project/xk265/hevc_encoder_system/hevc_encoder_system.srcs/sources_1/new/enc_core/rtl/mem/posi_md_ram_sp_64x6.v" into library xil_defaultlib
INFO: [VRFC 10-311] analyzing module posi_md_ram_sp_64x6
INFO: [VRFC 10-2263] Analyzing Verilog file "E:/Project/xk265/hevc_encoder_system/hevc_encoder_system.srcs/sources_1/new/enc_core/rtl/posi/posi_memory_wrapper.v" into library xil_defaultlib
INFO: [VRFC 10-311] analyzing module posi_memory_wrapper
INFO: [VRFC 10-2263] Analyzing Verilog file "E:/Project/xk265/hevc_encoder_system/hevc_encoder_system.srcs/sources_1/new/enc_core/rtl/posi/posi_partition_decision.v" into library xil_defaultlib
INFO: [VRFC 10-311] analyzing module posi_partition_decision
INFO: [VRFC 10-2263] Analyzing Verilog file "E:/Project/xk265/hevc_encoder_system/hevc_encoder_system.srcs/sources_1/new/enc_core/rtl/posi/posi_prediction.v" into library xil_defaultlib
INFO: [VRFC 10-311] analyzing module posi_prediction
INFO: [VRFC 10-2263] Analyzing Verilog file "E:/Project/xk265/hevc_encoder_system/hevc_encoder_system.srcs/sources_1/new/enc_core/rtl/posi/posi_rate_estimation.v" into library xil_defaultlib
INFO: [VRFC 10-311] analyzing module posi_rate_estimation
INFO: [VRFC 10-2263] Analyzing Verilog file "E:/Project/xk265/hevc_encoder_system/hevc_encoder_system.srcs/sources_1/new/enc_core/rtl/posi/posi_reference.v" into library xil_defaultlib
INFO: [VRFC 10-311] analyzing module posi_reference
INFO: [VRFC 10-2263] Analyzing Verilog file "E:/Project/xk265/hevc_encoder_system/hevc_encoder_system.srcs/sources_1/new/enc_core/rtl/posi/posi_satd_cost.v" into library xil_defaultlib
INFO: [VRFC 10-311] analyzing module posi_satd_cost
INFO: [VRFC 10-2263] Analyzing Verilog file "E:/Project/xk265/hevc_encoder_system/hevc_encoder_system.srcs/sources_1/new/enc_core/rtl/posi/posi_satd_cost_engine.v" into library xil_defaultlib
INFO: [VRFC 10-311] analyzing module posi_satd_cost_engine
INFO: [VRFC 10-2263] Analyzing Verilog file "E:/Project/xk265/hevc_encoder_system/hevc_encoder_system.srcs/sources_1/new/enc_core/rtl/posi/posi_satd_cost_transpose.v" into library xil_defaultlib
INFO: [VRFC 10-311] analyzing module posi_satd_cost_transpose
INFO: [VRFC 10-2263] Analyzing Verilog file "E:/Project/xk265/hevc_encoder_system/hevc_encoder_system.srcs/sources_1/new/enc_core/rtl/posi/posi_top.v" into library xil_defaultlib
INFO: [VRFC 10-311] analyzing module posi_top
INFO: [VRFC 10-2263] Analyzing Verilog file "E:/Project/xk265/hevc_encoder_system/hevc_encoder_system.srcs/sources_1/new/enc_core/rtl/top/posi_top_buf.v" into library xil_defaultlib
INFO: [VRFC 10-311] analyzing module posi_top_buf
INFO: [VRFC 10-2263] Analyzing Verilog file "E:/Project/xk265/hevc_encoder_system/hevc_encoder_system.srcs/sources_1/new/enc_core/rtl/posi/posi_transfer.v" into library xil_defaultlib
INFO: [VRFC 10-311] analyzing module posi_transfer
INFO: [VRFC 10-2263] Analyzing Verilog file "E:/Project/xk265/hevc_encoder_system/hevc_encoder_system.srcs/sources_1/new/enc_core/rtl/mem/prei_md_ram_sp_85x6.v" into library xil_defaultlib
INFO: [VRFC 10-311] analyzing module prei_md_ram_sp_85x6
INFO: [VRFC 10-2263] Analyzing Verilog file "E:/Project/xk265/hevc_encoder_system/hevc_encoder_system.srcs/sources_1/new/enc_core/rtl/prei/prei_top.v" into library xil_defaultlib
INFO: [VRFC 10-311] analyzing module prei_top
INFO: [VRFC 10-2263] Analyzing Verilog file "E:/Project/xk265/hevc_encoder_system/hevc_encoder_system.srcs/sources_1/new/enc_core/rtl/top/prei_top_buf.v" into library xil_defaultlib
INFO: [VRFC 10-311] analyzing module prei_top_buf
INFO: [VRFC 10-2263] Analyzing Verilog file "E:/Project/xk265/hevc_encoder_system/hevc_encoder_system.srcs/sources_1/new/enc_core/rtl/rec/rec_tq/q_iq.v" into library xil_defaultlib
INFO: [VRFC 10-311] analyzing module q_iq
INFO: [VRFC 10-2263] Analyzing Verilog file "E:/Project/xk265/hevc_encoder_system/hevc_encoder_system.srcs/sources_1/new/enc_core/rtl/fme/qp_lambda_table.v" into library xil_defaultlib
INFO: [VRFC 10-311] analyzing module qp_lambda_table
INFO: [VRFC 10-2263] Analyzing Verilog file "E:/Project/xk265/hevc_encoder_system/hevc_encoder_system.srcs/sources_1/new/enc_core/rtl/rec/rec_tq/quan.v" into library xil_defaultlib
INFO: [VRFC 10-311] analyzing module quan
INFO: [VRFC 10-2263] Analyzing Verilog file "E:/Project/xk265/hevc_encoder_system/hevc_encoder_system.srcs/sources_1/new/enc_core/lib/behave/mem/ram_1p.v" into library xil_defaultlib
INFO: [VRFC 10-311] analyzing module ram_1p
INFO: [VRFC 10-2263] Analyzing Verilog file "E:/Project/xk265/hevc_encoder_system/hevc_encoder_system.srcs/sources_1/new/enc_core/lib/behave/mem/ram_dp.v" into library xil_defaultlib
INFO: [VRFC 10-311] analyzing module ram_dp
INFO: [VRFC 10-2263] Analyzing Verilog file "E:/Project/xk265/hevc_encoder_system/hevc_encoder_system.srcs/sources_1/new/enc_core/rtl/mem/ram_sp_1024x32.v" into library xil_defaultlib
INFO: [VRFC 10-311] analyzing module ram_sp_1024x32
INFO: [VRFC 10-2263] Analyzing Verilog file "E:/Project/xk265/hevc_encoder_system/hevc_encoder_system.srcs/sources_1/new/enc_core/rtl/mem/ram_sp_1536x32.v" into library xil_defaultlib
INFO: [VRFC 10-311] analyzing module ram_sp_1536x32
INFO: [VRFC 10-2263] Analyzing Verilog file "E:/Project/xk265/hevc_encoder_system/hevc_encoder_system.srcs/sources_1/new/enc_core/rtl/mem/ram_sp_240x32.v" into library xil_defaultlib
INFO: [VRFC 10-311] analyzing module ram_sp_240x32
INFO: [VRFC 10-2263] Analyzing Verilog file "E:/Project/xk265/hevc_encoder_system/hevc_encoder_system.srcs/sources_1/new/enc_core/rtl/mem/ram_sp_256x32.v" into library xil_defaultlib
INFO: [VRFC 10-311] analyzing module ram_sp_256x32
INFO: [VRFC 10-2263] Analyzing Verilog file "E:/Project/xk265/hevc_encoder_system/hevc_encoder_system.srcs/sources_1/new/enc_core/rtl/mem/ram_sp_384x32.v" into library xil_defaultlib
INFO: [VRFC 10-311] analyzing module ram_sp_384x32
INFO: [VRFC 10-2263] Analyzing Verilog file "E:/Project/xk265/hevc_encoder_system/hevc_encoder_system.srcs/sources_1/new/enc_core/rtl/mem/ram_sp_be_128x64.v" into library xil_defaultlib
INFO: [VRFC 10-311] analyzing module ram_sp_be_128x64
INFO: [VRFC 10-2263] Analyzing Verilog file "E:/Project/xk265/hevc_encoder_system/hevc_encoder_system.srcs/sources_1/new/enc_core/rtl/mem/ram_sp_be_192x128.v" into library xil_defaultlib
INFO: [VRFC 10-311] analyzing module ram_sp_be_192x128
INFO: [VRFC 10-2263] Analyzing Verilog file "E:/Project/xk265/hevc_encoder_system/hevc_encoder_system.srcs/sources_1/new/enc_core/rtl/mem/ram_sp_be_192x512.v" into library xil_defaultlib
INFO: [VRFC 10-311] analyzing module ram_sp_be_192x512
INFO: [VRFC 10-2263] Analyzing Verilog file "E:/Project/xk265/hevc_encoder_system/hevc_encoder_system.srcs/sources_1/new/enc_core/rtl/mem/ram_sp_be_192x64.v" into library xil_defaultlib
INFO: [VRFC 10-311] analyzing module ram_sp_be_192x64
INFO: [VRFC 10-2263] Analyzing Verilog file "E:/Project/xk265/hevc_encoder_system/hevc_encoder_system.srcs/sources_1/new/enc_core/rtl/mem/ram_sp_be_64x23.v" into library xil_defaultlib
INFO: [VRFC 10-311] analyzing module ram_sp_be_64x23
INFO: [VRFC 10-2263] Analyzing Verilog file "E:/Project/xk265/hevc_encoder_system/hevc_encoder_system.srcs/sources_1/new/enc_core/rtl/mem/ram_tp_be_32x64.v" into library xil_defaultlib
INFO: [VRFC 10-311] analyzing module ram_tp_be_32x64
INFO: [VRFC 10-2263] Analyzing Verilog file "E:/Project/xk265/hevc_encoder_system/hevc_encoder_system.srcs/sources_1/new/enc_core/rtl/prei/rate_control.v" into library xil_defaultlib
INFO: [VRFC 10-311] analyzing module rate_control
INFO: [VRFC 10-2263] Analyzing Verilog file "E:/Project/xk265/hevc_encoder_system/hevc_encoder_system.srcs/sources_1/new/enc_core/rtl/rec/rec_tq/re.v" into library xil_defaultlib
INFO: [VRFC 10-311] analyzing module re
INFO: [VRFC 10-2263] Analyzing Verilog file "E:/Project/xk265/hevc_encoder_system/hevc_encoder_system.srcs/sources_1/new/enc_core/rtl/rec/rec_tq/re_in_ctl.v" into library xil_defaultlib
INFO: [VRFC 10-311] analyzing module re_in_ctl
INFO: [VRFC 10-2263] Analyzing Verilog file "E:/Project/xk265/hevc_encoder_system/hevc_encoder_system.srcs/sources_1/new/enc_core/rtl/rec/rec_tq/re_level0.v" into library xil_defaultlib
INFO: [VRFC 10-311] analyzing module re_level0
INFO: [VRFC 10-2263] Analyzing Verilog file "E:/Project/xk265/hevc_encoder_system/hevc_encoder_system.srcs/sources_1/new/enc_core/rtl/rec/rec_tq/re_level0_cal.v" into library xil_defaultlib
INFO: [VRFC 10-311] analyzing module re_level0_cal
INFO: [VRFC 10-2263] Analyzing Verilog file "E:/Project/xk265/hevc_encoder_system/hevc_encoder_system.srcs/sources_1/new/enc_core/rtl/rec/rec_tq/re_level1.v" into library xil_defaultlib
INFO: [VRFC 10-311] analyzing module re_level1
INFO: [VRFC 10-2263] Analyzing Verilog file "E:/Project/xk265/hevc_encoder_system/hevc_encoder_system.srcs/sources_1/new/enc_core/rtl/rec/rec_tq/re_level1_cal.v" into library xil_defaultlib
INFO: [VRFC 10-311] analyzing module re_level1_cal
INFO: [VRFC 10-2263] Analyzing Verilog file "E:/Project/xk265/hevc_encoder_system/hevc_encoder_system.srcs/sources_1/new/enc_core/rtl/rec/rec_tq/re_level2.v" into library xil_defaultlib
INFO: [VRFC 10-311] analyzing module re_level2
INFO: [VRFC 10-2263] Analyzing Verilog file "E:/Project/xk265/hevc_encoder_system/hevc_encoder_system.srcs/sources_1/new/enc_core/rtl/rec/rec_tq/re_level2_cal.v" into library xil_defaultlib
INFO: [VRFC 10-311] analyzing module re_level2_cal
INFO: [VRFC 10-2263] Analyzing Verilog file "E:/Project/xk265/hevc_encoder_system/hevc_encoder_system.srcs/sources_1/new/enc_core/rtl/rec/rec_tq/re_level3.v" into library xil_defaultlib
INFO: [VRFC 10-311] analyzing module re_level3
INFO: [VRFC 10-2263] Analyzing Verilog file "E:/Project/xk265/hevc_encoder_system/hevc_encoder_system.srcs/sources_1/new/enc_core/rtl/rec/rec_tq/re_out_ctl.v" into library xil_defaultlib
INFO: [VRFC 10-311] analyzing module re_out_ctl
INFO: [VRFC 10-2263] Analyzing Verilog file "E:/Project/xk265/hevc_encoder_system/hevc_encoder_system.srcs/sources_1/new/enc_core/rtl/rec/rec_wrapper/rec_buf_cef.v" into library xil_defaultlib
INFO: [VRFC 10-311] analyzing module rec_buf_cef
INFO: [VRFC 10-2263] Analyzing Verilog file "E:/Project/xk265/hevc_encoder_system/hevc_encoder_system.srcs/sources_1/new/enc_core/rtl/rec/rec_wrapper/rec_buf_cef_rot.v" into library xil_defaultlib
INFO: [VRFC 10-311] analyzing module rec_buf_cef_rot
INFO: [VRFC 10-2263] Analyzing Verilog file "E:/Project/xk265/hevc_encoder_system/hevc_encoder_system.srcs/sources_1/new/enc_core/rtl/rec/rec_wrapper/rec_buf_mvd_rot.v" into library xil_defaultlib
INFO: [VRFC 10-311] analyzing module rec_buf_mvd_rot
INFO: [VRFC 10-2263] Analyzing Verilog file "E:/Project/xk265/hevc_encoder_system/hevc_encoder_system.srcs/sources_1/new/enc_core/rtl/rec/rec_wrapper/rec_buf_pre.v" into library xil_defaultlib
INFO: [VRFC 10-311] analyzing module rec_buf_pre
INFO: [VRFC 10-2263] Analyzing Verilog file "E:/Project/xk265/hevc_encoder_system/hevc_encoder_system.srcs/sources_1/new/enc_core/rtl/rec/rec_wrapper/rec_buf_rec.v" into library xil_defaultlib
INFO: [VRFC 10-311] analyzing module rec_buf_rec
INFO: [VRFC 10-2263] Analyzing Verilog file "E:/Project/xk265/hevc_encoder_system/hevc_encoder_system.srcs/sources_1/new/enc_core/rtl/rec/rec_wrapper/rec_buf_rec_rot.v" into library xil_defaultlib
INFO: [VRFC 10-311] analyzing module rec_buf_rec_rot
INFO: [VRFC 10-2263] Analyzing Verilog file "E:/Project/xk265/hevc_encoder_system/hevc_encoder_system.srcs/sources_1/new/enc_core/rtl/rec/rec_wrapper/rec_buf_wrapper.v" into library xil_defaultlib
INFO: [VRFC 10-311] analyzing module rec_buf_wrapper
INFO: [VRFC 10-2263] Analyzing Verilog file "E:/Project/xk265/hevc_encoder_system/hevc_encoder_system.srcs/sources_1/new/enc_core/rtl/rec/rec_top.v" into library xil_defaultlib
INFO: [VRFC 10-311] analyzing module rec_top
INFO: [VRFC 10-2263] Analyzing Verilog file "E:/Project/xk265/hevc_encoder_system/hevc_encoder_system.srcs/sources_1/new/enc_core/lib/behave/mem/rf_1p.v" into library xil_defaultlib
INFO: [VRFC 10-311] analyzing module rf_1p
INFO: [VRFC 10-2263] Analyzing Verilog file "E:/Project/xk265/hevc_encoder_system/hevc_encoder_system.srcs/sources_1/new/hdmi2yuv/rgb2yuv.v" into library xil_defaultlib
INFO: [VRFC 10-311] analyzing module rgb2yuv
INFO: [VRFC 10-2263] Analyzing Verilog file "E:/Project/xk265/hevc_encoder_system/hevc_encoder_system.srcs/sources_1/new/enc_core/rtl/rec/rec_tq/row_ctl.v" into library xil_defaultlib
INFO: [VRFC 10-311] analyzing module row_ctl
INFO: [VRFC 10-2263] Analyzing Verilog file "E:/Project/xk265/hevc_encoder_system/hevc_encoder_system.srcs/sources_1/new/enc_core/rtl/db/sao_add_offset.v" into library xil_defaultlib
INFO: [VRFC 10-311] analyzing module sao_add_offset
INFO: [VRFC 10-2263] Analyzing Verilog file "E:/Project/xk265/hevc_encoder_system/hevc_encoder_system.srcs/sources_1/new/enc_core/rtl/db/sao_bo_predecision.v" into library xil_defaultlib
INFO: [VRFC 10-311] analyzing module sao_bo_predecision
INFO: [VRFC 10-2263] Analyzing Verilog file "E:/Project/xk265/hevc_encoder_system/hevc_encoder_system.srcs/sources_1/new/enc_core/rtl/db/sao_cal_offset.v" into library xil_defaultlib
INFO: [VRFC 10-311] analyzing module sao_cal_offset
INFO: [VRFC 10-2263] Analyzing Verilog file "E:/Project/xk265/hevc_encoder_system/hevc_encoder_system.srcs/sources_1/new/enc_core/rtl/db/sao_mode.v" into library xil_defaultlib
INFO: [VRFC 10-311] analyzing module sao_mode
INFO: [VRFC 10-2263] Analyzing Verilog file "E:/Project/xk265/hevc_encoder_system/hevc_encoder_system.srcs/sources_1/new/enc_core/rtl/db/sao_statistic.v" into library xil_defaultlib
INFO: [VRFC 10-311] analyzing module sao_statistic
INFO: [VRFC 10-2263] Analyzing Verilog file "E:/Project/xk265/hevc_encoder_system/hevc_encoder_system.srcs/sources_1/new/enc_core/rtl/db/sao_sum_diff.v" into library xil_defaultlib
INFO: [VRFC 10-311] analyzing module sao_sum_diff
INFO: [VRFC 10-2263] Analyzing Verilog file "E:/Project/xk265/hevc_encoder_system/hevc_encoder_system.srcs/sources_1/new/enc_core/rtl/db/sao_top.v" into library xil_defaultlib
INFO: [VRFC 10-311] analyzing module sao_top
INFO: [VRFC 10-2263] Analyzing Verilog file "E:/Project/xk265/hevc_encoder_system/hevc_encoder_system.srcs/sources_1/new/enc_core/rtl/db/sao_type_decision.v" into library xil_defaultlib
INFO: [VRFC 10-311] analyzing module sao_type_decision
INFO: [VRFC 10-2263] Analyzing Verilog file "E:/Project/xk265/hevc_encoder_system/hevc_encoder_system.srcs/sources_1/new/enc_core/lib/behave/mem/sram_sp_be_behave.v" into library xil_defaultlib
INFO: [VRFC 10-311] analyzing module sram_sp_be_behave
INFO: [VRFC 10-2263] Analyzing Verilog file "E:/Project/xk265/hevc_encoder_system/hevc_encoder_system.srcs/sources_1/new/enc_core/lib/behave/mem/sram_tp_be_behave.v" into library xil_defaultlib
INFO: [VRFC 10-311] analyzing module sram_tp_be_behave
INFO: [VRFC 10-2263] Analyzing Verilog file "E:/Project/xk265/hevc_encoder_system/hevc_encoder_system.srcs/sources_1/new/enc_core/rtl/mem/tq_ram_sp_32x16.v" into library xil_defaultlib
INFO: [VRFC 10-311] analyzing module tq_ram_sp_32x16
INFO: [VRFC 10-2263] Analyzing Verilog file "E:/Project/xk265/hevc_encoder_system/hevc_encoder_system.srcs/sources_1/new/enc_core/rtl/rec/rec_tq/tq_top.v" into library xil_defaultlib
INFO: [VRFC 10-311] analyzing module tq_top
INFO: [VRFC 10-2263] Analyzing Verilog file "E:/Project/xk265/hevc_encoder_system/hevc_encoder_system.srcs/sources_1/new/enc_core/rtl/rec/rec_tq/transform_mtr.v" into library xil_defaultlib
INFO: [VRFC 10-311] analyzing module transform_mtr
INFO: [VRFC 10-2263] Analyzing Verilog file "E:/Project/xk265/hevc_encoder_system/hevc_encoder_system.srcs/sources_1/new/hdmi2yuv/ui7611reg.v" into library xil_defaultlib
INFO: [VRFC 10-311] analyzing module ui7611reg
INFO: [VRFC 10-2263] Analyzing Verilog file "E:/Project/xk265/hevc_encoder_system/hevc_encoder_system.srcs/sources_1/new/hdmi2yuv/uicfg7611.v" into library xil_defaultlib
INFO: [VRFC 10-311] analyzing module uicfg7611
INFO: [VRFC 10-2263] Analyzing Verilog file "E:/Project/xk265/hevc_encoder_system/hevc_encoder_system.srcs/sources_1/new/hdmi2yuv/uii2c.v" into library xil_defaultlib
INFO: [VRFC 10-311] analyzing module uii2c
WARNING: [VRFC 10-9336] redeclaration of ANSI port 'iic_busy' is not allowed [E:/Project/xk265/hevc_encoder_system/hevc_encoder_system.srcs/sources_1/new/hdmi2yuv/uii2c.v:46]
WARNING: [VRFC 10-9336] redeclaration of ANSI port 'iic_scl' is not allowed [E:/Project/xk265/hevc_encoder_system/hevc_encoder_system.srcs/sources_1/new/hdmi2yuv/uii2c.v:47]
WARNING: [VRFC 10-9336] redeclaration of ANSI port 'rd_data' is not allowed [E:/Project/xk265/hevc_encoder_system/hevc_encoder_system.srcs/sources_1/new/hdmi2yuv/uii2c.v:56]
WARNING: [VRFC 10-9336] redeclaration of ANSI port 'sda_dg' is not allowed [E:/Project/xk265/hevc_encoder_system/hevc_encoder_system.srcs/sources_1/new/hdmi2yuv/uii2c.v:112]
INFO: [VRFC 10-2263] Analyzing Verilog file "E:/Project/xk265/hevc_encoder_system/hevc_encoder_system.srcs/sources_1/new/exif/video_in_buffer.v" into library xil_defaultlib
INFO: [VRFC 10-311] analyzing module video_in_buffer
INFO: [VRFC 10-2263] Analyzing Verilog file "E:/Project/xk265/hevc_encoder_system/hevc_encoder_system.srcs/sim_1/new/hevc_encoder_system_top_tb.v" into library xil_defaultlib
INFO: [VRFC 10-311] analyzing module hevc_encoder_system_top_tb
