Copyright 1986-2021 Xilinx, Inc. All Rights Reserved.
------------------------------------------------------------------------------------
| Tool Version : Vivado v.2021.2 (win64) Build 3367213 Tue Oct 19 02:48:09 MDT 2021
| Date         : Sun May  7 20:26:30 2023
| Host         : JingDevice running 64-bit major release  (build 9200)
| Command      : upgrade_ip
| Device       : xc7z100ffg900-2
------------------------------------------------------------------------------------

Upgrade Log for IP 'hevc_encode_system_hevc_encode_system_t_0_0'

1. Summary
----------

SUCCESS in the conversion of hevc_encode_system_hevc_encode_system_t_0_0 (xilinx.com:user:hevc_encode_system_top:1.0 (Rev. 11)) to Vivado generation flows.






Copyright 1986-2021 Xilinx, Inc. All Rights Reserved.
------------------------------------------------------------------------------------
| Tool Version : Vivado v.2021.2 (win64) Build 3367213 Tue Oct 19 02:48:09 MDT 2021
| Date         : Sun May  7 20:26:07 2023
| Host         : JingDevice running 64-bit major release  (build 9200)
| Command      : upgrade_ip
| Device       : xc7z100ffg900-2
------------------------------------------------------------------------------------

Upgrade Log for IP 'hevc_encode_system_hevc_encode_system_t_0_0'

1. Summary
----------

CAUTION (success, with warnings) in the upgrade of hevc_encode_system_hevc_encode_system_t_0_0 (xilinx.com:user:hevc_encode_system_top:1.0) from (Rev. 9) to (Rev. 11)

After upgrade, an IP may have parameter and port differences compared to the original customization. Please review the parameters within the IP customization GUI to ensure proper functionality. Also, please review the updated IP instantiation template to ensure proper connectivity, and update your design if required.

2. Interface Information
------------------------

Detected external interface differences while upgrading 'hevc_encode_system_hevc_encode_system_t_0_0'.


-Upgraded interface 'HEVC_BS' (xilinx.com:user:H265_BS:1.0) differs from original interface 'xilinx.com:user:BS:1.0'

-Upgrade has removed interface 'SYS_SIG_M'

-Upgrade has removed interface 'SYS_SIG_S'

-Upgrade has added interface 'SYS_SIG' (xilinx.com:user:SYS_SIG:1.0)


3. Connection Warnings
----------------------

Detected external port differences while upgrading 'hevc_encode_system_hevc_encode_system_t_0_0'. These changes may impact your design.


-Upgrade has removed port 'clk_ui_200M_o'

-Upgrade has added port 'bs_rd_clk_i'







Copyright 1986-2021 Xilinx, Inc. All Rights Reserved.
------------------------------------------------------------------------------------
| Tool Version : Vivado v.2021.2 (win64) Build 3367213 Tue Oct 19 02:48:09 MDT 2021
| Date         : Sun May  7 18:51:43 2023
| Host         : JingDevice running 64-bit major release  (build 9200)
| Command      : upgrade_ip
| Device       : xc7z100ffg900-2
------------------------------------------------------------------------------------

Upgrade Log for IP 'hevc_encode_system_hevc_encode_system_t_0_0'

1. Summary
----------

SUCCESS in the conversion of hevc_encode_system_hevc_encode_system_t_0_0 (xilinx.com:user:hevc_encode_system_top:1.0 (Rev. 9)) to Vivado generation flows.






Copyright 1986-2021 Xilinx, Inc. All Rights Reserved.
------------------------------------------------------------------------------------
| Tool Version : Vivado v.2021.2 (win64) Build 3367213 Tue Oct 19 02:48:09 MDT 2021
| Date         : Sun May  7 18:51:04 2023
| Host         : JingDevice running 64-bit major release  (build 9200)
| Command      : upgrade_ip
| Device       : xc7z100ffg900-2
------------------------------------------------------------------------------------

Upgrade Log for IP 'hevc_encode_system_hevc_encode_system_t_0_0'

1. Summary
----------

CAUTION (success, with warnings) in the upgrade of hevc_encode_system_hevc_encode_system_t_0_0 (xilinx.com:user:hevc_encode_system_top:1.0) from (Rev. 8) to (Rev. 9)

2. Interface Information
------------------------

Detected external interface differences while upgrading 'hevc_encode_system_hevc_encode_system_t_0_0'.


-Upgrade has removed interface 'BS_LCU'

-Upgrade has removed interface 'DDR_PL'

-Upgrade has removed interface 'SIL_IIC'

-Upgrade has added interface 'DDR' (xilinx.com:interface:ddrx:1.0)

-Upgrade has added interface 'HEVC_BS' (xilinx.com:user:BS:1.0)

-Upgrade has added interface 'IIC' (xilinx.com:interface:iic:1.0)

-Upgrade has added interface 'SYS_SIG_M' (xilinx.com:user:SYS_SIG:1.0)

-Upgrade has added interface 'SYS_SIG_S' (xilinx.com:user:SYS_SIG:1.0)







Copyright 1986-2021 Xilinx, Inc. All Rights Reserved.
------------------------------------------------------------------------------------
| Tool Version : Vivado v.2021.2 (win64) Build 3367213 Tue Oct 19 02:48:09 MDT 2021
| Date         : Sun May  7 18:34:55 2023
| Host         : JingDevice running 64-bit major release  (build 9200)
| Command      : upgrade_ip
| Device       : xc7z100ffg900-2
------------------------------------------------------------------------------------

Upgrade Log for IP 'hevc_encode_system_hevc_encode_system_t_0_0'

1. Summary
----------

SUCCESS in the upgrade of hevc_encode_system_hevc_encode_system_t_0_0 (xilinx.com:user:hevc_encode_system_top:1.0) from (Rev. 7) to (Rev. 8)

