xilinx rtfpga
rt::do_reinfer_area_combined 1
INFO: [Synth 8-5544] ROM "u_wrapper/extif_mode_o" won't be mapped to Block RAM because address size (4) smaller than threshold (5)
WARNING: [Synth 8-3917] design fetch_top__GCB0 has port db_store_en_o[0] driven by constant 1
WARNING: [Synth 8-3917] design fetch_top__GCB0 has port extif_mode_o[4] driven by constant 0
WARNING: [Synth 8-3917] design fetch_top__GCB0 has port extif_width_o[5] driven by constant 0
WARNING: [Synth 8-3917] design fetch_top__GCB0 has port extif_width_o[4] driven by constant 0
WARNING: [Synth 8-3917] design fetch_top__GCB0 has port extif_width_o[3] driven by constant 0
WARNING: [Synth 8-3917] design fetch_top__GCB0 has port extif_width_o[2] driven by constant 0
WARNING: [Synth 8-3917] design fetch_top__GCB0 has port extif_width_o[1] driven by constant 0
WARNING: [Synth 8-3917] design fetch_top__GCB0 has port extif_width_o[0] driven by constant 0
WARNING: [Synth 8-3917] design fetch_top__GCB0 has port extif_height_o[5] driven by constant 0
WARNING: [Synth 8-3917] design fetch_top__GCB0 has port extif_height_o[4] driven by constant 0
WARNING: [Synth 8-3917] design fetch_top__GCB0 has port extif_height_o[1] driven by constant 0
WARNING: [Synth 8-3917] design fetch_top__GCB0 has port extif_height_o[0] driven by constant 0
WARNING: [Synth 8-7129] Port sys_ctu_all_x_i[5] in module fetch_ref_chroma is either unconnected or has no load
WARNING: [Synth 8-7129] Port sys_ctu_all_x_i[4] in module fetch_ref_chroma is either unconnected or has no load
WARNING: [Synth 8-7129] Port sys_ctu_all_x_i[3] in module fetch_ref_chroma is either unconnected or has no load
WARNING: [Synth 8-7129] Port sys_ctu_all_x_i[2] in module fetch_ref_chroma is either unconnected or has no load
WARNING: [Synth 8-7129] Port sys_ctu_all_x_i[1] in module fetch_ref_chroma is either unconnected or has no load
WARNING: [Synth 8-7129] Port sys_ctu_all_x_i[0] in module fetch_ref_chroma is either unconnected or has no load
WARNING: [Synth 8-7129] Port sys_ctu_all_y_i[5] in module fetch_ref_chroma is either unconnected or has no load
WARNING: [Synth 8-7129] Port sys_ctu_all_y_i[4] in module fetch_ref_chroma is either unconnected or has no load
WARNING: [Synth 8-7129] Port sys_ctu_all_y_i[3] in module fetch_ref_chroma is either unconnected or has no load
WARNING: [Synth 8-7129] Port sys_ctu_all_y_i[2] in module fetch_ref_chroma is either unconnected or has no load
WARNING: [Synth 8-7129] Port sys_ctu_all_y_i[1] in module fetch_ref_chroma is either unconnected or has no load
WARNING: [Synth 8-7129] Port sys_ctu_all_y_i[0] in module fetch_ref_chroma is either unconnected or has no load
WARNING: [Synth 8-7129] Port ext_load_done_i[0] in module fetch_ref_chroma is either unconnected or has no load
INFO: [Synth 8-3886] merging instance 'u_wrapper/luma_ref_y_s_r1_reg[0]' (FDCE) to 'u_wrapper/luma_ref_y_s_r1_reg[1]'
INFO: [Synth 8-3886] merging instance 'u_wrapper/store_db_chroma_x_r_reg[7]' (FDCE) to 'u_wrapper/luma_ref_y_s_r1_reg[1]'
INFO: [Synth 8-3886] merging instance 'u_wrapper/store_db_chroma_x_r_reg[6]' (FDCE) to 'u_wrapper/luma_ref_y_s_r1_reg[1]'
INFO: [Synth 8-3886] merging instance 'u_wrapper/luma_ref_y_s_r1_reg[1]' (FDCE) to 'u_wrapper/luma_ref_y_s_r1_reg[2]'
INFO: [Synth 8-3886] merging instance 'u_wrapper/luma_ref_y_s_r1_reg[2]' (FDCE) to 'u_wrapper/luma_ref_y_s_r1_reg[3]'
INFO: [Synth 8-3886] merging instance 'u_wrapper/luma_ref_y_s_r1_reg[3]' (FDCE) to 'u_wrapper/luma_ref_y_s_r1_reg[4]'
INFO: [Synth 8-3886] merging instance 'u_wrapper/luma_ref_y_s_r1_reg[4]' (FDCE) to 'u_wrapper/luma_ref_x_s_r1_reg[0]'
INFO: [Synth 8-3886] merging instance 'u_wrapper/luma_ref_x_s_r1_reg[0]' (FDCE) to 'u_wrapper/luma_ref_x_s_r1_reg[1]'
INFO: [Synth 8-3886] merging instance 'u_wrapper/luma_ref_x_s_r1_reg[1]' (FDCE) to 'u_wrapper/luma_ref_x_s_r1_reg[2]'
INFO: [Synth 8-3886] merging instance 'u_wrapper/luma_ref_x_s_r1_reg[2]' (FDCE) to 'u_wrapper/luma_ref_x_s_r1_reg[3]'
INFO: [Synth 8-3886] merging instance 'u_wrapper/luma_ref_x_s_r1_reg[3]' (FDCE) to 'u_wrapper/luma_ref_x_s_r1_reg[4]'
INFO: [Synth 8-3886] merging instance 'u_wrapper/luma_ref_x_s_r1_reg[4]' (FDCE) to 'u_wrapper/luma_ref_x_s_r1_reg[5]'
INFO: [Synth 8-3333] propagating constant 0 across sequential element (\u_wrapper/luma_ref_x_s_r1_reg[5] )
INFO: [Synth 8-3886] merging instance 'u_wrapper/luma_ref_y_s_r2_reg[0]' (FDCE) to 'u_wrapper/luma_ref_x_s_r1_reg[5]'
INFO: [Synth 8-3886] merging instance 'u_wrapper/luma_ref_y_s_r2_reg[1]' (FDCE) to 'u_wrapper/luma_ref_x_s_r1_reg[5]'
INFO: [Synth 8-3886] merging instance 'u_wrapper/luma_ref_y_s_r2_reg[2]' (FDCE) to 'u_wrapper/luma_ref_x_s_r1_reg[5]'
INFO: [Synth 8-3886] merging instance 'u_wrapper/luma_ref_y_s_r2_reg[3]' (FDCE) to 'u_wrapper/luma_ref_x_s_r1_reg[5]'
INFO: [Synth 8-3886] merging instance 'u_wrapper/luma_ref_y_s_r2_reg[4]' (FDCE) to 'u_wrapper/luma_ref_x_s_r1_reg[5]'
INFO: [Synth 8-3886] merging instance 'u_wrapper/luma_ref_x_s_r2_reg[0]' (FDCE) to 'u_wrapper/luma_ref_x_s_r1_reg[5]'
INFO: [Synth 8-3886] merging instance 'u_wrapper/luma_ref_x_s_r2_reg[1]' (FDCE) to 'u_wrapper/luma_ref_x_s_r1_reg[5]'
INFO: [Synth 8-3886] merging instance 'u_wrapper/luma_ref_x_s_r2_reg[2]' (FDCE) to 'u_wrapper/luma_ref_x_s_r1_reg[5]'
INFO: [Synth 8-3886] merging instance 'u_wrapper/luma_ref_x_s_r2_reg[3]' (FDCE) to 'u_wrapper/luma_ref_x_s_r1_reg[5]'
INFO: [Synth 8-3886] merging instance 'u_wrapper/luma_ref_x_s_r2_reg[4]' (FDCE) to 'u_wrapper/luma_ref_x_s_r1_reg[5]'
INFO: [Synth 8-3886] merging instance 'u_wrapper/luma_ref_x_s_r2_reg[5]' (FDCE) to 'u_wrapper/luma_ref_x_s_r1_reg[5]'
INFO: [Synth 8-3333] propagating constant 0 across sequential element (\u_wrapper/cur_fetch_reg[4] )
INFO: [Synth 8-3333] propagating constant 0 across sequential element (\u_wrapper/luma_ref_x_s_r1_reg[5] )
