INFO: [VRFC 10-2263] Analyzing Verilog file "E:/Project/xk265/xk265/xk265.ip_user_files/bd/fdma_mig_ddr/ipshared/4624/uiFDMA.v" into library xil_defaultlib
INFO: [VRFC 10-311] analyzing module uiFDMA
INFO: [VRFC 10-2263] Analyzing Verilog file "E:/Project/xk265/xk265/xk265.ip_user_files/bd/fdma_mig_ddr/ip/fdma_mig_ddr_uiFDMA_0_0/sim/fdma_mig_ddr_uiFDMA_0_0.v" into library xil_defaultlib
INFO: [VRFC 10-311] analyzing module fdma_mig_ddr_uiFDMA_0_0
INFO: [VRFC 10-2263] Analyzing Verilog file "E:/Project/xk265/xk265/xk265.ip_user_files/bd/fdma_mig_ddr/ip/fdma_mig_ddr_clk_wiz_0_0/fdma_mig_ddr_clk_wiz_0_0_clk_wiz.v" into library xil_defaultlib
INFO: [VRFC 10-311] analyzing module fdma_mig_ddr_clk_wiz_0_0_clk_wiz
INFO: [VRFC 10-2263] Analyzing Verilog file "E:/Project/xk265/xk265/xk265.ip_user_files/bd/fdma_mig_ddr/ip/fdma_mig_ddr_clk_wiz_0_0/fdma_mig_ddr_clk_wiz_0_0.v" into library xil_defaultlib
INFO: [VRFC 10-311] analyzing module fdma_mig_ddr_clk_wiz_0_0
INFO: [VRFC 10-2263] Analyzing Verilog file "E:/Project/xk265/xk265/xk265.ip_user_files/bd/fdma_mig_ddr/ip/fdma_mig_ddr_mig_7series_0_0/fdma_mig_ddr_mig_7series_0_0/user_design/rtl/axi/mig_7series_v4_2_axi_ctrl_addr_decode.v" into library xil_defaultlib
INFO: [VRFC 10-311] analyzing module mig_7series_v4_2_axi_ctrl_addr_decode
INFO: [VRFC 10-2263] Analyzing Verilog file "E:/Project/xk265/xk265/xk265.ip_user_files/bd/fdma_mig_ddr/ip/fdma_mig_ddr_mig_7series_0_0/fdma_mig_ddr_mig_7series_0_0/user_design/rtl/axi/mig_7series_v4_2_axi_ctrl_read.v" into library xil_defaultlib
INFO: [VRFC 10-311] analyzing module mig_7series_v4_2_axi_ctrl_read
INFO: [VRFC 10-2263] Analyzing Verilog file "E:/Project/xk265/xk265/xk265.ip_user_files/bd/fdma_mig_ddr/ip/fdma_mig_ddr_mig_7series_0_0/fdma_mig_ddr_mig_7series_0_0/user_design/rtl/axi/mig_7series_v4_2_axi_ctrl_reg.v" into library xil_defaultlib
INFO: [VRFC 10-311] analyzing module mig_7series_v4_2_axi_ctrl_reg
INFO: [VRFC 10-2263] Analyzing Verilog file "E:/Project/xk265/xk265/xk265.ip_user_files/bd/fdma_mig_ddr/ip/fdma_mig_ddr_mig_7series_0_0/fdma_mig_ddr_mig_7series_0_0/user_design/rtl/axi/mig_7series_v4_2_axi_ctrl_reg_bank.v" into library xil_defaultlib
INFO: [VRFC 10-311] analyzing module mig_7series_v4_2_axi_ctrl_reg_bank
INFO: [VRFC 10-2263] Analyzing Verilog file "E:/Project/xk265/xk265/xk265.ip_user_files/bd/fdma_mig_ddr/ip/fdma_mig_ddr_mig_7series_0_0/fdma_mig_ddr_mig_7series_0_0/user_design/rtl/axi/mig_7series_v4_2_axi_ctrl_top.v" into library xil_defaultlib
INFO: [VRFC 10-311] analyzing module mig_7series_v4_2_axi_ctrl_top
INFO: [VRFC 10-2263] Analyzing Verilog file "E:/Project/xk265/xk265/xk265.ip_user_files/bd/fdma_mig_ddr/ip/fdma_mig_ddr_mig_7series_0_0/fdma_mig_ddr_mig_7series_0_0/user_design/rtl/axi/mig_7series_v4_2_axi_ctrl_write.v" into library xil_defaultlib
INFO: [VRFC 10-311] analyzing module mig_7series_v4_2_axi_ctrl_write
INFO: [VRFC 10-2263] Analyzing Verilog file "E:/Project/xk265/xk265/xk265.ip_user_files/bd/fdma_mig_ddr/ip/fdma_mig_ddr_mig_7series_0_0/fdma_mig_ddr_mig_7series_0_0/user_design/rtl/axi/mig_7series_v4_2_axi_mc.v" into library xil_defaultlib
INFO: [VRFC 10-311] analyzing module mig_7series_v4_2_axi_mc
INFO: [VRFC 10-2263] Analyzing Verilog file "E:/Project/xk265/xk265/xk265.ip_user_files/bd/fdma_mig_ddr/ip/fdma_mig_ddr_mig_7series_0_0/fdma_mig_ddr_mig_7series_0_0/user_design/rtl/axi/mig_7series_v4_2_axi_mc_ar_channel.v" into library xil_defaultlib
INFO: [VRFC 10-311] analyzing module mig_7series_v4_2_axi_mc_ar_channel
INFO: [VRFC 10-2263] Analyzing Verilog file "E:/Project/xk265/xk265/xk265.ip_user_files/bd/fdma_mig_ddr/ip/fdma_mig_ddr_mig_7series_0_0/fdma_mig_ddr_mig_7series_0_0/user_design/rtl/axi/mig_7series_v4_2_axi_mc_aw_channel.v" into library xil_defaultlib
INFO: [VRFC 10-311] analyzing module mig_7series_v4_2_axi_mc_aw_channel
