Copyright 1986-2021 Xilinx, Inc. All Rights Reserved.
------------------------------------------------------------------------------------
| Tool Version : Vivado v.2021.2 (win64) Build 3367213 Tue Oct 19 02:48:09 MDT 2021
| Date         : Tue May  9 22:14:21 2023
| Host         : JingDevice running 64-bit major release  (build 9200)
| Command      : upgrade_ip
| Device       : xc7z100ffg900-2
------------------------------------------------------------------------------------

Upgrade Log for IP 'vhes_vhes_0_0'

1. Summary
----------

SUCCESS in the conversion of vhes_vhes_0_0 (xilinx.com:user:vhes:1.0 (Rev. 6)) to Vivado generation flows.






Copyright 1986-2021 Xilinx, Inc. All Rights Reserved.
------------------------------------------------------------------------------------
| Tool Version : Vivado v.2021.2 (win64) Build 3367213 Tue Oct 19 02:48:09 MDT 2021
| Date         : Tue May  9 22:12:06 2023
| Host         : JingDevice running 64-bit major release  (build 9200)
| Command      : upgrade_ip
| Device       : xc7z100ffg900-2
------------------------------------------------------------------------------------

Upgrade Log for IP 'vhes_vhes_0_0'

1. Summary
----------

SUCCESS in the conversion of vhes_vhes_0_0 (xilinx.com:user:vhes:1.0 (Rev. 6)) to Vivado generation flows.






Copyright 1986-2021 Xilinx, Inc. All Rights Reserved.
------------------------------------------------------------------------------------
| Tool Version : Vivado v.2021.2 (win64) Build 3367213 Tue Oct 19 02:48:09 MDT 2021
| Date         : Tue May  9 22:08:07 2023
| Host         : JingDevice running 64-bit major release  (build 9200)
| Command      : upgrade_ip
| Device       : xc7z100ffg900-2
------------------------------------------------------------------------------------

Upgrade Log for IP 'vhes_vhes_0_0'

1. Summary
----------

SUCCESS in the upgrade of vhes_vhes_0_0 (xilinx.com:user:vhes:1.0) from (Rev. 5) to (Rev. 6)






Copyright 1986-2021 Xilinx, Inc. All Rights Reserved.
------------------------------------------------------------------------------------
| Tool Version : Vivado v.2021.2 (win64) Build 3367213 Tue Oct 19 02:48:09 MDT 2021
| Date         : Tue May  9 21:55:40 2023
| Host         : JingDevice running 64-bit major release  (build 9200)
| Command      : upgrade_ip
| Device       : xc7z100ffg900-2
------------------------------------------------------------------------------------

Upgrade Log for IP 'vhes_vhes_0_0'

1. Summary
----------

SUCCESS in the upgrade of vhes_vhes_0_0 (xilinx.com:user:vhes:1.0) from (Rev. 4) to (Rev. 5)






Copyright 1986-2021 Xilinx, Inc. All Rights Reserved.
------------------------------------------------------------------------------------
| Tool Version : Vivado v.2021.2 (win64) Build 3367213 Tue Oct 19 02:48:09 MDT 2021
| Date         : Tue May  9 20:21:46 2023
| Host         : JingDevice running 64-bit major release  (build 9200)
| Command      : upgrade_ip
| Device       : xc7z100ffg900-2
------------------------------------------------------------------------------------

Upgrade Log for IP 'vhes_vhes_0_0'

1. Summary
----------

SUCCESS in the conversion of vhes_vhes_0_0 (xilinx.com:user:vhes:1.0 (Rev. 4)) to Vivado generation flows.






Copyright 1986-2021 Xilinx, Inc. All Rights Reserved.
------------------------------------------------------------------------------------
| Tool Version : Vivado v.2021.2 (win64) Build 3367213 Tue Oct 19 02:48:09 MDT 2021
| Date         : Mon May  8 21:09:41 2023
| Host         : JingDevice running 64-bit major release  (build 9200)
| Command      : upgrade_ip
| Device       : xc7z100ffg900-2
------------------------------------------------------------------------------------

Upgrade Log for IP 'vhes_vhes_0_0'

1. Summary
----------

SUCCESS in the upgrade of vhes_vhes_0_0 (xilinx.com:user:vhes:1.0) from (Rev. 3) to (Rev. 4)






Copyright 1986-2021 Xilinx, Inc. All Rights Reserved.
------------------------------------------------------------------------------------
| Tool Version : Vivado v.2021.2 (win64) Build 3367213 Tue Oct 19 02:48:09 MDT 2021
| Date         : Mon May  8 21:04:47 2023
| Host         : JingDevice running 64-bit major release  (build 9200)
| Command      : upgrade_ip
| Device       : xc7z100ffg900-2
------------------------------------------------------------------------------------

Upgrade Log for IP 'vhes_vhes_0_0'

1. Summary
----------

SUCCESS in the conversion of vhes_vhes_0_0 (xilinx.com:user:vhes:1.0 (Rev. 3)) to Vivado generation flows.






Copyright 1986-2021 Xilinx, Inc. All Rights Reserved.
------------------------------------------------------------------------------------
| Tool Version : Vivado v.2021.2 (win64) Build 3367213 Tue Oct 19 02:48:09 MDT 2021
| Date         : Mon May  8 20:54:56 2023
| Host         : JingDevice running 64-bit major release  (build 9200)
| Command      : upgrade_ip
| Device       : xc7z100ffg900-2
------------------------------------------------------------------------------------

Upgrade Log for IP 'vhes_vhes_0_0'

1. Summary
----------

SUCCESS in the upgrade of vhes_vhes_0_0 (xilinx.com:user:vhes:1.0) from (Rev. 2) to (Rev. 3)

