Copyright 1986-2022 Xilinx, Inc. All Rights Reserved.
------------------------------------------------------------------------------------
| Tool Version : Vivado v.2022.1 (win64) Build 3526262 Mon Apr 18 15:48:16 MDT 2022
| Date         : Wed Apr 19 22:50:00 2023
| Host         : JingDevice running 64-bit major release  (build 9200)
| Command      : upgrade_ip
| Device       : xc7z035ffg676-2
------------------------------------------------------------------------------------

Upgrade Log for IP 'hevc_encoder_system_rgb2yuv_0_1'

1. Summary
----------

SUCCESS in the conversion of hevc_encoder_system_rgb2yuv_0_1 (xilinx.com:user:rgb2yuv:1.0 (Rev. 2)) to Vivado generation flows.






Copyright 1986-2022 Xilinx, Inc. All Rights Reserved.
------------------------------------------------------------------------------------
| Tool Version : Vivado v.2022.1 (win64) Build 3526262 Mon Apr 18 15:48:16 MDT 2022
| Date         : Wed Apr 19 22:50:00 2023
| Host         : JingDevice running 64-bit major release  (build 9200)
| Command      : upgrade_ip
| Device       : xc7z035ffg676-2
------------------------------------------------------------------------------------

Upgrade Log for IP 'hevc_encoder_system_hdmi_adv7611_init_0_2'

1. Summary
----------

SUCCESS in the conversion of hevc_encoder_system_hdmi_adv7611_init_0_2 (xilinx.com:user:hdmi_adv7611_init:1.0 (Rev. 1)) to Vivado generation flows.

