# do {xk265_top_tb_compile.do}
# ** Warning: (vlib-34) Library already exists at "modelsim_lib/work".
# Errors: 0, Warnings: 1
# ** Warning: (vlib-34) Library already exists at "modelsim_lib/msim".
# Errors: 0, Warnings: 1
# ** Warning: (vlib-34) Library already exists at "modelsim_lib/msim/xil_defaultlib".
# Errors: 0, Warnings: 1
# Model Technology ModelSim SE-64 vmap 2020.4 Lib Mapping Utility 2020.10 Oct 13 2020
# vmap xil_defaultlib modelsim_lib/msim/xil_defaultlib 
# Modifying modelsim.ini
# Model Technology ModelSim SE-64 vlog 2020.4 Compiler 2020.10 Oct 13 2020
# Start time: 21:01:27 on Apr 29,2023
# vlog -incr -mfcu -work xil_defaultlib "+incdir+../../../../xk265.gen/sources_1/bd/fdma_mig_ddr/ipshared/ec67/hdl" "+incdir+../../../../xk265.gen/sources_1/bd/fdma_mig_ddr/ipshared/62b6" "+incdir+../../../../xk265.srcs/sources_1/new/core/rtl" "+incdir+../../../../xk265.srcs/sim_1/imports" ../../../../xk265.ip_user_files/bd/fdma_mig_ddr/ip/fdma_mig_ddr_s00_regslice_0/sim/fdma_mig_ddr_s00_regslice_0.v ../../../../xk265.ip_user_files/bd/fdma_mig_ddr/ip/fdma_mig_ddr_auto_us_df_0/sim/fdma_mig_ddr_auto_us_df_0.v 
# -- Skipping module fdma_mig_ddr_s00_regslice_0
# -- Skipping module fdma_mig_ddr_auto_us_df_0
# 
# Top level modules:
# 	fdma_mig_ddr_s00_regslice_0
# 	fdma_mig_ddr_auto_us_df_0
# End time: 21:01:28 on Apr 29,2023, Elapsed time: 0:00:01
# Errors: 0, Warnings: 0
# Model Technology ModelSim SE-64 vcom 2020.4 Compiler 2020.10 Oct 13 2020
# Start time: 21:01:28 on Apr 29,2023
# vcom -93 -work xil_defaultlib ../../../../xk265.ip_user_files/bd/fdma_mig_ddr/ip/fdma_mig_ddr_proc_sys_reset_0_0/sim/fdma_mig_ddr_proc_sys_reset_0_0.vhd 
# -- Loading package STANDARD
# -- Loading package TEXTIO
# -- Loading package std_logic_1164
# -- Loading package NUMERIC_STD
# -- Loading entity proc_sys_reset
# -- Compiling entity fdma_mig_ddr_proc_sys_reset_0_0
# -- Compiling architecture fdma_mig_ddr_proc_sys_reset_0_0_arch of fdma_mig_ddr_proc_sys_reset_0_0
# End time: 21:01:29 on Apr 29,2023, Elapsed time: 0:00:01
# Errors: 0, Warnings: 0
# ** Error: couldn't execute "D:\Modelsim_v2020_4\win64\vlog.EXE": file name too long
# Error in macro ./xk265_top_tb_compile.do line 358
# couldn't execute "D:\Modelsim_v2020_4\win64\vlog.EXE": file name too long
#     while executing
# "exec <nul: {D:\Modelsim_v2020_4\win64\vlog.EXE} -incr -mfcu -work xil_defaultlib +incdir+../../../../xk265.gen/sources_1/bd/fdma_mig_ddr/ipshared/ec67..."
#     ("uplevel" body line 1)
#     invoked from within
# "uplevel 1 exec $redir $new [lrange $args 1 end]"
#     (procedure "::unknown" line 47)
#     invoked from within
# "D:\\Modelsim_v2020_4\\win64\\vlog  -incr -mfcu -work xil_defaultlib  "+incdir+../../../../xk265.gen/sources_1/bd/fdma_mig_ddr/ipshared/ec67/hdl" "+inc..."
