# //  ModelSim SE-64 2020.4 Oct 13 2020
# //
# //  Copyright 1991-2020 Mentor Graphics Corporation
# //  All Rights Reserved.
# //
# //  ModelSim SE-64 and its associated documentation contain trade
# //  secrets and commercial or financial information that are the property of
# //  Mentor Graphics Corporation and are privileged, confidential,
# //  and exempt from disclosure under the Freedom of Information Act,
# //  5 U.S.C. Section 552. Furthermore, this information
# //  is prohibited from disclosure under the Trade Secrets Act,
# //  18 U.S.C. Section 1905.
# //
# do {hevc_enc_core_top_tb_simulate.do}
# vsim -voptargs=""+acc"" -L xil_defaultlib -L unisims_ver -L unimacro_ver -L secureip -L xpm -lib xil_defaultlib xil_defaultlib.hevc_enc_core_top_tb xil_defaultlib.glbl 
# Start time: 00:10:27 on May 03,2023
# ** Note: (vsim-3813) Design is being optimized due to module recompilation...
# Loading work.hevc_enc_core_top_tb(fast)
# Loading work.hevc_enc_core_top(fast)
# Loading work.enc_ctrl(fast)
# Loading work.fetch_top(fast)
# Loading work.fetch_wrapper(fast)
# Loading work.fetch_cur_luma(fast)
# Loading work.mem_lipo_1p_128x64x4(fast)
# Loading work.buf_ram_1p_128x64(fast)
# Loading work.ram_1p(fast)
# Loading work.fetch_ref_luma(fast)
# Loading work.fetch_rf_1p_128x512(fast)
# Loading work.rf_1p(fast)
# Loading work.fetch_cur_chroma(fast)
# Loading work.mem_lipo_1p_64x64x4(fast)
# Loading work.buf_ram_1p_64x64(fast)
# Loading work.ram_1p(fast__1)
# Loading work.fetch_ref_chroma(fast)
# Loading work.fetch_rf_1p_64x256(fast)
# Loading work.rf_1p(fast__1)
# Loading work.fetch_db(fast)
# Loading work.mem_bilo_db(fast)
# Loading work.fetch_ram_2p_64x208(fast)
# Loading work.sram_tp_be_behave(fast)
# Loading work.fetch_ram_1p_128x32(fast)
# Loading work.ram_1p(fast__2)
# Loading work.enc_core(fast)
# Loading work.prei_top_buf(fast)
# Loading work.prei_top(fast)
# Loading work.hevc_md_top(fast)
# Loading work.md_top(fast)
# Loading work.md_fetch(fast)
# Loading work.control(fast)
# Loading work.gxgy(fast)
# Loading work.counter(fast)
# Loading work.compare(fast)
# Loading work.dc_planar(fast)
# Loading work.fetch8x8(fast)
# Loading work.mode_write(fast)
# Loading work.rate_control(fast)
# Loading work.prei_md_ram_sp_85x6(fast)
# Loading work.ram_1p(fast__3)
# Loading work.posi_top_buf(fast)
# Loading work.posi_top(fast)
# Loading work.posi_ctrl(fast)
# Loading work.posi_transfer(fast)
# Loading work.posi_reference(fast)
# Loading work.posi_prediction(fast)
# Loading work.intra_pred(fast)
# Loading work.posi_buffer(fast)
# Loading work.posi_satd_cost(fast)
# Loading work.posi_satd_cost_engine(fast)
# Loading work.posi_satd_cost_transpose(fast)
# Loading work.posi_satd_cost_engine(fast__1)
# Loading work.posi_rate_estimation(fast)
# Loading work.posi_partition_decision(fast)
# Loading work.posi_memory_wrapper(fast)
# Loading work.ram_sp_240x32(fast)
# Loading work.sram_sp_be_behave(fast)
# Loading work.ram_sp_256x32(fast)
# Loading work.ram_sp_1024x32(fast)
# Loading work.sram_sp_be_behave(fast__1)
# Loading work.posi_md_ram_sp_64x6(fast)
# Loading work.ram_1p(fast__4)
# Loading work.rec_top(fast)
# Loading work.intra_top(fast)
# Loading work.intra_ctrl(fast)
# Loading work.intra_ref(fast)
# Loading work.intra_buf_wrapper(fast)
# Loading work.ram_sp_384x32(fast)
# Loading work.sram_sp_be_behave(fast__2)
# Loading work.ram_sp_1536x32(fast)
# Loading work.sram_sp_be_behave(fast__3)
# Loading work.mc_top(fast)
# Loading work.mc_chroma_top(fast)
# Loading work.mc_chroma_ip4x4(fast)
# Loading work.mc_chroma_ip_1p(fast)
# Loading work.mc_chroma_filter_hor(fast)
# Loading work.mc_chroma_filter_ver(fast)
# Loading work.mc_ctrl(fast)
# Loading work.mc_tq(fast)
# Loading work.mvd_top(fast)
# Loading work.mvd_can_mv_addr(fast)
# Loading work.mc_mv_ram_sp_512x20(fast)
# Loading work.ram_1p(fast__5)
# Loading work.mvd_getBits(fast)
# Loading work.tq_top(fast)
# Loading work.dct_top_2d(fast)
# Loading work.ctl0(fast)
# Loading work.mux_0(fast)
# Loading work.be(fast)
# Loading work.be_level0(fast)
# Loading work.be_level1(fast)
# Loading work.be_delay(fast)
# Loading work.ctl3(fast)
# Loading work.mux_1(fast)
# Loading work.re(fast)
# Loading work.re_in_ctl(fast)
# Loading work.re_level0(fast)
# Loading work.re_level0_cal(fast)
# Loading work.re_level1(fast)
# Loading work.re_level1_cal(fast)
# Loading work.re_level2(fast)
# Loading work.re_level2_cal(fast)
# Loading work.re_level3(fast)
# Loading work.re_out_ctl(fast)
# Loading work.ctl1(fast)
# Loading work.pe(fast)
# Loading work.mux_3(fast)
# Loading work.offset_shift(fast)
# Loading work.transform_mtr(fast)
# Loading work.addr_ctl(fast)
# Loading work.mux32_1(fast)
# Loading work.tq_ram_sp_32x16(fast)
# Loading work.ram_1p(fast__6)
# Loading work.ctl2(fast)
# Loading work.mux_2(fast)
# Loading work.pe_i(fast)
# Loading work.row_ctl(fast)
# Loading work.chroma_qp(fast)
# Loading work.q_iq(fast)
# Loading work.quan(fast)
# Loading work.mod(fast)
# Loading work.rec_buf_wrapper(fast)
# Loading work.rec_buf_pre(fast)
# Loading work.ram_tp_be_32x64(fast)
# Loading work.sram_tp_be_behave(fast__1)
# Loading work.rec_buf_cef_rot(fast)
# Loading work.rec_buf_cef(fast)
# Loading work.ram_sp_be_192x128(fast)
# Loading work.sram_sp_be_behave(fast__4)
# Loading work.rec_buf_rec_rot(fast)
# Loading work.rec_buf_rec(fast)
# Loading work.ram_sp_be_192x64(fast)
# Loading work.sram_sp_be_behave(fast__5)
# Loading work.rec_buf_mvd_rot(fast)
# Loading work.ram_sp_be_64x23(fast)
# Loading work.sram_sp_be_behave(fast__6)
# Loading work.IinP_flag_gen(fast)
# Loading work.dbsao_top(fast)
# Loading work.dbsao_controller(fast)
# Loading work.dbsao_datapath(fast)
# Loading work.db_bs(fast)
# Loading work.db_cbf_ram_sp_64x16(fast)
# Loading work.ram_1p(fast__7)
# Loading work.db_tu_edge(fast)
# Loading work.db_pu_edge(fast)
# Loading work.db_tupu_ram_sp_64x32(fast)
# Loading work.ram_1p(fast__8)
# Loading work.db_qp(fast)
# Loading work.db_qp_ram_sp_64x20(fast)
# Loading work.ram_1p(fast__9)
# Loading work.db_mv(fast)
# Loading work.db_mv_ram_sp_64x20(fast)
# Loading work.db_mv_ram_sp_512x20(fast)
# Loading work.db_filter(fast)
# Loading work.db_lut_beta(fast)
# Loading work.db_lut_tc(fast)
# Loading work.db_normal_filter(fast)
# Loading work.db_strong_filter(fast)
# Loading work.db_clip3_str(fast)
# Loading work.db_chroma_filter(fast)
# Loading work.sao_bo_predecision(fast)
# Loading work.sao_top(fast)
# Loading work.sao_mode(fast)
# Loading work.sao_statistic(fast)
# Loading work.sao_sum_diff(fast)
# Loading work.sao_cal_offset(fast)
# Loading work.sao_type_decision(fast)
# Loading work.sao_add_offset(fast)
# Loading work.cabac_top(fast)
# Loading work.cabac_se_prepare(fast)
# Loading work.cabac_ram_sp_64x16(fast)
# Loading work.cabac_se_prepare_sao_offset(fast)
# Loading work.cabac_se_prepare_cu(fast)
# Loading work.cabac_se_prepare_intra(fast)
# Loading work.cabac_se_prepare_intra_luma(fast)
# Loading work.cabac_se_prepare_mv(fast)
# Loading work.cabac_se_prepare_mvd(fast)
# Loading work.cabac_se_prepare_tu(fast)
# Loading work.cabac_se_prepare_coeff(fast)
# Loading work.cabac_se_prepare_coeff_last_sig_xy(fast)
# Loading work.cabac_se_prepare_amplitude_of_coeff(fast)
# Loading work.cabac_se_prepare_sig_coeff_ctx(fast)
# Loading work.coe_addr_trans(fast)
# Loading work.cabac_pipo(fast)
# Loading work.cabac_bina(fast)
# Loading work.cabac_bina_lut(fast)
# Loading work.cabac_bina_BSleft(fast)
# Loading work.cabac_bina_BSright(fast)
# Loading work.cabac_bina_FC(fast)
# Loading work.cabac_bina_BS1sleft(fast)
# Loading work.cabac_bina_BS1sright(fast)
# Loading work.cabac_binsort(fast)
# Loading work.cabac_ucontext(fast)
# Loading work.cabac_ucontext_t(fast)
# Loading work.cabac_ucontext_tt(fast)
# Loading work.cabac_rlps4(fast)
# Loading work.cabac_rlps4_1bin(fast)
# Loading work.cabac_urange4(fast)
# Loading work.cabac_urange4_full(fast)
# Loading work.cabac_binmix(fast)
# Loading work.cabac_ulow(fast)
# Loading work.cabac_ulow_1bin(fast)
# Loading work.cabac_ulow_refine(fast)
# Loading work.cabac_bitpack(fast)
# Loading work.enc_data_pipeline(fast)
# Loading work.glbl(fast)
# 1
# 1
# ** Warning: (vsim-WLF-5000) WLF file currently in use: vsim.wlf
#           File in use by: 26892  Hostname: JINGDEVICE  ProcessID: 24544
#           Attempting to use alternate WLF file "./wlftd8c6x9".
# ** Warning: (vsim-WLF-5001) Could not open WLF file: vsim.wlf
#           Using alternate file: ./wlftd8c6x9
# .main_pane.wave.interior.cs.body.pw.wf
# .main_pane.structure.interior.cs.body.struct
# .main_pane.objects.interior.cs.body.tree
# ** Warning: (vsim-3534) [FOFIR] - Failed to open file "./tv/rc_coefficient.txt" for reading.
# No such file or directory. (errno = ENOENT)    : ../../../../xk265.srcs/sim_1/new/hevc_enc_core_top_tb.v(489)
#    Time: 0 ps  Iteration: 0  Instance: /hevc_enc_core_top_tb
# ** Warning: (vsim-3534) [FOFIR] - Failed to open file "./tv/rc_frameqp.txt" for reading.
# No such file or directory. (errno = ENOENT)    : ../../../../xk265.srcs/sim_1/new/hevc_enc_core_top_tb.v(490)
#    Time: 0 ps  Iteration: 0  Instance: /hevc_enc_core_top_tb
# 	 calling sram_tp_be_behave @hevc_enc_core_top_tb.hevc_enc_core_top.u_fetch_top.u_db.u_db_buf0.buf_pre_0.sram_tp_be_behave
# 	 calling sram_tp_be_behave @hevc_enc_core_top_tb.hevc_enc_core_top.u_fetch_top.u_db.u_db_buf0.buf_pre_1.sram_tp_be_behave
# 	 calling sram_tp_be_behave @hevc_enc_core_top_tb.hevc_enc_core_top.u_fetch_top.u_db.u_db_buf0.buf_pre_2.sram_tp_be_behave
# 	 calling sram_tp_be_behave @hevc_enc_core_top_tb.hevc_enc_core_top.u_fetch_top.u_db.u_db_buf0.buf_pre_3.sram_tp_be_behave
# 	 calling sram_tp_be_behave @hevc_enc_core_top_tb.hevc_enc_core_top.u_fetch_top.u_db.u_db_buf1.buf_pre_0.sram_tp_be_behave
# 	 calling sram_tp_be_behave @hevc_enc_core_top_tb.hevc_enc_core_top.u_fetch_top.u_db.u_db_buf1.buf_pre_1.sram_tp_be_behave
# 	 calling sram_tp_be_behave @hevc_enc_core_top_tb.hevc_enc_core_top.u_fetch_top.u_db.u_db_buf1.buf_pre_2.sram_tp_be_behave
# 	 calling sram_tp_be_behave @hevc_enc_core_top_tb.hevc_enc_core_top.u_fetch_top.u_db.u_db_buf1.buf_pre_3.sram_tp_be_behave
# 	 calling sram_tp_be_behave @hevc_enc_core_top_tb.hevc_enc_core_top.u_fetch_top.u_db.u_db_buf2.buf_pre_0.sram_tp_be_behave
# 	 calling sram_tp_be_behave @hevc_enc_core_top_tb.hevc_enc_core_top.u_fetch_top.u_db.u_db_buf2.buf_pre_1.sram_tp_be_behave
# 	 calling sram_tp_be_behave @hevc_enc_core_top_tb.hevc_enc_core_top.u_fetch_top.u_db.u_db_buf2.buf_pre_2.sram_tp_be_behave
# 	 calling sram_tp_be_behave @hevc_enc_core_top_tb.hevc_enc_core_top.u_fetch_top.u_db.u_db_buf2.buf_pre_3.sram_tp_be_behave
# 	 calling sram_sp_be_behave @hevc_enc_core_top_tb.hevc_enc_core_top.u_enc_core.u_posi_top_buf.u_posi_top.posi_memory_wrapper.ram_sp_240x32.sram_sp_be_behave
# 	 calling sram_sp_be_behave @hevc_enc_core_top_tb.hevc_enc_core_top.u_enc_core.u_posi_top_buf.u_posi_top.posi_memory_wrapper.ram_sp_256x32.sram_sp_be_behave
# 	 calling sram_sp_be_behave @hevc_enc_core_top_tb.hevc_enc_core_top.u_enc_core.u_posi_top_buf.u_posi_top.posi_memory_wrapper.ram_sp_1024x32.sram_sp_be_behave
# 	 calling sram_sp_be_behave @hevc_enc_core_top_tb.hevc_enc_core_top.u_enc_core.u_rec_top.u_intra_top.u_intra_buf_wrapper.m_buf_row.sram_sp_be_behave
# 	 calling sram_sp_be_behave @hevc_enc_core_top_tb.hevc_enc_core_top.u_enc_core.u_rec_top.u_intra_top.u_intra_buf_wrapper.m_buf_col.sram_sp_be_behave
# 	 calling sram_sp_be_behave @hevc_enc_core_top_tb.hevc_enc_core_top.u_enc_core.u_rec_top.u_intra_top.u_intra_buf_wrapper.m_buf_fra.sram_sp_be_behave
# 	 calling sram_tp_be_behave @hevc_enc_core_top_tb.hevc_enc_core_top.u_enc_core.u_rec_top.u_rec_buf_wrapper.u_buf_pre.m_buf_pre_0.sram_tp_be_behave
# 	 calling sram_tp_be_behave @hevc_enc_core_top_tb.hevc_enc_core_top.u_enc_core.u_rec_top.u_rec_buf_wrapper.u_buf_pre.m_buf_pre_1.sram_tp_be_behave
# 	 calling sram_tp_be_behave @hevc_enc_core_top_tb.hevc_enc_core_top.u_enc_core.u_rec_top.u_rec_buf_wrapper.u_buf_pre.m_buf_pre_2.sram_tp_be_behave
# 	 calling sram_tp_be_behave @hevc_enc_core_top_tb.hevc_enc_core_top.u_enc_core.u_rec_top.u_rec_buf_wrapper.u_buf_pre.m_buf_pre_3.sram_tp_be_behave
# 	 calling sram_sp_be_behave @hevc_enc_core_top_tb.hevc_enc_core_top.u_enc_core.u_rec_top.u_rec_buf_wrapper.u_buf_cef_rot.u_buf_cef_a.m_buf_cef_0.sram_sp_be_behave
# 	 calling sram_sp_be_behave @hevc_enc_core_top_tb.hevc_enc_core_top.u_enc_core.u_rec_top.u_rec_buf_wrapper.u_buf_cef_rot.u_buf_cef_a.m_buf_cef_1.sram_sp_be_behave
# 	 calling sram_sp_be_behave @hevc_enc_core_top_tb.hevc_enc_core_top.u_enc_core.u_rec_top.u_rec_buf_wrapper.u_buf_cef_rot.u_buf_cef_a.m_buf_cef_2.sram_sp_be_behave
# 	 calling sram_sp_be_behave @hevc_enc_core_top_tb.hevc_enc_core_top.u_enc_core.u_rec_top.u_rec_buf_wrapper.u_buf_cef_rot.u_buf_cef_a.m_buf_cef_3.sram_sp_be_behave
# 	 calling sram_sp_be_behave @hevc_enc_core_top_tb.hevc_enc_core_top.u_enc_core.u_rec_top.u_rec_buf_wrapper.u_buf_cef_rot.u_buf_cef_b.m_buf_cef_0.sram_sp_be_behave
# 	 calling sram_sp_be_behave @hevc_enc_core_top_tb.hevc_enc_core_top.u_enc_core.u_rec_top.u_rec_buf_wrapper.u_buf_cef_rot.u_buf_cef_b.m_buf_cef_1.sram_sp_be_behave
# 	 calling sram_sp_be_behave @hevc_enc_core_top_tb.hevc_enc_core_top.u_enc_core.u_rec_top.u_rec_buf_wrapper.u_buf_cef_rot.u_buf_cef_b.m_buf_cef_2.sram_sp_be_behave
# 	 calling sram_sp_be_behave @hevc_enc_core_top_tb.hevc_enc_core_top.u_enc_core.u_rec_top.u_rec_buf_wrapper.u_buf_cef_rot.u_buf_cef_b.m_buf_cef_3.sram_sp_be_behave
# 	 calling sram_sp_be_behave @hevc_enc_core_top_tb.hevc_enc_core_top.u_enc_core.u_rec_top.u_rec_buf_wrapper.u_buf_cef_rot.u_buf_cef_c.m_buf_cef_0.sram_sp_be_behave
# 	 calling sram_sp_be_behave @hevc_enc_core_top_tb.hevc_enc_core_top.u_enc_core.u_rec_top.u_rec_buf_wrapper.u_buf_cef_rot.u_buf_cef_c.m_buf_cef_1.sram_sp_be_behave
# 	 calling sram_sp_be_behave @hevc_enc_core_top_tb.hevc_enc_core_top.u_enc_core.u_rec_top.u_rec_buf_wrapper.u_buf_cef_rot.u_buf_cef_c.m_buf_cef_2.sram_sp_be_behave
# 	 calling sram_sp_be_behave @hevc_enc_core_top_tb.hevc_enc_core_top.u_enc_core.u_rec_top.u_rec_buf_wrapper.u_buf_cef_rot.u_buf_cef_c.m_buf_cef_3.sram_sp_be_behave
# 	 calling sram_sp_be_behave @hevc_enc_core_top_tb.hevc_enc_core_top.u_enc_core.u_rec_top.u_rec_buf_wrapper.u_buf_rec.u_buf_rec_a.m_buf_cef_0.sram_sp_be_behave
# 	 calling sram_sp_be_behave @hevc_enc_core_top_tb.hevc_enc_core_top.u_enc_core.u_rec_top.u_rec_buf_wrapper.u_buf_rec.u_buf_rec_a.m_buf_cef_1.sram_sp_be_behave
# 	 calling sram_sp_be_behave @hevc_enc_core_top_tb.hevc_enc_core_top.u_enc_core.u_rec_top.u_rec_buf_wrapper.u_buf_rec.u_buf_rec_a.m_buf_cef_2.sram_sp_be_behave
# 	 calling sram_sp_be_behave @hevc_enc_core_top_tb.hevc_enc_core_top.u_enc_core.u_rec_top.u_rec_buf_wrapper.u_buf_rec.u_buf_rec_a.m_buf_cef_3.sram_sp_be_behave
# 	 calling sram_sp_be_behave @hevc_enc_core_top_tb.hevc_enc_core_top.u_enc_core.u_rec_top.u_rec_buf_wrapper.u_buf_rec.u_buf_rec_b.m_buf_cef_0.sram_sp_be_behave
# 	 calling sram_sp_be_behave @hevc_enc_core_top_tb.hevc_enc_core_top.u_enc_core.u_rec_top.u_rec_buf_wrapper.u_buf_rec.u_buf_rec_b.m_buf_cef_1.sram_sp_be_behave
# 	 calling sram_sp_be_behave @hevc_enc_core_top_tb.hevc_enc_core_top.u_enc_core.u_rec_top.u_rec_buf_wrapper.u_buf_rec.u_buf_rec_b.m_buf_cef_2.sram_sp_be_behave
# 	 calling sram_sp_be_behave @hevc_enc_core_top_tb.hevc_enc_core_top.u_enc_core.u_rec_top.u_rec_buf_wrapper.u_buf_rec.u_buf_rec_b.m_buf_cef_3.sram_sp_be_behave
# 	 calling sram_sp_be_behave @hevc_enc_core_top_tb.hevc_enc_core_top.u_enc_core.u_rec_top.u_rec_buf_wrapper.u_buf_mvd.ram_sp_be_64x23_a.sram_sp_be_behave
# 	 calling sram_sp_be_behave @hevc_enc_core_top_tb.hevc_enc_core_top.u_enc_core.u_rec_top.u_rec_buf_wrapper.u_buf_mvd.ram_sp_be_64x23_b.sram_sp_be_behave
# 	 calling sram_sp_be_behave @hevc_enc_core_top_tb.hevc_enc_core_top.u_enc_core.u_rec_top.u_rec_buf_wrapper.u_buf_mvd.ram_sp_be_64x23_c.sram_sp_be_behave
# 	at      100, Frame Number =  0, mb_x_first =  0, mb_y_first =  0
run -all
# 	at     4185, Frame Number =  0, mb_x_first =  1, mb_y_first =  0
# 	at    31245, Frame Number =  0, mb_x_first =  2, mb_y_first =  0
# 	at    58305, Frame Number =  0, mb_x_first =  3, mb_y_first =  0
# 	at   155835, Frame Number =  0, mb_x_first =  4, mb_y_first =  0
# 	at   246455, Frame Number =  0, mb_x_first =  5, mb_y_first =  0
# 	at   357215, Frame Number =  0, mb_x_first =  6, mb_y_first =  0
# 	at   475085, Frame Number =  0, mb_x_first =  7, mb_y_first =  0
# 	at   599275, Frame Number =  0, mb_x_first =  8, mb_y_first =  0
# 	at   726625, Frame Number =  0, mb_x_first =  9, mb_y_first =  0
# 	at   854765, Frame Number =  0, mb_x_first = 10, mb_y_first =  0
# 	at   980535, Frame Number =  0, mb_x_first = 11, mb_y_first =  0
# 	at  1033345, Frame Number =  0, mb_x_first = 12, mb_y_first =  0
# 	at  1074405, Frame Number =  0, mb_x_first = 13, mb_y_first =  0
# 	at  1118525, Frame Number =  0, mb_x_first = 14, mb_y_first =  0
# 	at  1151785, Frame Number =  0, mb_x_first = 15, mb_y_first =  0
# 	at  1185045, Frame Number =  0, mb_x_first = 16, mb_y_first =  0
# 	at  1223045, Frame Number =  0, mb_x_first = 17, mb_y_first =  0
# 	at  1261045, Frame Number =  0, mb_x_first = 18, mb_y_first =  0
# 	at  1294305, Frame Number =  0, mb_x_first = 19, mb_y_first =  0
# 	at  1322825, Frame Number =  0, mb_x_first = 20, mb_y_first =  0
# 	at  1349885, Frame Number =  0, mb_x_first = 21, mb_y_first =  0
# 	at  1380085, Frame Number =  0, mb_x_first = 22, mb_y_first =  0
# 	at  1415025, Frame Number =  0, mb_x_first = 23, mb_y_first =  0
# 	at  1452035, Frame Number =  0, mb_x_first = 24, mb_y_first =  0
# 	at  1528835, Frame Number =  0, mb_x_first = 25, mb_y_first =  0
# 	at  1649865, Frame Number =  0, mb_x_first = 26, mb_y_first =  0
# 	at  1778005, Frame Number =  0, mb_x_first = 27, mb_y_first =  0
# 	at  1896665, Frame Number =  0, mb_x_first = 28, mb_y_first =  0
# 	at  2014535, Frame Number =  0, mb_x_first = 29, mb_y_first =  0
# 	at  2120755, Frame Number =  0, mb_x_first =  0, mb_y_first =  1
# 	at  2239415, Frame Number =  0, mb_x_first =  1, mb_y_first =  1
# 	at  2358865, Frame Number =  0, mb_x_first =  2, mb_y_first =  1
# 	at  2476735, Frame Number =  0, mb_x_first =  3, mb_y_first =  1
# 	at  2561135, Frame Number =  0, mb_x_first =  4, mb_y_first =  1
# 	at  2686115, Frame Number =  0, mb_x_first =  5, mb_y_first =  1
# 	at  2786905, Frame Number =  0, mb_x_first =  6, mb_y_first =  1
# 	at  2900925, Frame Number =  0, mb_x_first =  7, mb_y_first =  1
# Break key hit
# Break in Module re_level0_cal at ../../../../xk265.srcs/sources_1/new/core/rtl/rec/rec_tq/re_level0_cal.v line 317
# End time: 00:17:14 on May 03,2023, Elapsed time: 0:06:47
# Errors: 0, Warnings: 4
