/u_enc_top/u_fetch_top/u_cur_luma/fetch_cur_luma__GC0
/u_enc_top/u_enc_core/u_cabac_top/ucontext/cabac_ucontext__GB0
/u_enc_top/u_enc_core/u_dbsao_top/u_sao_top/sao_top__GB0
/u_enc_top/h265enc_top__GC0
/u_enc_top/u_enc_core/u_cabac_top/cabac_bit_pack/wire_mem_2_inferred
/u_enc_top/u_enc_core/u_ime_top_buf/u_ime_top/ime_sad_array/ime_sad_array__GB11
/u_enc_top/u_enc_core/u_rec_top/u_tq_top/dct_2d/u_re/re_level0_int/u04_level0_cal
/u_enc_top/u_enc_core/u_cabac_top/cabac_prepare_se/cabac_se_prepare__GB1
/u_enc_top/u_enc_core/u_rec_top/u_tq_top/dct_2d/u_re/re_level0_int/u12_level0_cal
/u_enc_top/u_enc_core/u_fme_top_buf/fme_rec_mem_1
/u_enc_top/u_enc_core/u_ime_top_buf/u_ime_top/ime_sad_array/ime_sad_array__GB7
/u_enc_top/u_enc_core/u_cabac_top/binsort
/u_enc_top/u_enc_core/u_ime_top_buf/u_ime_top/ime_cost_store/ime_cost_store__GB2
/u_enc_top/u_enc_core/u_fme_top_buf/u_fme_top/satd_gen/sp1
/u_enc_top/u_enc_core/u_rec_top/u_tq_top/dct_2d/dct_top_2d__GCB0
/u_enc_top/u_enc_core/u_fme_top_buf/u_fme_top/u_fme_skip/fme_skip__GC0
/u_enc_top/u_enc_core/u_fme_top_buf/u_fme_top/satd_gen/sp5
/u_enc_top/u_enc_core/u_rec_top/u_tq_top/dct_2d/u_be/u2_be_level0
/u_enc_top/u_enc_core/u_fme_top_buf/u_fme_top/ip8x8/quarter_verical_interpolator/fme_ip_quarter_ver__GB1
/u_enc_top/u_enc_core/u_rec_top/u_tq_top/dct_2d/u_re/re_level0_int/re_level0__GCB4
/u_enc_top/u_fetch_top/u_ref_luma/fetch_ref_luma__GB0
/u_enc_top/u_enc_core/u_rec_top/u_rec_buf_wrapper/u_buf_cef_rot/u_buf_cef_a/m_buf_cef_3
/u_enc_top/u_enc_core/u_rec_top/u_tq_top/dct_2d/u_re/re_level0_int/u14_level0_cal
/u_enc_top/u_enc_core/u_rec_top/u_rec_buf_wrapper/rec_buf_wrapper__GCB2
/u_enc_top/u_enc_core/u_rec_top/u_rec_buf_wrapper/u_buf_cef_rot/u_buf_cef_a/m_buf_cef_2
/u_enc_top/u_enc_core/u_rec_top/u_tq_top/q_iq_0/q_iq__GC0
/u_enc_top/u_enc_core/u_rec_top/u_tq_top/dct_2d/dct_top_2d__GCB1
/u_enc_top/u_fetch_top/fetch_top__GCB1
/u_enc_top/u_enc_core/u_rec_top/u_rec_buf_wrapper/u_buf_cef_rot/u_buf_cef_c/rec_buf_cef__GCM0
/u_enc_top/u_enc_core/u_ime_top_buf/u_ime_top/ime_cost_store/ime_cost_store__GB0
/u_enc_top/u_enc_core/u_rec_top/u_tq_top/dct_2d/u_re/re_level1_int/re_level1__GB0
/u_enc_top/u_enc_core/u_dbsao_top/u_sao_top/sao_top__GB1
/u_enc_top/u_enc_core/u_rec_top/rec_top__GC0
/u_enc_top/u_enc_core/u_ime_top_buf/u_ime_top/ime_cost_store/ime_cost_store__GB4
/u_enc_top/u_enc_core/u_ime_top_buf/u_ime_top/ime_ver_mem/ime_ver_mem__GC0
/u_enc_top/u_enc_core/u_posi_top_buf/u_posi_top/posi_prediction/posi_prediction__GC0
/u_enc_top/u_enc_core/u_cabac_top/cabac_bit_pack/cabac_bitpack__GB0
/u_enc_top/u_enc_core/u_rec_top/u_intra_top/u_intra_pred_a/intra_pred__GBM1
/u_enc_top/u_enc_core/u_rec_top/u_tq_top/dct_2d/u_re/re_level0_int/u13_level0_cal
/u_enc_top/u_enc_core/u_ime_top_buf/u_ime_top/ime_ori_dat_array
/u_enc_top/u_enc_core/u_ime_top_buf/u_ime_top/ime_sad_array/ime_sad_array__GB14
/u_enc_top/u_enc_core/u_rec_top/u_rec_buf_wrapper/u_buf_cef_rot/u_buf_cef_b/m_buf_cef_3
/u_enc_top/u_enc_core/u_rec_top/u_intra_top/u_intra_pred_a/intra_pred__GBM0
/u_enc_top/u_fetch_top/fetch_top__GCB0
/u_enc_top/u_enc_core/u_ime_top_buf/u_ime_top/ime_sad_array/ime_sad_array__GB6
/u_enc_top/u_enc_core/enc_core__GC0
/u_enc_top/u_enc_core/u_fme_top_buf/u_fme_top/satd_gen/sp0
/u_enc_top/u_fetch_top/u_ref_luma/datapath__50_fetch_ref_luma__GD
/hevc_encoder_system_top__GC0
/u_enc_top/u_enc_core/u_rec_top/u_tq_top/dct_2d/u_re/re_level0_int/u10_level0_cal
/u_enc_top/u_enc_core/u_rec_top/u_rec_buf_wrapper/u_buf_cef_rot/u_buf_cef_c/m_buf_cef_2
/u_enc_top/u_enc_core/u_rec_top/u_tq_top/dct_2d/u_re/re_level0_int/re_level0__GCB2
/u_enc_top/u_enc_core/u_rec_top/u_tq_top/dct_2d/u_re/re__GC0
/u_enc_top/u_enc_core/u_fme_top_buf/fme_rec_mem_0
/u_enc_top/u_enc_core/u_rec_top/u_rec_buf_wrapper/u_buf_cef_rot/u_buf_cef_a/rec_buf_cef__GCM0
/u_enc_top/u_enc_core/u_fme_top_buf/u_fme_top/ip8x8/fme_interpolator_8x8__GC0
/u_enc_top/u_enc_core/u_rec_top/u_tq_top/q_iq_0/quan_0/quan__GB2
/u_enc_top/u_fetch_top/u_ref_luma/fetch_ref_luma__GB3
/u_enc_top/u_enc_core/u_rec_top/u_tq_top/dct_2d/u_re/re_level0_int/re_level0__GCB1
/u_enc_top/u_enc_core/u_rec_top/u_rec_buf_wrapper/u_buf_cef_rot/u_buf_cef_c/m_buf_cef_1
/u_enc_top/u_enc_core/u_fme_top_buf/u_fme_top/satd_gen/sp3
/u_enc_top/u_enc_core/u_cabac_top/ucontext/cabac_ucontext__GB2
/u_enc_top/u_fetch_top/u_ref_luma/ime_ref_pel_rshift_inferred
/u_enc_top/u_enc_core/u_ime_top_buf/u_ime_top/ime_sad_array/ime_sad_array__GB9
/u_enc_top/u_enc_core/u_rec_top/u_rec_buf_wrapper/u_buf_cef_rot/u_buf_cef_a/m_buf_cef_0
/u_enc_top/u_enc_core/u_posi_top_buf/u_posi_top/posi_reference/posi_reference__GB0
/u_enc_top/u_enc_core/u_rec_top/u_tq_top/dct_2d/u_re/re_level0_int/u15_level0_cal
/u_enc_top/u_enc_core/u_rec_top/u_rec_buf_wrapper/rec_buf_wrapper__GCB1
/u_enc_top/u_enc_core/u_rec_top/u_intra_top/u_intra_pred_b/intra_pred__GBM0
/u_enc_top/u_enc_core/u_rec_top/u_rec_buf_wrapper/rec_buf_wrapper__GCB0
/u_enc_top/u_enc_core/u_rec_top/u_rec_buf_wrapper/u_buf_cef_rot/u_buf_cef_a/m_buf_cef_1
/u_enc_top/u_enc_core/u_posi_top_buf/posi_top_buf__GC0
/u_enc_top/u_enc_core/u_rec_top/u_tq_top/dct_2d/u_re/re_level0_int/u11_level0_cal
/u_enc_top/u_enc_core/u_ime_top_buf/u_ime_top/ime_sad_array/ime_sad_array__GB4
/u_enc_top/u_enc_core/u_fme_top_buf/u_fme_top/satd_gen/sp4
/u_enc_top/u_enc_core/u_rec_top/u_intra_top/u_intra_pred_b/intra_pred__GBM1
/u_enc_top/u_enc_core/u_fme_top_buf/u_fme_top/fme_top__GC0
/u_enc_top/u_enc_core/u_dbsao_top/dbsao_datapath/dbsao_datapath__GB0
/u_enc_top/u_enc_core/u_posi_top_buf/u_posi_top/posi_prediction/intra_pred/intra_pred__GBM1
/u_enc_top/u_enc_core/u_posi_top_buf/u_posi_top/posi_top__GC0
/u_enc_top/u_enc_core/u_rec_top/u_intra_top/intra_top__GC0
/u_enc_top/u_enc_core/u_rec_top/u_tq_top/dct_2d/u_re/re_level0_int/u07_level0_cal
/u_enc_top/u_enc_core/u_fme_top_buf/u_fme_top/ip8x8/quarter_verical_interpolator/fme_ip_quarter_ver__GB2
/u_enc_top/u_enc_core/u_ime_top_buf/u_ime_top/ime_sad_array/ime_sad_array__GB3
/u_enc_top/u_enc_core/u_rec_top/u_tq_top/dct_2d/u_re/re_level0_int/u02_level0_cal
/u_enc_top/u_enc_core/u_ime_top_buf/u_ime_top/ime_ver_mem/vertical_memory/sram_sp_be_behave/sram_sp_be_behave__parameterized1__GB5
/u_enc_top/u_enc_core/u_posi_top_buf/u_posi_top/posi_reference/posi_reference__GB1
/hdmi2yuv_top/hdmi2rgb/uicfg7611/uii2c_inst/uii2c__GC0
/u_enc_top/u_enc_core/u_dbsao_top/dbsao_datapath/dbsao_datapath__GB2
/u_enc_top/u_enc_core/u_fme_top_buf/u_fme_top/u_fme_skip/sp0
/u_enc_top/u_fetch_top/u_db/u_db_buf0
/u_enc_top/u_enc_core/u_rec_top/u_rec_buf_wrapper/u_buf_cef_rot/u_buf_cef_b/m_buf_cef_1
/u_enc_top/u_enc_core/u_rec_top/u_tq_top/dct_2d/u_re/re_level0_int/re_level0__GCB3
/u_enc_top/u_enc_core/u_fme_top_buf/u_fme_top/satd_gen/sp2
/u_enc_top/u_enc_core/u_dbsao_top/dbsao_top__GC0
/u_enc_top/u_enc_core/u_ime_top_buf/u_ime_top/ime_sad_array/ime_sad_array__GB1
/u_enc_top/u_enc_core/u_fme_top_buf/u_fme_top/satd_gen/sp6
/u_enc_top/u_enc_core/u_rec_top/u_tq_top/dct_2d/u_re/re_level0_int/u06_level0_cal
/u_enc_top/u_enc_core/u_ime_top_buf/u_ime_top/ime_sad_array/ime_sad_array__GB2
/u_enc_top/u_enc_core/u_rec_top/u_tq_top/dct_2d/u_re/re_level0_int/re_level0__GCB6
/u_enc_top/u_enc_core/u_fme_top_buf/u_fme_top/satd_gen/sp7
/u_enc_top/u_enc_core/u_rec_top/u_tq_top/dct_2d/u_re/re_level0_int/re_level0__GCB5
/u_enc_top/u_enc_core/u_rec_top/u_rec_buf_wrapper/u_buf_cef_rot/u_buf_cef_c/m_buf_cef_0
/u_enc_top/u_enc_core/u_rec_top/u_tq_top/dct_2d/u_be/u0_be_level0
/u_enc_top/u_enc_core/u_ime_top_buf/u_ime_top/ime_sad_array/ime_sad_array__GB8
/u_enc_top/u_enc_core/u_rec_top/u_tq_top/dct_2d/u_re/re_level1_int/re_level1__GB1
/u_enc_top/u_enc_core/u_rec_top/u_tq_top/tq_top__GC0
/u_enc_top/u_enc_core/u_ime_top_buf/u_ime_top/ime_cost_store/ime_cost_store__GB1
/u_enc_top/u_enc_core/u_rec_top/u_tq_top/dct_2d/u_re/re_level0_int/u00_level0_cal
/u_enc_top/u_enc_core/u_ime_top_buf/u_ime_top/ime_cost_store/ime_cost_store__GB3
/u_enc_top/u_enc_core/u_rec_top/u_tq_top/q_iq_0/quan_0/quan__GB0
/u_enc_top/u_enc_core/u_rec_top/u_rec_buf_wrapper/u_buf_cef_rot/u_buf_cef_c/m_buf_cef_3
/u_enc_top/u_enc_core/u_rec_top/u_tq_top/dct_2d/u_re/re_level0_int/u09_level0_cal
/u_enc_top/u_enc_core/u_rec_top/u_rec_buf_wrapper/u_buf_rec/u_buf_rec_b
/u_enc_top/u_enc_core/u_ime_top_buf/u_ime_top/ime_sad_array/ime_sad_array__GB12
/u_enc_top/u_enc_core/u_rec_top/u_rec_buf_wrapper/u_buf_rec/u_buf_rec_a
/u_enc_top/u_enc_core/u_rec_top/u_rec_buf_wrapper/u_buf_cef_rot/u_buf_cef_b/rec_buf_cef__GCM0
/u_enc_top/u_enc_core/u_rec_top/u_tq_top/dct_2d/u_re/re_level0_int/u05_level0_cal
/u_enc_top/u_enc_core/u_ime_top_buf/u_ime_top/ime_sad_array/ime_sad_array__GB13
/hdmi2yuv_top/hdmi2rgb/uicfg7611/uicfg7611__GC0
/u_enc_top/u_enc_core/u_ime_top_buf/u_ime_top/ime_top__GC0
/u_enc_top/u_enc_core/u_fme_top_buf/u_fme_top/ip8x8/half_vertical_interpolator/fme_ip_half_ver__GB0
/u_enc_top/u_fetch_top/u_db/fetch_db__GC0
/u_enc_top/u_enc_core/u_ime_top_buf/ime_top_buf__GC0
/u_enc_top/u_enc_core/u_ime_top_buf/u_ime_top/ime_cost_store/ime_cost_store__GB5
/u_enc_top/u_enc_core/u_cabac_top/ucontext/cabac_ucontext__GB1
/u_enc_top/u_enc_core/u_rec_top/u_tq_top/dct_2d/u_re/re_level0_int/u01_level0_cal
/u_enc_top/u_enc_core/u_rec_top/u_tq_top/dct_2d/u_re/re_level0_int/u08_level0_cal
/u_enc_top/u_enc_core/u_rec_top/u_tq_top/dct_2d/u_re/re_level0_int/u03_level0_cal
/u_enc_top/u_enc_core/u_rec_top/u_rec_buf_wrapper/u_buf_cef_rot/u_buf_cef_b/m_buf_cef_0
/hdmi2yuv_top/hdmi2yuv_top__GC0
/u_enc_top/u_enc_core/u_dbsao_top/dbsao_datapath/dbsao_datapath__GB1
/u_enc_top/u_enc_core/u_cabac_top/cabac_prepare_se/cabac_se_prepare__GB0
/u_enc_top/u_fetch_top/u_ref_luma/fetch_ref_luma__GB2
/u_enc_top/u_enc_core/u_ime_top_buf/u_ime_top/ime_sad_array/ime_sad_array__GB5
/u_enc_top/u_enc_core/u_dbsao_top/dbsao_datapath/dbsao_datapath__GB3
/u_enc_top/u_enc_core/u_fme_top_buf/u_fme_top/ip8x8/quarter_verical_interpolator/fme_ip_quarter_ver__GB0
/u_enc_top/u_enc_core/u_rec_top/u_tq_top/dct_2d/u_re/re_level0_int/re_level0__GCB0
/u_enc_top/u_enc_core/u_rec_top/u_rec_buf_wrapper/u_buf_cef_rot/u_buf_cef_b/m_buf_cef_2
/hevc_encoder_system_top_GT0
/u_enc_top/u_enc_core/u_ime_top_buf/u_ime_top/ime_sad_array/ime_sad_array__GB10
/u_enc_top/u_enc_core/u_fme_top_buf/u_fme_top/satd_gen/fme_satd_gen__GC0
/u_enc_top/u_enc_core/u_fme_top_buf/u_fme_top/satd_gen/sp8
/u_enc_top/u_enc_core/u_ime_top_buf/u_ime_top/ime_sad_array/ime_sad_array__GB0
/u_enc_top/u_enc_core/u_fme_top_buf/fme_top_buf__GC0
/u_enc_top/u_enc_core/u_rec_top/u_rec_buf_wrapper/u_buf_cef_rot/rec_buf_cef_rot__GC0
/u_enc_top/u_enc_core/u_fme_top_buf/u_fme_top/ip8x8/half_vertical_interpolator/fme_ip_half_ver__GB1
/u_enc_top/u_enc_core/u_ime_top_buf/u_ime_top/ime_ref_dat_array
/u_enc_top/u_enc_core/u_rec_top/u_tq_top/dct_2d/u_be/be__GC0
/u_enc_top/u_enc_core/u_rec_top/u_tq_top/q_iq_0/quan_0/quan__GB1
/u_enc_top/u_enc_core/u_posi_top_buf/u_posi_top/posi_prediction/intra_pred/intra_pred__GBM0
/u_enc_top/u_enc_core/u_rec_top/u_rec_buf_wrapper/u_buf_rec/rec_buf_rec_rot__GC0
