# do {data_merge_tb_compile.do}
# Model Technology ModelSim SE-64 vmap 10.4 Lib Mapping Utility 2014.12 Dec  3 2014
# vmap -modelsim_quiet xil_defaultlib modelsim_lib/msim/xil_defaultlib 
# Modifying modelsim.ini
# Model Technology ModelSim SE-64 vlog 10.4 Compiler 2014.12 Dec  3 2014
# Start time: 22:46:22 on Apr 21,2023
# vlog -incr -mfcu -work xil_defaultlib "+incdir+../../../../extif.gen/sources_1/bd/fdma_mig_ddr/ipshared/ec67/hdl" ../../../../extif.srcs/sources_1/new/data_merge.v ../../../../extif.srcs/sim_1/new/data_merge_tb.v 
# -- Compiling module data_merge
# -- Compiling module data_merge_tb
# 
# Top level modules:
# 	data_merge_tb
# End time: 22:46:22 on Apr 21,2023, Elapsed time: 0:00:00
# Errors: 0, Warnings: 0
# Model Technology ModelSim SE-64 vlog 10.4 Compiler 2014.12 Dec  3 2014
# Start time: 22:46:22 on Apr 21,2023
# vlog -work xil_defaultlib glbl.v 
# -- Compiling module glbl
# 
# Top level modules:
# 	glbl
# End time: 22:46:22 on Apr 21,2023, Elapsed time: 0:00:00
# Errors: 0, Warnings: 0
