
*** Running vivado
    with args -log video_buffer_top.vds -m64 -product Vivado -mode batch -messageDb vivado.pb -notrace -source video_buffer_top.tcl



****** Vivado v2022.1 (64-bit)
  **** SW Build 3526262 on Mon Apr 18 15:48:16 MDT 2022
  **** IP Build 3524634 on Mon Apr 18 20:55:01 MDT 2022
    ** Copyright 1986-2022 Xilinx, Inc. All Rights Reserved.

source video_buffer_top.tcl -notrace
WARNING: [Common 17-1361] You have specified a new message control rule that is equivalent to an existing rule with attributes ' -id {[BD 41-1306]}  -suppress '. The existing rule will be replaced.
WARNING: [Common 17-1361] You have specified a new message control rule that is equivalent to an existing rule with attributes ' -id {[BD 41-1306]}  -suppress '. The existing rule will be replaced.
WARNING: [Common 17-1361] You have specified a new message control rule that is equivalent to an existing rule with attributes ' -id {[BD 41-1306]}  -suppress '. The existing rule will be replaced.
WARNING: [Common 17-1361] You have specified a new message control rule that is equivalent to an existing rule with attributes ' -id {[BD 41-1271]}  -suppress '. The existing rule will be replaced.
WARNING: [Common 17-1361] You have specified a new message control rule that is equivalent to an existing rule with attributes ' -id {[BD 41-1271]}  -suppress '. The existing rule will be replaced.
WARNING: [Common 17-1361] You have specified a new message control rule that is equivalent to an existing rule with attributes ' -id {[BD 41-1271]}  -suppress '. The existing rule will be replaced.
WARNING: [Common 17-1361] You have specified a new message control rule that is equivalent to an existing rule with attributes ' -id {[BD 41-1306]}  -suppress '. The existing rule will be replaced.
WARNING: [Common 17-1361] You have specified a new message control rule that is equivalent to an existing rule with attributes ' -id {[BD 41-1271]}  -suppress '. The existing rule will be replaced.
WARNING: [Common 17-1361] You have specified a new message control rule that is equivalent to an existing rule with attributes ' -id {[BD 41-1306]}  -suppress '. The existing rule will be replaced.
WARNING: [Common 17-1361] You have specified a new message control rule that is equivalent to an existing rule with attributes ' -id {[BD 41-1271]}  -suppress '. The existing rule will be replaced.
WARNING: [Common 17-1361] You have specified a new message control rule that is equivalent to an existing rule with attributes ' -id {[BD 41-1271]}  -suppress '. The existing rule will be replaced.
WARNING: [Common 17-1361] You have specified a new message control rule that is equivalent to an existing rule with attributes ' -id {[BD 41-1306]}  -suppress '. The existing rule will be replaced.
WARNING: [Common 17-1361] You have specified a new message control rule that is equivalent to an existing rule with attributes ' -id {[BD 41-1306]}  -suppress '. The existing rule will be replaced.
create_project: Time (s): cpu = 00:00:05 ; elapsed = 00:00:07 . Memory (MB): peak = 1630.602 ; gain = 0.000
INFO: [IP_Flow 19-234] Refreshing IP repositories
INFO: [IP_Flow 19-1700] Loaded user IP repository 'e:/Project/xk265/extif/extif.ip_user_files/uisrc'.
INFO: [IP_Flow 19-2313] Loaded Vivado IP repository 'D:/Xilinx/Vivado/2022.1/data/ip'.
Command: read_checkpoint -auto_incremental -incremental E:/Project/xk265/extif/extif.srcs/utils_1/imports/synth_1/data_merge_16_to_128.dcp
INFO: [Vivado 12-5825] Read reference checkpoint from E:/Project/xk265/extif/extif.srcs/utils_1/imports/synth_1/data_merge_16_to_128.dcp for incremental synthesis
INFO: [Vivado 12-7989] Please ensure there are no constraint changes
Command: synth_design -top video_buffer_top -part xc7z035ffg676-2
Starting synth_design
Attempting to get a license for feature 'Synthesis' and/or device 'xc7z035'
INFO: [Common 17-349] Got license for feature 'Synthesis' and/or device 'xc7z035'
INFO: [Common 17-86] Your Synthesis license expires in 4 day(s)
INFO: [Designutils 20-5440] No compile time benefit to using incremental synthesis; A full resynthesis will be run
INFO: [Designutils 20-4379] Flow is switching to default flow due to incremental criteria not met. If you would like to alter this behaviour and have the flow terminate instead, please set the following parameter config_implementation {autoIncr.Synth.RejectBehavior Terminate}
INFO: [Synth 8-7079] Multithreading enabled for synth_design using a maximum of 2 processes.
INFO: [Synth 8-7078] Launching helper process for spawning children vivado processes
INFO: [Synth 8-7075] Helper process launched with PID 15340
---------------------------------------------------------------------------------
Starting Synthesize : Time (s): cpu = 00:00:06 ; elapsed = 00:00:10 . Memory (MB): peak = 1630.602 ; gain = 0.000
---------------------------------------------------------------------------------
INFO: [Synth 8-6157] synthesizing module 'video_buffer_top' [E:/Project/xk265/extif/extif.srcs/sources_1/new/video_buffer_top.v:1]
ERROR: [Synth 8-439] module 'data_merge_8_to_128' not found [E:/Project/xk265/extif/extif.srcs/sources_1/new/video_buffer_top.v:93]
ERROR: [Synth 8-6156] failed synthesizing module 'video_buffer_top' [E:/Project/xk265/extif/extif.srcs/sources_1/new/video_buffer_top.v:1]
---------------------------------------------------------------------------------
Finished Synthesize : Time (s): cpu = 00:00:07 ; elapsed = 00:00:11 . Memory (MB): peak = 1630.602 ; gain = 0.000
---------------------------------------------------------------------------------
synthesize failed
INFO: [Common 17-83] Releasing license: Synthesis
14 Infos, 13 Warnings, 0 Critical Warnings and 3 Errors encountered.
synth_design failed
ERROR: [Common 17-69] Command failed: Vivado Synthesis failed
INFO: [Common 17-206] Exiting Vivado at Fri Apr 21 23:53:53 2023...
