********************************************************************************
* Unified simulation Tcl App stack trace dump
*
* File: .usf.tcl_error.log (Thu Apr 27 19:55:49 2023)
*
* This file is generated by the unified simulation automation and contains the
* tcl stack trace of error returned by the simulator App for the current run.
*
********************************************************************************
1
    while executing
"catch {rdi::run_program $scr_file} error_log"
    (procedure "xcs_exec_script" line 16)
    invoked from within
"xcs_exec_script $scr_file error_log"
    (procedure "usf_launch_script" line 37)
    invoked from within
"usf_launch_script "modelsim" $step"
    (procedure "tclapp::xilinx::modelsim::compile" line 13)
    invoked from within
"tclapp::xilinx::modelsim::compile { -simset sim_1 -mode behavioral -run_dir E:/Project/xk265/hevc_encoder_system/hevc_encoder_system.sim/sim_1/behav/m..."
