# //  ModelSim SE-64 10.4 Dec  3 2014 
# //
# //  Copyright 1991-2014 Mentor Graphics Corporation
# //  All Rights Reserved.
# //
# //  THIS WORK CONTAINS TRADE SECRET AND PROPRIETARY INFORMATION
# //  WHICH IS THE PROPERTY OF MENTOR GRAPHICS CORPORATION OR ITS
# //  LICENSORS AND IS SUBJECT TO LICENSE TERMS.
# //  THIS DOCUMENT CONTAINS TRADE SECRETS AND COMMERCIAL OR FINANCIAL
# //  INFORMATION THAT ARE PRIVILEGED, CONFIDENTIAL, AND EXEMPT FROM
# //  DISCLOSURE UNDER THE FREEDOM OF INFORMATION ACT, 5 U.S.C. SECTION 552.
# //  FURTHERMORE, THIS INFORMATION IS PROHIBITED FROM DISCLOSURE UNDER
# //  THE TRADE SECRETS ACT, 18 U.S.C. SECTION 1905.
# //
# do {tb_enc_top_simulate.do}
# vsim -do "do {tb_enc_top_simulate.do}" -l simulate.log 
# Start time: 20:08:55 on Apr 24,2023
# ** Note: (vsim-3812) Design is being optimized...
# 
# ** Note: (vopt-143) Recognized 1 FSM in module "ime_ctrl(fast)".
# 
# ** Note: (vopt-143) Recognized 1 FSM in module "dbsao_controller(fast)".
# 
# ** Note: (vopt-143) Recognized 1 FSM in module "mc_ctrl(fast)".
# 
# ** Note: (vopt-143) Recognized 1 FSM in module "mc_tq(fast)".
# 
# ** Note: (vopt-143) Recognized 3 FSMs in module "ime_transfer(fast)".
# 
# ** Note: (vopt-143) Recognized 1 FSM in module "mc_chroma_top(fast)".
# 
# ** Note: (vopt-143) Recognized 1 FSM in module "posi_ctrl(fast)".
# 
# ** Note: (vopt-143) Recognized 1 FSM in module "posi_transfer(fast)".
# 
# ** Note: (vopt-143) Recognized 1 FSM in module "cabac_se_prepare_coeff(fast)".
# 
# ** Note: (vopt-143) Recognized 1 FSM in module "dbsao_datapath(fast)".
# 
# ** Note: (vopt-143) Recognized 2 FSMs in module "fetch_wrapper(fast)".
# 
# ** Note: (vopt-143) Recognized 1 FSM in module "mvd_top(fast)".
# 
# ** Note: (vopt-143) Recognized 1 FSM in module "cabac_se_prepare_tu(fast)".
# 
# ** Note: (vopt-143) Recognized 4 FSMs in module "fme_ctrl(fast)".
# 
# ** Note: (vopt-143) Recognized 1 FSM in module "enc_ctrl(fast)".
# 
# ** Note: (vopt-143) Recognized 1 FSM in module "ime_addressing(fast)".
# 
# ** Note: (vopt-143) Recognized 1 FSM in module "intra_ctrl(fast)".
# 
# ** Note: (vopt-143) Recognized 1 FSM in module "fme_mv_candidate_prepare(fast)".
# 
# ** Note: (vopt-143) Recognized 1 FSM in module "intra_ref(fast)".
# 
# ** Note: (vopt-143) Recognized 1 FSM in module "cabac_se_prepare(fast)".
# 
# Loading work.tb_enc_top(fast)
# Loading work.h265enc_top(fast)
# Loading work.enc_ctrl(fast)
# Loading work.fetch_top(fast)
# Loading work.fetch_wrapper(fast)
# Loading work.fetch_cur_luma(fast)
# Loading work.mem_lipo_1p_128x64x4(fast)
# Loading work.buf_ram_1p_128x64(fast)
# Loading work.ram_1p(fast)
# Loading work.fetch_ref_luma(fast)
# Loading work.fetch_rf_1p_128x512(fast)
# Loading work.rf_1p(fast)
# Loading work.fetch_cur_chroma(fast)
# Loading work.mem_lipo_1p_64x64x4(fast)
# Loading work.buf_ram_1p_64x64(fast)
# Loading work.ram_1p(fast__1)
# Loading work.fetch_ref_chroma(fast)
# Loading work.fetch_rf_1p_64x256(fast)
# Loading work.rf_1p(fast__1)
# Loading work.fetch_db(fast)
# Loading work.mem_bilo_db(fast)
# Loading work.fetch_ram_2p_64x208(fast)
# Loading work.sram_tp_be_behave(fast)
# Loading work.fetch_ram_1p_128x32(fast)
# Loading work.ram_1p(fast__2)
# Loading work.enc_core(fast)
# Loading work.prei_top_buf(fast)
# Loading work.prei_top(fast)
# Loading work.hevc_md_top(fast)
# Loading work.md_top(fast)
# Loading work.md_fetch(fast)
# Loading work.control(fast)
# Loading work.gxgy(fast)
# Loading work.counter(fast)
# Loading work.compare(fast)
# Loading work.dc_planar(fast)
# Loading work.fetch8x8(fast)
# Loading work.mode_write(fast)
# Loading work.rate_control(fast)
# Loading work.prei_md_ram_sp_85x6(fast)
# Loading work.ram_1p(fast__3)
# Loading work.posi_top_buf(fast)
# Loading work.posi_top(fast)
# Loading work.posi_ctrl(fast)
# Loading work.posi_transfer(fast)
# Loading work.posi_reference(fast)
# Loading work.posi_prediction(fast)
# Loading work.intra_pred(fast)
# Loading work.posi_buffer(fast)
# Loading work.posi_satd_cost(fast)
# Loading work.posi_satd_cost_engine(fast)
# Loading work.posi_satd_cost_transpose(fast)
# Loading work.posi_satd_cost_engine(fast__1)
# Loading work.posi_rate_estimation(fast)
# Loading work.posi_partition_decision(fast)
# Loading work.posi_memory_wrapper(fast)
# Loading work.ram_sp_240x32(fast)
# Loading work.sram_sp_be_behave(fast)
# Loading work.ram_sp_256x32(fast)
# Loading work.ram_sp_1024x32(fast)
# Loading work.sram_sp_be_behave(fast__1)
# Loading work.posi_md_ram_sp_64x6(fast)
# Loading work.ram_1p(fast__4)
# Loading work.ime_top_buf(fast)
# Loading work.ime_top(fast)
# Loading work.ime_transfer(fast)
# Loading work.ime_ver_mem(fast)
# Loading work.ram_sp_be_192x512(fast)
# Loading work.sram_sp_be_behave(fast__2)
# Loading work.ime_ctrl(fast)
# Loading work.ime_addressing(fast)
# Loading work.ime_dat_array(fast)
# Loading work.ime_sad_array(fast)
# Loading work.ime_cost_store(fast)
# Loading work.ime_partition_decision(fast)
# Loading work.ime_partition_decision_engine(fast)
# Loading work.ime_mv_dump(fast)
# Loading work.ime_glue_logic(fast)
# Loading work.ime_mv_ram_sp_64x13(fast)
# Loading work.ram_1p(fast__5)
# Loading work.fme_top_buf(fast)
# Loading work.fme_top(fast)
# Loading work.qp_lambda_table(fast)
# Loading work.fme_interpolator_8x8(fast)
# Loading work.fme_interpolator_8pel(fast)
# Loading work.fme_interpolator(fast)
# Loading work.fme_interpolator(fast__1)
# Loading work.fme_interpolator(fast__2)
# Loading work.clip2(fast)
# Loading work.fme_ip_half_ver(fast)
# Loading work.fme_interpolator(fast__3)
# Loading work.clip(fast)
# Loading work.fme_interpolator(fast__4)
# Loading work.fme_ip_quarter_ver(fast)
# Loading work.fme_interpolator(fast__5)
# Loading work.fme_interpolator(fast__6)
# Loading work.fme_interpolator(fast__7)
# Loading work.fme_interpolator(fast__8)
# Loading work.fme_satd_gen(fast)
# Loading work.fme_satd_8x8(fast)
# Loading work.hadamard_trans_2d(fast)
# Loading work.hadamard_trans_1d(fast)
# Loading work.hadamard_trans_1d(fast__1)
# Loading work.fme_abs(fast)
# Loading work.fme_cost(fast)
# Loading work.bits_num(fast)
# Loading work.db_mv_ram_sp_64x20(fast)
# Loading work.ram_1p(fast__6)
# Loading work.fme_ctrl(fast)
# Loading work.fme_pred(fast)
# Loading work.fme_mv_buffer(fast)
# Loading work.db_mv_ram_sp_512x20(fast)
# Loading work.ram_1p(fast__7)
# Loading work.fme_mv_candidate_prepare(fast)
# Loading work.fme_skip(fast)
# Loading work.fme_buf_wrapper(fast)
# Loading work.ram_sp_be_128x64(fast)
# Loading work.sram_sp_be_behave(fast__3)
# Loading work.fme_mv_ram_dp_64x20(fast)
# Loading work.ram_dp(fast)
# Loading work.rec_top(fast)
# Loading work.intra_top(fast)
# Loading work.intra_ctrl(fast)
# Loading work.intra_ref(fast)
# Loading work.intra_buf_wrapper(fast)
# Loading work.ram_sp_384x32(fast)
# Loading work.sram_sp_be_behave(fast__4)
# Loading work.ram_sp_1536x32(fast)
# Loading work.sram_sp_be_behave(fast__5)
# Loading work.mc_top(fast)
# Loading work.mc_chroma_top(fast)
# Loading work.mc_chroma_ip4x4(fast)
# Loading work.mc_chroma_ip_1p(fast)
# Loading work.mc_chroma_filter_hor(fast)
# Loading work.mc_chroma_filter_ver(fast)
# Loading work.mc_ctrl(fast)
# Loading work.mc_tq(fast)
# Loading work.mvd_top(fast)
# Loading work.mvd_can_mv_addr(fast)
# Loading work.mc_mv_ram_sp_512x20(fast)
# Loading work.mvd_getBits(fast)
# Loading work.tq_top(fast)
# Loading work.dct_top_2d(fast)
# Loading work.ctl0(fast)
# Loading work.mux_0(fast)
# Loading work.be(fast)
# Loading work.be_level0(fast)
# Loading work.be_level1(fast)
# Loading work.be_delay(fast)
# Loading work.ctl3(fast)
# Loading work.mux_1(fast)
# Loading work.re(fast)
# Loading work.re_in_ctl(fast)
# Loading work.re_level0(fast)
# Loading work.re_level0_cal(fast)
# Loading work.re_level1(fast)
# Loading work.re_level1_cal(fast)
# Loading work.re_level2(fast)
# Loading work.re_level2_cal(fast)
# Loading work.re_level3(fast)
# Loading work.re_out_ctl(fast)
# Loading work.ctl1(fast)
# Loading work.pe(fast)
# Loading work.mux_3(fast)
# Loading work.offset_shift(fast)
# Loading work.transform_mtr(fast)
# Loading work.addr_ctl(fast)
# Loading work.mux32_1(fast)
# Loading work.tq_ram_sp_32x16(fast)
# Loading work.ram_1p(fast__8)
# Loading work.ctl2(fast)
# Loading work.mux_2(fast)
# Loading work.pe_i(fast)
# Loading work.row_ctl(fast)
# Loading work.chroma_qp(fast)
# Loading work.q_iq(fast)
# Loading work.quan(fast)
# Loading work.mod(fast)
# Loading work.rec_buf_wrapper(fast)
# Loading work.rec_buf_pre(fast)
# Loading work.ram_tp_be_32x64(fast)
# Loading work.sram_tp_be_behave(fast__1)
# Loading work.rec_buf_cef_rot(fast)
# Loading work.rec_buf_cef(fast)
# Loading work.ram_sp_be_192x128(fast)
# Loading work.sram_sp_be_behave(fast__6)
# Loading work.rec_buf_rec_rot(fast)
# Loading work.rec_buf_rec(fast)
# Loading work.ram_sp_be_192x64(fast)
# Loading work.sram_sp_be_behave(fast__7)
# Loading work.rec_buf_mvd_rot(fast)
# Loading work.ram_sp_be_64x23(fast)
# Loading work.sram_sp_be_behave(fast__8)
# Loading work.IinP_flag_gen(fast)
# Loading work.dbsao_top(fast)
# Loading work.dbsao_controller(fast)
# Loading work.dbsao_datapath(fast)
# Loading work.db_bs(fast)
# Loading work.db_cbf_ram_sp_64x16(fast)
# Loading work.ram_1p(fast__9)
# Loading work.db_tu_edge(fast)
# Loading work.db_pu_edge(fast)
# Loading work.db_tupu_ram_sp_64x32(fast)
# Loading work.ram_1p(fast__10)
# Loading work.db_qp(fast)
# Loading work.db_qp_ram_sp_64x20(fast)
# Loading work.db_mv(fast)
# Loading work.db_filter(fast)
# Loading work.db_lut_beta(fast)
# Loading work.db_lut_tc(fast)
# Loading work.db_normal_filter(fast)
# Loading work.db_strong_filter(fast)
# Loading work.db_clip3_str(fast)
# Loading work.db_chroma_filter(fast)
# Loading work.sao_bo_predecision(fast)
# Loading work.sao_top(fast)
# Loading work.sao_mode(fast)
# Loading work.sao_statistic(fast)
# Loading work.sao_sum_diff(fast)
# Loading work.sao_cal_offset(fast)
# Loading work.sao_type_decision(fast)
# Loading work.sao_add_offset(fast)
# Loading work.cabac_top(fast)
# Loading work.cabac_se_prepare(fast)
# Loading work.cabac_ram_sp_64x16(fast)
# Loading work.cabac_se_prepare_sao_offset(fast)
# Loading work.cabac_se_prepare_cu(fast)
# Loading work.cabac_se_prepare_intra(fast)
# Loading work.cabac_se_prepare_intra_luma(fast)
# Loading work.cabac_se_prepare_mv(fast)
# Loading work.cabac_se_prepare_mvd(fast)
# Loading work.cabac_se_prepare_tu(fast)
# Loading work.cabac_se_prepare_coeff(fast)
# Loading work.cabac_se_prepare_coeff_last_sig_xy(fast)
# Loading work.cabac_se_prepare_amplitude_of_coeff(fast)
# Loading work.cabac_se_prepare_sig_coeff_ctx(fast)
# Loading work.coe_addr_trans(fast)
# Loading work.cabac_pipo(fast)
# Loading work.cabac_bina(fast)
# Loading work.cabac_bina_lut(fast)
# Loading work.cabac_bina_BSleft(fast)
# Loading work.cabac_bina_BSright(fast)
# Loading work.cabac_bina_FC(fast)
# Loading work.cabac_bina_BS1sleft(fast)
# Loading work.cabac_bina_BS1sright(fast)
# Loading work.cabac_binsort(fast)
# Loading work.cabac_ucontext(fast)
# Loading work.cabac_ucontext_t(fast)
# Loading work.cabac_ucontext_tt(fast)
# Loading work.cabac_rlps4(fast)
# Loading work.cabac_rlps4_1bin(fast)
# Loading work.cabac_urange4(fast)
# Loading work.cabac_urange4_full(fast)
# Loading work.cabac_binmix(fast)
# Loading work.cabac_ulow(fast)
# Loading work.cabac_ulow_1bin(fast)
# Loading work.cabac_ulow_refine(fast)
# Loading work.cabac_bitpack(fast)
# Loading work.enc_data_pipeline(fast)
# Loading work.glbl(fast)
# 1
# 1
# .main_pane.wave.interior.cs.body.pw.wf
# .main_pane.structure.interior.cs.body.struct
# .main_pane.objects.interior.cs.body.tree
# ** Warning: (vsim-3534) [FOFIR] - Failed to open file "./tv/rc_coefficient.txt" for reading.
# 
# No such file or directory. (errno = ENOENT)    : ../../../../../core/sim/top_testbench/tb_enc_top.v(508)
#    Time: 0 ps  Iteration: 0  Instance: /tb_enc_top
# ** Warning: (vsim-3534) [FOFIR] - Failed to open file "./tv/rc_frameqp.txt" for reading.
# 
# No such file or directory. (errno = ENOENT)    : ../../../../../core/sim/top_testbench/tb_enc_top.v(509)
#    Time: 0 ps  Iteration: 0  Instance: /tb_enc_top
# 	 calling sram_tp_be_behave @tb_enc_top.u_enc_top.u_fetch_top.u_db.u_db_buf0.buf_pre_0.sram_tp_be_behave
# 	 calling sram_tp_be_behave @tb_enc_top.u_enc_top.u_fetch_top.u_db.u_db_buf0.buf_pre_1.sram_tp_be_behave
# 	 calling sram_tp_be_behave @tb_enc_top.u_enc_top.u_fetch_top.u_db.u_db_buf0.buf_pre_2.sram_tp_be_behave
# 	 calling sram_tp_be_behave @tb_enc_top.u_enc_top.u_fetch_top.u_db.u_db_buf0.buf_pre_3.sram_tp_be_behave
# 	 calling sram_tp_be_behave @tb_enc_top.u_enc_top.u_fetch_top.u_db.u_db_buf1.buf_pre_0.sram_tp_be_behave
# 	 calling sram_tp_be_behave @tb_enc_top.u_enc_top.u_fetch_top.u_db.u_db_buf1.buf_pre_1.sram_tp_be_behave
# 	 calling sram_tp_be_behave @tb_enc_top.u_enc_top.u_fetch_top.u_db.u_db_buf1.buf_pre_2.sram_tp_be_behave
# 	 calling sram_tp_be_behave @tb_enc_top.u_enc_top.u_fetch_top.u_db.u_db_buf1.buf_pre_3.sram_tp_be_behave
# 	 calling sram_tp_be_behave @tb_enc_top.u_enc_top.u_fetch_top.u_db.u_db_buf2.buf_pre_0.sram_tp_be_behave
# 	 calling sram_tp_be_behave @tb_enc_top.u_enc_top.u_fetch_top.u_db.u_db_buf2.buf_pre_1.sram_tp_be_behave
# 	 calling sram_tp_be_behave @tb_enc_top.u_enc_top.u_fetch_top.u_db.u_db_buf2.buf_pre_2.sram_tp_be_behave
# 	 calling sram_tp_be_behave @tb_enc_top.u_enc_top.u_fetch_top.u_db.u_db_buf2.buf_pre_3.sram_tp_be_behave
# 	 calling sram_sp_be_behave @tb_enc_top.u_enc_top.u_enc_core.u_posi_top_buf.u_posi_top.posi_memory_wrapper.ram_sp_240x32.sram_sp_be_behave
# 	 calling sram_sp_be_behave @tb_enc_top.u_enc_top.u_enc_core.u_posi_top_buf.u_posi_top.posi_memory_wrapper.ram_sp_256x32.sram_sp_be_behave
# 	 calling sram_sp_be_behave @tb_enc_top.u_enc_top.u_enc_core.u_posi_top_buf.u_posi_top.posi_memory_wrapper.ram_sp_1024x32.sram_sp_be_behave
# 	 calling sram_sp_be_behave @tb_enc_top.u_enc_top.u_enc_core.u_ime_top_buf.u_ime_top.ime_ver_mem.vertical_memory.sram_sp_be_behave
# 	 calling sram_sp_be_behave @tb_enc_top.u_enc_top.u_enc_core.u_fme_top_buf.fme_rec_mem_0.m_buf_cef_0.sram_sp_be_behave
# 	 calling sram_sp_be_behave @tb_enc_top.u_enc_top.u_enc_core.u_fme_top_buf.fme_rec_mem_0.m_buf_cef_1.sram_sp_be_behave
# 	 calling sram_sp_be_behave @tb_enc_top.u_enc_top.u_enc_core.u_fme_top_buf.fme_rec_mem_0.m_buf_cef_2.sram_sp_be_behave
# 	 calling sram_sp_be_behave @tb_enc_top.u_enc_top.u_enc_core.u_fme_top_buf.fme_rec_mem_0.m_buf_cef_3.sram_sp_be_behave
# 	 calling sram_sp_be_behave @tb_enc_top.u_enc_top.u_enc_core.u_fme_top_buf.fme_rec_mem_1.m_buf_cef_0.sram_sp_be_behave
# 	 calling sram_sp_be_behave @tb_enc_top.u_enc_top.u_enc_core.u_fme_top_buf.fme_rec_mem_1.m_buf_cef_1.sram_sp_be_behave
# 	 calling sram_sp_be_behave @tb_enc_top.u_enc_top.u_enc_core.u_fme_top_buf.fme_rec_mem_1.m_buf_cef_2.sram_sp_be_behave
# 	 calling sram_sp_be_behave @tb_enc_top.u_enc_top.u_enc_core.u_fme_top_buf.fme_rec_mem_1.m_buf_cef_3.sram_sp_be_behave
# 	 calling sram_sp_be_behave @tb_enc_top.u_enc_top.u_enc_core.u_rec_top.u_intra_top.u_intra_buf_wrapper.m_buf_row.sram_sp_be_behave
# 	 calling sram_sp_be_behave @tb_enc_top.u_enc_top.u_enc_core.u_rec_top.u_intra_top.u_intra_buf_wrapper.m_buf_col.sram_sp_be_behave
# 	 calling sram_sp_be_behave @tb_enc_top.u_enc_top.u_enc_core.u_rec_top.u_intra_top.u_intra_buf_wrapper.m_buf_fra.sram_sp_be_behave
# 	 calling sram_tp_be_behave @tb_enc_top.u_enc_top.u_enc_core.u_rec_top.u_rec_buf_wrapper.u_buf_pre.m_buf_pre_0.sram_tp_be_behave
# 	 calling sram_tp_be_behave @tb_enc_top.u_enc_top.u_enc_core.u_rec_top.u_rec_buf_wrapper.u_buf_pre.m_buf_pre_1.sram_tp_be_behave
# 	 calling sram_tp_be_behave @tb_enc_top.u_enc_top.u_enc_core.u_rec_top.u_rec_buf_wrapper.u_buf_pre.m_buf_pre_2.sram_tp_be_behave
# 	 calling sram_tp_be_behave @tb_enc_top.u_enc_top.u_enc_core.u_rec_top.u_rec_buf_wrapper.u_buf_pre.m_buf_pre_3.sram_tp_be_behave
# 	 calling sram_sp_be_behave @tb_enc_top.u_enc_top.u_enc_core.u_rec_top.u_rec_buf_wrapper.u_buf_cef_rot.u_buf_cef_a.m_buf_cef_0.sram_sp_be_behave
# 	 calling sram_sp_be_behave @tb_enc_top.u_enc_top.u_enc_core.u_rec_top.u_rec_buf_wrapper.u_buf_cef_rot.u_buf_cef_a.m_buf_cef_1.sram_sp_be_behave
# 	 calling sram_sp_be_behave @tb_enc_top.u_enc_top.u_enc_core.u_rec_top.u_rec_buf_wrapper.u_buf_cef_rot.u_buf_cef_a.m_buf_cef_2.sram_sp_be_behave
# 	 calling sram_sp_be_behave @tb_enc_top.u_enc_top.u_enc_core.u_rec_top.u_rec_buf_wrapper.u_buf_cef_rot.u_buf_cef_a.m_buf_cef_3.sram_sp_be_behave
# 	 calling sram_sp_be_behave @tb_enc_top.u_enc_top.u_enc_core.u_rec_top.u_rec_buf_wrapper.u_buf_cef_rot.u_buf_cef_b.m_buf_cef_0.sram_sp_be_behave
# 	 calling sram_sp_be_behave @tb_enc_top.u_enc_top.u_enc_core.u_rec_top.u_rec_buf_wrapper.u_buf_cef_rot.u_buf_cef_b.m_buf_cef_1.sram_sp_be_behave
# 	 calling sram_sp_be_behave @tb_enc_top.u_enc_top.u_enc_core.u_rec_top.u_rec_buf_wrapper.u_buf_cef_rot.u_buf_cef_b.m_buf_cef_2.sram_sp_be_behave
# 	 calling sram_sp_be_behave @tb_enc_top.u_enc_top.u_enc_core.u_rec_top.u_rec_buf_wrapper.u_buf_cef_rot.u_buf_cef_b.m_buf_cef_3.sram_sp_be_behave
# 	 calling sram_sp_be_behave @tb_enc_top.u_enc_top.u_enc_core.u_rec_top.u_rec_buf_wrapper.u_buf_cef_rot.u_buf_cef_c.m_buf_cef_0.sram_sp_be_behave
# 	 calling sram_sp_be_behave @tb_enc_top.u_enc_top.u_enc_core.u_rec_top.u_rec_buf_wrapper.u_buf_cef_rot.u_buf_cef_c.m_buf_cef_1.sram_sp_be_behave
# 	 calling sram_sp_be_behave @tb_enc_top.u_enc_top.u_enc_core.u_rec_top.u_rec_buf_wrapper.u_buf_cef_rot.u_buf_cef_c.m_buf_cef_2.sram_sp_be_behave
# 	 calling sram_sp_be_behave @tb_enc_top.u_enc_top.u_enc_core.u_rec_top.u_rec_buf_wrapper.u_buf_cef_rot.u_buf_cef_c.m_buf_cef_3.sram_sp_be_behave
# 	 calling sram_sp_be_behave @tb_enc_top.u_enc_top.u_enc_core.u_rec_top.u_rec_buf_wrapper.u_buf_rec.u_buf_rec_a.m_buf_cef_0.sram_sp_be_behave
# 	 calling sram_sp_be_behave @tb_enc_top.u_enc_top.u_enc_core.u_rec_top.u_rec_buf_wrapper.u_buf_rec.u_buf_rec_a.m_buf_cef_1.sram_sp_be_behave
# 	 calling sram_sp_be_behave @tb_enc_top.u_enc_top.u_enc_core.u_rec_top.u_rec_buf_wrapper.u_buf_rec.u_buf_rec_a.m_buf_cef_2.sram_sp_be_behave
# 	 calling sram_sp_be_behave @tb_enc_top.u_enc_top.u_enc_core.u_rec_top.u_rec_buf_wrapper.u_buf_rec.u_buf_rec_a.m_buf_cef_3.sram_sp_be_behave
# 	 calling sram_sp_be_behave @tb_enc_top.u_enc_top.u_enc_core.u_rec_top.u_rec_buf_wrapper.u_buf_rec.u_buf_rec_b.m_buf_cef_0.sram_sp_be_behave
# 	 calling sram_sp_be_behave @tb_enc_top.u_enc_top.u_enc_core.u_rec_top.u_rec_buf_wrapper.u_buf_rec.u_buf_rec_b.m_buf_cef_1.sram_sp_be_behave
# 	 calling sram_sp_be_behave @tb_enc_top.u_enc_top.u_enc_core.u_rec_top.u_rec_buf_wrapper.u_buf_rec.u_buf_rec_b.m_buf_cef_2.sram_sp_be_behave
# 	 calling sram_sp_be_behave @tb_enc_top.u_enc_top.u_enc_core.u_rec_top.u_rec_buf_wrapper.u_buf_rec.u_buf_rec_b.m_buf_cef_3.sram_sp_be_behave
# 	 calling sram_sp_be_behave @tb_enc_top.u_enc_top.u_enc_core.u_rec_top.u_rec_buf_wrapper.u_buf_mvd.ram_sp_be_64x23_a.sram_sp_be_behave
# 	 calling sram_sp_be_behave @tb_enc_top.u_enc_top.u_enc_core.u_rec_top.u_rec_buf_wrapper.u_buf_mvd.ram_sp_be_64x23_b.sram_sp_be_behave
# 	 calling sram_sp_be_behave @tb_enc_top.u_enc_top.u_enc_core.u_rec_top.u_rec_buf_wrapper.u_buf_mvd.ram_sp_be_64x23_c.sram_sp_be_behave
# 	at 00000100, Frame Number = 00, mb_x_first = 00, mb_y_first = 00
# End time: 20:14:33 on Apr 24,2023, Elapsed time: 0:05:38
# Errors: 0, Warnings: 2
